{
  "numFailedTestSuites": 0,
  "numFailedTests": 0,
  "numPassedTestSuites": 23,
  "numPassedTests": 113,
  "numPendingTestSuites": 0,
  "numPendingTests": 0,
  "numRuntimeErrorTestSuites": 0,
  "numTodoTests": 0,
  "numTotalTestSuites": 23,
  "numTotalTests": 113,
  "openHandles": [],
  "snapshot": {
    "added": 0,
    "didUpdate": false,
    "failure": false,
    "filesAdded": 0,
    "filesRemoved": 0,
    "filesRemovedList": [],
    "filesUnmatched": 0,
    "filesUpdated": 0,
    "matched": 0,
    "total": 0,
    "unchecked": 0,
    "uncheckedKeysByFile": [],
    "unmatched": 0,
    "updated": 0
  },
  "startTime": 1763593898538,
  "success": true,
  "testResults": [
    {
      "assertionResults": [
        {
          "ancestorTitles": [
            "[docs/stories/001.0-DEV-PLUGIN-SETUP.story.md] CLI Integration (traceability plugin)"
          ],
          "duration": 362,
          "failing": false,
          "failureDetails": [],
          "failureMessages": [],
          "fullName": "[docs/stories/001.0-DEV-PLUGIN-SETUP.story.md] CLI Integration (traceability plugin) [REQ-PLUGIN-STRUCTURE] reports error when @story annotation is missing",
          "invocations": 1,
          "location": null,
          "numPassingAsserts": 1,
          "retryReasons": [],
          "startAt": 1763593900807,
          "status": "passed",
          "title": "[REQ-PLUGIN-STRUCTURE] reports error when @story annotation is missing"
        },
        {
          "ancestorTitles": [
            "[docs/stories/001.0-DEV-PLUGIN-SETUP.story.md] CLI Integration (traceability plugin)"
          ],
          "duration": 240,
          "failing": false,
          "failureDetails": [],
          "failureMessages": [],
          "fullName": "[docs/stories/001.0-DEV-PLUGIN-SETUP.story.md] CLI Integration (traceability plugin) [REQ-PLUGIN-STRUCTURE] does not report error when @story annotation is present",
          "invocations": 1,
          "location": null,
          "numPassingAsserts": 1,
          "retryReasons": [],
          "startAt": 1763593901169,
          "status": "passed",
          "title": "[REQ-PLUGIN-STRUCTURE] does not report error when @story annotation is present"
        },
        {
          "ancestorTitles": [
            "[docs/stories/001.0-DEV-PLUGIN-SETUP.story.md] CLI Integration (traceability plugin)"
          ],
          "duration": 241,
          "failing": false,
          "failureDetails": [],
          "failureMessages": [],
          "fullName": "[docs/stories/001.0-DEV-PLUGIN-SETUP.story.md] CLI Integration (traceability plugin) [REQ-PLUGIN-STRUCTURE] reports error when @req annotation is missing",
          "invocations": 1,
          "location": null,
          "numPassingAsserts": 1,
          "retryReasons": [],
          "startAt": 1763593901410,
          "status": "passed",
          "title": "[REQ-PLUGIN-STRUCTURE] reports error when @req annotation is missing"
        },
        {
          "ancestorTitles": [
            "[docs/stories/001.0-DEV-PLUGIN-SETUP.story.md] CLI Integration (traceability plugin)"
          ],
          "duration": 241,
          "failing": false,
          "failureDetails": [],
          "failureMessages": [],
          "fullName": "[docs/stories/001.0-DEV-PLUGIN-SETUP.story.md] CLI Integration (traceability plugin) [REQ-PLUGIN-STRUCTURE] reports error when @story annotation uses path traversal and @req annotation uses path traversal",
          "invocations": 1,
          "location": null,
          "numPassingAsserts": 1,
          "retryReasons": [],
          "startAt": 1763593901652,
          "status": "passed",
          "title": "[REQ-PLUGIN-STRUCTURE] reports error when @story annotation uses path traversal and @req annotation uses path traversal"
        },
        {
          "ancestorTitles": [
            "[docs/stories/001.0-DEV-PLUGIN-SETUP.story.md] CLI Integration (traceability plugin)"
          ],
          "duration": 237,
          "failing": false,
          "failureDetails": [],
          "failureMessages": [],
          "fullName": "[docs/stories/001.0-DEV-PLUGIN-SETUP.story.md] CLI Integration (traceability plugin) [REQ-PLUGIN-STRUCTURE] reports error when @story annotation uses absolute path and @req annotation uses absolute path",
          "invocations": 1,
          "location": null,
          "numPassingAsserts": 1,
          "retryReasons": [],
          "startAt": 1763593901893,
          "status": "passed",
          "title": "[REQ-PLUGIN-STRUCTURE] reports error when @story annotation uses absolute path and @req annotation uses absolute path"
        }
      ],
      "endTime": 1763593902169,
      "message": "",
      "name": "/Users/tomhoward/Projects/eslint-plugin-traceability/tests/integration/cli-integration.test.ts",
      "startTime": 1763593898677,
      "status": "passed",
      "summary": ""
    },
    {
      "assertionResults": [
        {
          "ancestorTitles": [
            "annotation-checker helper",
            "annotation-checker",
            "valid"
          ],
          "duration": 26,
          "failing": false,
          "failureDetails": [],
          "failureMessages": [],
          "fullName": "annotation-checker helper annotation-checker valid [REQ-TYPESCRIPT-SUPPORT] valid TSDeclareFunction with @req",
          "invocations": 1,
          "location": null,
          "numPassingAsserts": 0,
          "retryReasons": [],
          "startAt": 1763593902682,
          "status": "passed",
          "title": "[REQ-TYPESCRIPT-SUPPORT] valid TSDeclareFunction with @req"
        },
        {
          "ancestorTitles": [
            "annotation-checker helper",
            "annotation-checker",
            "valid"
          ],
          "duration": 3,
          "failing": false,
          "failureDetails": [],
          "failureMessages": [],
          "fullName": "annotation-checker helper annotation-checker valid [REQ-TYPESCRIPT-SUPPORT] valid TSMethodSignature with @req",
          "invocations": 1,
          "location": null,
          "numPassingAsserts": 0,
          "retryReasons": [],
          "startAt": 1763593902708,
          "status": "passed",
          "title": "[REQ-TYPESCRIPT-SUPPORT] valid TSMethodSignature with @req"
        },
        {
          "ancestorTitles": [
            "annotation-checker helper",
            "annotation-checker",
            "invalid"
          ],
          "duration": 4,
          "failing": false,
          "failureDetails": [],
          "failureMessages": [],
          "fullName": "annotation-checker helper annotation-checker invalid [REQ-TYPESCRIPT-SUPPORT] missing @req on TSDeclareFunction",
          "invocations": 1,
          "location": null,
          "numPassingAsserts": 0,
          "retryReasons": [],
          "startAt": 1763593902711,
          "status": "passed",
          "title": "[REQ-TYPESCRIPT-SUPPORT] missing @req on TSDeclareFunction"
        },
        {
          "ancestorTitles": [
            "annotation-checker helper",
            "annotation-checker",
            "invalid"
          ],
          "duration": 2,
          "failing": false,
          "failureDetails": [],
          "failureMessages": [],
          "fullName": "annotation-checker helper annotation-checker invalid [REQ-TYPESCRIPT-SUPPORT] missing @req on TSMethodSignature",
          "invocations": 1,
          "location": null,
          "numPassingAsserts": 0,
          "retryReasons": [],
          "startAt": 1763593902715,
          "status": "passed",
          "title": "[REQ-TYPESCRIPT-SUPPORT] missing @req on TSMethodSignature"
        }
      ],
      "endTime": 1763593902778,
      "message": "",
      "name": "/Users/tomhoward/Projects/eslint-plugin-traceability/tests/utils/annotation-checker.test.ts",
      "startTime": 1763593902176,
      "status": "passed",
      "summary": ""
    },
    {
      "assertionResults": [
        {
          "ancestorTitles": [
            "CLI Error Handling for Traceability Plugin (Story 001.0-DEV-PLUGIN-SETUP)"
          ],
          "duration": 265,
          "failing": false,
          "failureDetails": [],
          "failureMessages": [],
          "fullName": "CLI Error Handling for Traceability Plugin (Story 001.0-DEV-PLUGIN-SETUP) [REQ-ERROR-HANDLING] should exit with error when rule module missing",
          "invocations": 1,
          "location": null,
          "numPassingAsserts": 2,
          "retryReasons": [],
          "startAt": 1763593902932,
          "status": "passed",
          "title": "[REQ-ERROR-HANDLING] should exit with error when rule module missing"
        }
      ],
      "endTime": 1763593903229,
      "message": "",
      "name": "/Users/tomhoward/Projects/eslint-plugin-traceability/tests/cli-error-handling.test.ts",
      "startTime": 1763593902788,
      "status": "passed",
      "summary": ""
    },
    {
      "assertionResults": [
        {
          "ancestorTitles": [
            "Require Story Annotation Rule (Story 003.0-DEV-FUNCTION-ANNOTATIONS)",
            "require-story-annotation",
            "valid"
          ],
          "duration": 20,
          "failing": false,
          "failureDetails": [],
          "failureMessages": [],
          "fullName": "Require Story Annotation Rule (Story 003.0-DEV-FUNCTION-ANNOTATIONS) require-story-annotation valid [REQ-ANNOTATION-REQUIRED] valid with JSDoc @story annotation",
          "invocations": 1,
          "location": null,
          "numPassingAsserts": 0,
          "retryReasons": [],
          "startAt": 1763593903752,
          "status": "passed",
          "title": "[REQ-ANNOTATION-REQUIRED] valid with JSDoc @story annotation"
        },
        {
          "ancestorTitles": [
            "Require Story Annotation Rule (Story 003.0-DEV-FUNCTION-ANNOTATIONS)",
            "require-story-annotation",
            "valid"
          ],
          "duration": 1,
          "failing": false,
          "failureDetails": [],
          "failureMessages": [],
          "fullName": "Require Story Annotation Rule (Story 003.0-DEV-FUNCTION-ANNOTATIONS) require-story-annotation valid [REQ-ANNOTATION-REQUIRED] valid with line comment @story annotation",
          "invocations": 1,
          "location": null,
          "numPassingAsserts": 0,
          "retryReasons": [],
          "startAt": 1763593903773,
          "status": "passed",
          "title": "[REQ-ANNOTATION-REQUIRED] valid with line comment @story annotation"
        },
        {
          "ancestorTitles": [
            "Require Story Annotation Rule (Story 003.0-DEV-FUNCTION-ANNOTATIONS)",
            "require-story-annotation",
            "valid"
          ],
          "duration": 3,
          "failing": false,
          "failureDetails": [],
          "failureMessages": [],
          "fullName": "Require Story Annotation Rule (Story 003.0-DEV-FUNCTION-ANNOTATIONS) require-story-annotation valid [REQ-ANNOTATION-REQUIRED] valid on function expression with annotation",
          "invocations": 1,
          "location": null,
          "numPassingAsserts": 0,
          "retryReasons": [],
          "startAt": 1763593903774,
          "status": "passed",
          "title": "[REQ-ANNOTATION-REQUIRED] valid on function expression with annotation"
        },
        {
          "ancestorTitles": [
            "Require Story Annotation Rule (Story 003.0-DEV-FUNCTION-ANNOTATIONS)",
            "require-story-annotation",
            "valid"
          ],
          "duration": 1,
          "failing": false,
          "failureDetails": [],
          "failureMessages": [],
          "fullName": "Require Story Annotation Rule (Story 003.0-DEV-FUNCTION-ANNOTATIONS) require-story-annotation valid [REQ-ANNOTATION-REQUIRED] valid on arrow function with annotation",
          "invocations": 1,
          "location": null,
          "numPassingAsserts": 0,
          "retryReasons": [],
          "startAt": 1763593903777,
          "status": "passed",
          "title": "[REQ-ANNOTATION-REQUIRED] valid on arrow function with annotation"
        },
        {
          "ancestorTitles": [
            "Require Story Annotation Rule (Story 003.0-DEV-FUNCTION-ANNOTATIONS)",
            "require-story-annotation",
            "valid"
          ],
          "duration": 2,
          "failing": false,
          "failureDetails": [],
          "failureMessages": [],
          "fullName": "Require Story Annotation Rule (Story 003.0-DEV-FUNCTION-ANNOTATIONS) require-story-annotation valid [REQ-ANNOTATION-REQUIRED] valid on class method with annotation",
          "invocations": 1,
          "location": null,
          "numPassingAsserts": 0,
          "retryReasons": [],
          "startAt": 1763593903778,
          "status": "passed",
          "title": "[REQ-ANNOTATION-REQUIRED] valid on class method with annotation"
        },
        {
          "ancestorTitles": [
            "Require Story Annotation Rule (Story 003.0-DEV-FUNCTION-ANNOTATIONS)",
            "require-story-annotation",
            "valid"
          ],
          "duration": 10,
          "failing": false,
          "failureDetails": [],
          "failureMessages": [],
          "fullName": "Require Story Annotation Rule (Story 003.0-DEV-FUNCTION-ANNOTATIONS) require-story-annotation valid [REQ-FUNCTION-DETECTION] valid with annotation on TS declare function",
          "invocations": 1,
          "location": null,
          "numPassingAsserts": 0,
          "retryReasons": [],
          "startAt": 1763593903780,
          "status": "passed",
          "title": "[REQ-FUNCTION-DETECTION] valid with annotation on TS declare function"
        },
        {
          "ancestorTitles": [
            "Require Story Annotation Rule (Story 003.0-DEV-FUNCTION-ANNOTATIONS)",
            "require-story-annotation",
            "valid"
          ],
          "duration": 2,
          "failing": false,
          "failureDetails": [],
          "failureMessages": [],
          "fullName": "Require Story Annotation Rule (Story 003.0-DEV-FUNCTION-ANNOTATIONS) require-story-annotation valid [REQ-FUNCTION-DETECTION] valid with annotation on TS method signature",
          "invocations": 1,
          "location": null,
          "numPassingAsserts": 0,
          "retryReasons": [],
          "startAt": 1763593903790,
          "status": "passed",
          "title": "[REQ-FUNCTION-DETECTION] valid with annotation on TS method signature"
        },
        {
          "ancestorTitles": [
            "Require Story Annotation Rule (Story 003.0-DEV-FUNCTION-ANNOTATIONS)",
            "require-story-annotation",
            "invalid"
          ],
          "duration": 3,
          "failing": false,
          "failureDetails": [],
          "failureMessages": [],
          "fullName": "Require Story Annotation Rule (Story 003.0-DEV-FUNCTION-ANNOTATIONS) require-story-annotation invalid [REQ-ANNOTATION-REQUIRED] missing @story annotation on function",
          "invocations": 1,
          "location": null,
          "numPassingAsserts": 0,
          "retryReasons": [],
          "startAt": 1763593903792,
          "status": "passed",
          "title": "[REQ-ANNOTATION-REQUIRED] missing @story annotation on function"
        },
        {
          "ancestorTitles": [
            "Require Story Annotation Rule (Story 003.0-DEV-FUNCTION-ANNOTATIONS)",
            "require-story-annotation",
            "invalid"
          ],
          "duration": 2,
          "failing": false,
          "failureDetails": [],
          "failureMessages": [],
          "fullName": "Require Story Annotation Rule (Story 003.0-DEV-FUNCTION-ANNOTATIONS) require-story-annotation invalid [REQ-ANNOTATION-REQUIRED] missing @story on function expression",
          "invocations": 1,
          "location": null,
          "numPassingAsserts": 0,
          "retryReasons": [],
          "startAt": 1763593903795,
          "status": "passed",
          "title": "[REQ-ANNOTATION-REQUIRED] missing @story on function expression"
        },
        {
          "ancestorTitles": [
            "Require Story Annotation Rule (Story 003.0-DEV-FUNCTION-ANNOTATIONS)",
            "require-story-annotation",
            "invalid"
          ],
          "duration": 1,
          "failing": false,
          "failureDetails": [],
          "failureMessages": [],
          "fullName": "Require Story Annotation Rule (Story 003.0-DEV-FUNCTION-ANNOTATIONS) require-story-annotation invalid [REQ-ANNOTATION-REQUIRED] missing @story on arrow function",
          "invocations": 1,
          "location": null,
          "numPassingAsserts": 0,
          "retryReasons": [],
          "startAt": 1763593903797,
          "status": "passed",
          "title": "[REQ-ANNOTATION-REQUIRED] missing @story on arrow function"
        },
        {
          "ancestorTitles": [
            "Require Story Annotation Rule (Story 003.0-DEV-FUNCTION-ANNOTATIONS)",
            "require-story-annotation",
            "invalid"
          ],
          "duration": 1,
          "failing": false,
          "failureDetails": [],
          "failureMessages": [],
          "fullName": "Require Story Annotation Rule (Story 003.0-DEV-FUNCTION-ANNOTATIONS) require-story-annotation invalid [REQ-ANNOTATION-REQUIRED] missing @story on class method",
          "invocations": 1,
          "location": null,
          "numPassingAsserts": 0,
          "retryReasons": [],
          "startAt": 1763593903799,
          "status": "passed",
          "title": "[REQ-ANNOTATION-REQUIRED] missing @story on class method"
        },
        {
          "ancestorTitles": [
            "Require Story Annotation Rule (Story 003.0-DEV-FUNCTION-ANNOTATIONS)",
            "require-story-annotation",
            "invalid"
          ],
          "duration": 3,
          "failing": false,
          "failureDetails": [],
          "failureMessages": [],
          "fullName": "Require Story Annotation Rule (Story 003.0-DEV-FUNCTION-ANNOTATIONS) require-story-annotation invalid [REQ-ANNOTATION-REQUIRED] missing @story on TS declare function",
          "invocations": 1,
          "location": null,
          "numPassingAsserts": 0,
          "retryReasons": [],
          "startAt": 1763593903800,
          "status": "passed",
          "title": "[REQ-ANNOTATION-REQUIRED] missing @story on TS declare function"
        },
        {
          "ancestorTitles": [
            "Require Story Annotation Rule (Story 003.0-DEV-FUNCTION-ANNOTATIONS)",
            "require-story-annotation",
            "invalid"
          ],
          "duration": 2,
          "failing": false,
          "failureDetails": [],
          "failureMessages": [],
          "fullName": "Require Story Annotation Rule (Story 003.0-DEV-FUNCTION-ANNOTATIONS) require-story-annotation invalid [REQ-ANNOTATION-REQUIRED] missing @story on TS method signature",
          "invocations": 1,
          "location": null,
          "numPassingAsserts": 0,
          "retryReasons": [],
          "startAt": 1763593903803,
          "status": "passed",
          "title": "[REQ-ANNOTATION-REQUIRED] missing @story on TS method signature"
        },
        {
          "ancestorTitles": [
            "Require Story Annotation Rule (Story 003.0-DEV-FUNCTION-ANNOTATIONS)",
            "require-story-annotation with exportPriority option",
            "valid"
          ],
          "duration": 1,
          "failing": false,
          "failureDetails": [],
          "failureMessages": [],
          "fullName": "Require Story Annotation Rule (Story 003.0-DEV-FUNCTION-ANNOTATIONS) require-story-annotation with exportPriority option valid [exportPriority] unexported function without @story should be valid",
          "invocations": 1,
          "location": null,
          "numPassingAsserts": 0,
          "retryReasons": [],
          "startAt": 1763593903805,
          "status": "passed",
          "title": "[exportPriority] unexported function without @story should be valid"
        },
        {
          "ancestorTitles": [
            "Require Story Annotation Rule (Story 003.0-DEV-FUNCTION-ANNOTATIONS)",
            "require-story-annotation with exportPriority option",
            "valid"
          ],
          "duration": 1,
          "failing": false,
          "failureDetails": [],
          "failureMessages": [],
          "fullName": "Require Story Annotation Rule (Story 003.0-DEV-FUNCTION-ANNOTATIONS) require-story-annotation with exportPriority option valid [exportPriority] exported with annotation",
          "invocations": 1,
          "location": null,
          "numPassingAsserts": 0,
          "retryReasons": [],
          "startAt": 1763593903806,
          "status": "passed",
          "title": "[exportPriority] exported with annotation"
        },
        {
          "ancestorTitles": [
            "Require Story Annotation Rule (Story 003.0-DEV-FUNCTION-ANNOTATIONS)",
            "require-story-annotation with exportPriority option",
            "invalid"
          ],
          "duration": 2,
          "failing": false,
          "failureDetails": [],
          "failureMessages": [],
          "fullName": "Require Story Annotation Rule (Story 003.0-DEV-FUNCTION-ANNOTATIONS) require-story-annotation with exportPriority option invalid [exportPriority] exported function missing @story annotation",
          "invocations": 1,
          "location": null,
          "numPassingAsserts": 0,
          "retryReasons": [],
          "startAt": 1763593903807,
          "status": "passed",
          "title": "[exportPriority] exported function missing @story annotation"
        },
        {
          "ancestorTitles": [
            "Require Story Annotation Rule (Story 003.0-DEV-FUNCTION-ANNOTATIONS)",
            "require-story-annotation with exportPriority option",
            "invalid"
          ],
          "duration": 2,
          "failing": false,
          "failureDetails": [],
          "failureMessages": [],
          "fullName": "Require Story Annotation Rule (Story 003.0-DEV-FUNCTION-ANNOTATIONS) require-story-annotation with exportPriority option invalid [exportPriority] exported arrow function missing @story annotation",
          "invocations": 1,
          "location": null,
          "numPassingAsserts": 0,
          "retryReasons": [],
          "startAt": 1763593903809,
          "status": "passed",
          "title": "[exportPriority] exported arrow function missing @story annotation"
        },
        {
          "ancestorTitles": [
            "Require Story Annotation Rule (Story 003.0-DEV-FUNCTION-ANNOTATIONS)",
            "require-story-annotation with scope option",
            "valid"
          ],
          "duration": 1,
          "failing": false,
          "failureDetails": [],
          "failureMessages": [],
          "fullName": "Require Story Annotation Rule (Story 003.0-DEV-FUNCTION-ANNOTATIONS) require-story-annotation with scope option valid [scope] arrow function ignored when scope is FunctionDeclaration",
          "invocations": 1,
          "location": null,
          "numPassingAsserts": 0,
          "retryReasons": [],
          "startAt": 1763593903811,
          "status": "passed",
          "title": "[scope] arrow function ignored when scope is FunctionDeclaration"
        },
        {
          "ancestorTitles": [
            "Require Story Annotation Rule (Story 003.0-DEV-FUNCTION-ANNOTATIONS)",
            "require-story-annotation with scope option",
            "invalid"
          ],
          "duration": 1,
          "failing": false,
          "failureDetails": [],
          "failureMessages": [],
          "fullName": "Require Story Annotation Rule (Story 003.0-DEV-FUNCTION-ANNOTATIONS) require-story-annotation with scope option invalid [scope] function declaration missing annotation when scope is FunctionDeclaration",
          "invocations": 1,
          "location": null,
          "numPassingAsserts": 0,
          "retryReasons": [],
          "startAt": 1763593903812,
          "status": "passed",
          "title": "[scope] function declaration missing annotation when scope is FunctionDeclaration"
        }
      ],
      "endTime": 1763593903883,
      "message": "",
      "name": "/Users/tomhoward/Projects/eslint-plugin-traceability/tests/rules/require-story-annotation.test.ts",
      "startTime": 1763593903233,
      "status": "passed",
      "summary": ""
    },
    {
      "assertionResults": [
        {
          "ancestorTitles": [
            "Require Branch Annotation Rule (Story 004.0-DEV-BRANCH-ANNOTATIONS)",
            "require-branch-annotation",
            "valid"
          ],
          "duration": 19,
          "failing": false,
          "failureDetails": [],
          "failureMessages": [],
          "fullName": "Require Branch Annotation Rule (Story 004.0-DEV-BRANCH-ANNOTATIONS) require-branch-annotation valid [REQ-BRANCH-DETECTION] valid fallback scanning comment detection",
          "invocations": 1,
          "location": null,
          "numPassingAsserts": 0,
          "retryReasons": [],
          "startAt": 1763593904144,
          "status": "passed",
          "title": "[REQ-BRANCH-DETECTION] valid fallback scanning comment detection"
        },
        {
          "ancestorTitles": [
            "Require Branch Annotation Rule (Story 004.0-DEV-BRANCH-ANNOTATIONS)",
            "require-branch-annotation",
            "valid"
          ],
          "duration": 1,
          "failing": false,
          "failureDetails": [],
          "failureMessages": [],
          "fullName": "Require Branch Annotation Rule (Story 004.0-DEV-BRANCH-ANNOTATIONS) require-branch-annotation valid [REQ-BRANCH-DETECTION] valid if-statement with annotations",
          "invocations": 1,
          "location": null,
          "numPassingAsserts": 0,
          "retryReasons": [],
          "startAt": 1763593904164,
          "status": "passed",
          "title": "[REQ-BRANCH-DETECTION] valid if-statement with annotations"
        },
        {
          "ancestorTitles": [
            "Require Branch Annotation Rule (Story 004.0-DEV-BRANCH-ANNOTATIONS)",
            "require-branch-annotation",
            "valid"
          ],
          "duration": 2,
          "failing": false,
          "failureDetails": [],
          "failureMessages": [],
          "fullName": "Require Branch Annotation Rule (Story 004.0-DEV-BRANCH-ANNOTATIONS) require-branch-annotation valid [REQ-BRANCH-DETECTION] valid for loop with block comment annotations",
          "invocations": 1,
          "location": null,
          "numPassingAsserts": 0,
          "retryReasons": [],
          "startAt": 1763593904166,
          "status": "passed",
          "title": "[REQ-BRANCH-DETECTION] valid for loop with block comment annotations"
        },
        {
          "ancestorTitles": [
            "Require Branch Annotation Rule (Story 004.0-DEV-BRANCH-ANNOTATIONS)",
            "require-branch-annotation",
            "valid"
          ],
          "duration": 1,
          "failing": false,
          "failureDetails": [],
          "failureMessages": [],
          "fullName": "Require Branch Annotation Rule (Story 004.0-DEV-BRANCH-ANNOTATIONS) require-branch-annotation valid [REQ-BRANCH-DETECTION] valid switch-case with annotations",
          "invocations": 1,
          "location": null,
          "numPassingAsserts": 0,
          "retryReasons": [],
          "startAt": 1763593904169,
          "status": "passed",
          "title": "[REQ-BRANCH-DETECTION] valid switch-case with annotations"
        },
        {
          "ancestorTitles": [
            "Require Branch Annotation Rule (Story 004.0-DEV-BRANCH-ANNOTATIONS)",
            "require-branch-annotation",
            "valid"
          ],
          "duration": 2,
          "failing": false,
          "failureDetails": [],
          "failureMessages": [],
          "fullName": "Require Branch Annotation Rule (Story 004.0-DEV-BRANCH-ANNOTATIONS) require-branch-annotation valid [REQ-BRANCH-DETECTION] valid try-finally with annotations",
          "invocations": 1,
          "location": null,
          "numPassingAsserts": 0,
          "retryReasons": [],
          "startAt": 1763593904170,
          "status": "passed",
          "title": "[REQ-BRANCH-DETECTION] valid try-finally with annotations"
        },
        {
          "ancestorTitles": [
            "Require Branch Annotation Rule (Story 004.0-DEV-BRANCH-ANNOTATIONS)",
            "require-branch-annotation",
            "valid"
          ],
          "duration": 2,
          "failing": false,
          "failureDetails": [],
          "failureMessages": [],
          "fullName": "Require Branch Annotation Rule (Story 004.0-DEV-BRANCH-ANNOTATIONS) require-branch-annotation valid [REQ-BRANCH-DETECTION] valid catch with annotations",
          "invocations": 1,
          "location": null,
          "numPassingAsserts": 0,
          "retryReasons": [],
          "startAt": 1763593904172,
          "status": "passed",
          "title": "[REQ-BRANCH-DETECTION] valid catch with annotations"
        },
        {
          "ancestorTitles": [
            "Require Branch Annotation Rule (Story 004.0-DEV-BRANCH-ANNOTATIONS)",
            "require-branch-annotation",
            "valid"
          ],
          "duration": 1,
          "failing": false,
          "failureDetails": [],
          "failureMessages": [],
          "fullName": "Require Branch Annotation Rule (Story 004.0-DEV-BRANCH-ANNOTATIONS) require-branch-annotation valid [REQ-BRANCH-DETECTION] valid do-while loop with annotations",
          "invocations": 1,
          "location": null,
          "numPassingAsserts": 0,
          "retryReasons": [],
          "startAt": 1763593904174,
          "status": "passed",
          "title": "[REQ-BRANCH-DETECTION] valid do-while loop with annotations"
        },
        {
          "ancestorTitles": [
            "Require Branch Annotation Rule (Story 004.0-DEV-BRANCH-ANNOTATIONS)",
            "require-branch-annotation",
            "valid"
          ],
          "duration": 2,
          "failing": false,
          "failureDetails": [],
          "failureMessages": [],
          "fullName": "Require Branch Annotation Rule (Story 004.0-DEV-BRANCH-ANNOTATIONS) require-branch-annotation valid [REQ-BRANCH-DETECTION] valid for-of loop with annotations",
          "invocations": 1,
          "location": null,
          "numPassingAsserts": 0,
          "retryReasons": [],
          "startAt": 1763593904175,
          "status": "passed",
          "title": "[REQ-BRANCH-DETECTION] valid for-of loop with annotations"
        },
        {
          "ancestorTitles": [
            "Require Branch Annotation Rule (Story 004.0-DEV-BRANCH-ANNOTATIONS)",
            "require-branch-annotation",
            "valid"
          ],
          "duration": 2,
          "failing": false,
          "failureDetails": [],
          "failureMessages": [],
          "fullName": "Require Branch Annotation Rule (Story 004.0-DEV-BRANCH-ANNOTATIONS) require-branch-annotation valid [REQ-BRANCH-DETECTION] valid for-in loop with annotations",
          "invocations": 1,
          "location": null,
          "numPassingAsserts": 0,
          "retryReasons": [],
          "startAt": 1763593904177,
          "status": "passed",
          "title": "[REQ-BRANCH-DETECTION] valid for-in loop with annotations"
        },
        {
          "ancestorTitles": [
            "Require Branch Annotation Rule (Story 004.0-DEV-BRANCH-ANNOTATIONS)",
            "require-branch-annotation",
            "valid"
          ],
          "duration": 1,
          "failing": false,
          "failureDetails": [],
          "failureMessages": [],
          "fullName": "Require Branch Annotation Rule (Story 004.0-DEV-BRANCH-ANNOTATIONS) require-branch-annotation valid [REQ-BRANCH-DETECTION] valid while loop with annotations",
          "invocations": 1,
          "location": null,
          "numPassingAsserts": 0,
          "retryReasons": [],
          "startAt": 1763593904179,
          "status": "passed",
          "title": "[REQ-BRANCH-DETECTION] valid while loop with annotations"
        },
        {
          "ancestorTitles": [
            "Require Branch Annotation Rule (Story 004.0-DEV-BRANCH-ANNOTATIONS)",
            "require-branch-annotation",
            "valid"
          ],
          "duration": 1,
          "failing": false,
          "failureDetails": [],
          "failureMessages": [],
          "fullName": "Require Branch Annotation Rule (Story 004.0-DEV-BRANCH-ANNOTATIONS) require-branch-annotation valid [REQ-BRANCH-DETECTION] valid switch-case with inline annotation",
          "invocations": 1,
          "location": null,
          "numPassingAsserts": 0,
          "retryReasons": [],
          "startAt": 1763593904180,
          "status": "passed",
          "title": "[REQ-BRANCH-DETECTION] valid switch-case with inline annotation"
        },
        {
          "ancestorTitles": [
            "Require Branch Annotation Rule (Story 004.0-DEV-BRANCH-ANNOTATIONS)",
            "require-branch-annotation",
            "valid"
          ],
          "duration": 2,
          "failing": false,
          "failureDetails": [],
          "failureMessages": [],
          "fullName": "Require Branch Annotation Rule (Story 004.0-DEV-BRANCH-ANNOTATIONS) require-branch-annotation valid [REQ-BRANCH-DETECTION] valid default case without annotations",
          "invocations": 1,
          "location": null,
          "numPassingAsserts": 0,
          "retryReasons": [],
          "startAt": 1763593904181,
          "status": "passed",
          "title": "[REQ-BRANCH-DETECTION] valid default case without annotations"
        },
        {
          "ancestorTitles": [
            "Require Branch Annotation Rule (Story 004.0-DEV-BRANCH-ANNOTATIONS)",
            "require-branch-annotation",
            "valid"
          ],
          "duration": 1,
          "failing": false,
          "failureDetails": [],
          "failureMessages": [],
          "fullName": "Require Branch Annotation Rule (Story 004.0-DEV-BRANCH-ANNOTATIONS) require-branch-annotation valid [REQ-CONFIGURABLE-SCOPE] custom branchTypes ignores unlisted branch types",
          "invocations": 1,
          "location": null,
          "numPassingAsserts": 0,
          "retryReasons": [],
          "startAt": 1763593904183,
          "status": "passed",
          "title": "[REQ-CONFIGURABLE-SCOPE] custom branchTypes ignores unlisted branch types"
        },
        {
          "ancestorTitles": [
            "Require Branch Annotation Rule (Story 004.0-DEV-BRANCH-ANNOTATIONS)",
            "require-branch-annotation",
            "valid"
          ],
          "duration": 1,
          "failing": false,
          "failureDetails": [],
          "failureMessages": [],
          "fullName": "Require Branch Annotation Rule (Story 004.0-DEV-BRANCH-ANNOTATIONS) require-branch-annotation valid [REQ-CONFIGURABLE-SCOPE] custom branchTypes only enforce listed types",
          "invocations": 1,
          "location": null,
          "numPassingAsserts": 0,
          "retryReasons": [],
          "startAt": 1763593904186,
          "status": "passed",
          "title": "[REQ-CONFIGURABLE-SCOPE] custom branchTypes only enforce listed types"
        },
        {
          "ancestorTitles": [
            "Require Branch Annotation Rule (Story 004.0-DEV-BRANCH-ANNOTATIONS)",
            "require-branch-annotation",
            "invalid"
          ],
          "duration": 2,
          "failing": false,
          "failureDetails": [],
          "failureMessages": [],
          "fullName": "Require Branch Annotation Rule (Story 004.0-DEV-BRANCH-ANNOTATIONS) require-branch-annotation invalid [REQ-BRANCH-DETECTION] missing annotations on if-statement",
          "invocations": 1,
          "location": null,
          "numPassingAsserts": 0,
          "retryReasons": [],
          "startAt": 1763593904188,
          "status": "passed",
          "title": "[REQ-BRANCH-DETECTION] missing annotations on if-statement"
        },
        {
          "ancestorTitles": [
            "Require Branch Annotation Rule (Story 004.0-DEV-BRANCH-ANNOTATIONS)",
            "require-branch-annotation",
            "invalid"
          ],
          "duration": 2,
          "failing": false,
          "failureDetails": [],
          "failureMessages": [],
          "fullName": "Require Branch Annotation Rule (Story 004.0-DEV-BRANCH-ANNOTATIONS) require-branch-annotation invalid [REQ-BRANCH-DETECTION] missing @req on for loop when only story present",
          "invocations": 1,
          "location": null,
          "numPassingAsserts": 0,
          "retryReasons": [],
          "startAt": 1763593904190,
          "status": "passed",
          "title": "[REQ-BRANCH-DETECTION] missing @req on for loop when only story present"
        },
        {
          "ancestorTitles": [
            "Require Branch Annotation Rule (Story 004.0-DEV-BRANCH-ANNOTATIONS)",
            "require-branch-annotation",
            "invalid"
          ],
          "duration": 2,
          "failing": false,
          "failureDetails": [],
          "failureMessages": [],
          "fullName": "Require Branch Annotation Rule (Story 004.0-DEV-BRANCH-ANNOTATIONS) require-branch-annotation invalid [REQ-BRANCH-DETECTION] missing @story on while loop when only req present",
          "invocations": 1,
          "location": null,
          "numPassingAsserts": 0,
          "retryReasons": [],
          "startAt": 1763593904192,
          "status": "passed",
          "title": "[REQ-BRANCH-DETECTION] missing @story on while loop when only req present"
        },
        {
          "ancestorTitles": [
            "Require Branch Annotation Rule (Story 004.0-DEV-BRANCH-ANNOTATIONS)",
            "require-branch-annotation",
            "invalid"
          ],
          "duration": 1,
          "failing": false,
          "failureDetails": [],
          "failureMessages": [],
          "fullName": "Require Branch Annotation Rule (Story 004.0-DEV-BRANCH-ANNOTATIONS) require-branch-annotation invalid [REQ-BRANCH-DETECTION] missing annotations on switch-case",
          "invocations": 1,
          "location": null,
          "numPassingAsserts": 0,
          "retryReasons": [],
          "startAt": 1763593904194,
          "status": "passed",
          "title": "[REQ-BRANCH-DETECTION] missing annotations on switch-case"
        },
        {
          "ancestorTitles": [
            "Require Branch Annotation Rule (Story 004.0-DEV-BRANCH-ANNOTATIONS)",
            "require-branch-annotation",
            "invalid"
          ],
          "duration": 2,
          "failing": false,
          "failureDetails": [],
          "failureMessages": [],
          "fullName": "Require Branch Annotation Rule (Story 004.0-DEV-BRANCH-ANNOTATIONS) require-branch-annotation invalid [REQ-BRANCH-DETECTION] missing annotations on do-while loop",
          "invocations": 1,
          "location": null,
          "numPassingAsserts": 0,
          "retryReasons": [],
          "startAt": 1763593904195,
          "status": "passed",
          "title": "[REQ-BRANCH-DETECTION] missing annotations on do-while loop"
        },
        {
          "ancestorTitles": [
            "Require Branch Annotation Rule (Story 004.0-DEV-BRANCH-ANNOTATIONS)",
            "require-branch-annotation",
            "invalid"
          ],
          "duration": 2,
          "failing": false,
          "failureDetails": [],
          "failureMessages": [],
          "fullName": "Require Branch Annotation Rule (Story 004.0-DEV-BRANCH-ANNOTATIONS) require-branch-annotation invalid [REQ-BRANCH-DETECTION] missing annotations on for-of loop",
          "invocations": 1,
          "location": null,
          "numPassingAsserts": 0,
          "retryReasons": [],
          "startAt": 1763593904197,
          "status": "passed",
          "title": "[REQ-BRANCH-DETECTION] missing annotations on for-of loop"
        },
        {
          "ancestorTitles": [
            "Require Branch Annotation Rule (Story 004.0-DEV-BRANCH-ANNOTATIONS)",
            "require-branch-annotation",
            "invalid"
          ],
          "duration": 2,
          "failing": false,
          "failureDetails": [],
          "failureMessages": [],
          "fullName": "Require Branch Annotation Rule (Story 004.0-DEV-BRANCH-ANNOTATIONS) require-branch-annotation invalid [REQ-BRANCH-DETECTION] missing annotations on for-in loop",
          "invocations": 1,
          "location": null,
          "numPassingAsserts": 0,
          "retryReasons": [],
          "startAt": 1763593904199,
          "status": "passed",
          "title": "[REQ-BRANCH-DETECTION] missing annotations on for-in loop"
        },
        {
          "ancestorTitles": [
            "Require Branch Annotation Rule (Story 004.0-DEV-BRANCH-ANNOTATIONS)",
            "require-branch-annotation",
            "invalid"
          ],
          "duration": 2,
          "failing": false,
          "failureDetails": [],
          "failureMessages": [],
          "fullName": "Require Branch Annotation Rule (Story 004.0-DEV-BRANCH-ANNOTATIONS) require-branch-annotation invalid [REQ-BRANCH-DETECTION] missing annotations on try-catch blocks",
          "invocations": 1,
          "location": null,
          "numPassingAsserts": 0,
          "retryReasons": [],
          "startAt": 1763593904201,
          "status": "passed",
          "title": "[REQ-BRANCH-DETECTION] missing annotations on try-catch blocks"
        },
        {
          "ancestorTitles": [
            "Require Branch Annotation Rule (Story 004.0-DEV-BRANCH-ANNOTATIONS)",
            "require-branch-annotation",
            "invalid"
          ],
          "duration": 1,
          "failing": false,
          "failureDetails": [],
          "failureMessages": [],
          "fullName": "Require Branch Annotation Rule (Story 004.0-DEV-BRANCH-ANNOTATIONS) require-branch-annotation invalid [REQ-BRANCH-DETECTION] missing annotations on switch-case with blank line",
          "invocations": 1,
          "location": null,
          "numPassingAsserts": 0,
          "retryReasons": [],
          "startAt": 1763593904203,
          "status": "passed",
          "title": "[REQ-BRANCH-DETECTION] missing annotations on switch-case with blank line"
        },
        {
          "ancestorTitles": [
            "Require Branch Annotation Rule (Story 004.0-DEV-BRANCH-ANNOTATIONS)",
            "require-branch-annotation",
            "invalid"
          ],
          "duration": 1,
          "failing": false,
          "failureDetails": [],
          "failureMessages": [],
          "fullName": "Require Branch Annotation Rule (Story 004.0-DEV-BRANCH-ANNOTATIONS) require-branch-annotation invalid [REQ-CONFIGURABLE-SCOPE] missing annotations on configured branch type ForStatement",
          "invocations": 1,
          "location": null,
          "numPassingAsserts": 0,
          "retryReasons": [],
          "startAt": 1763593904205,
          "status": "passed",
          "title": "[REQ-CONFIGURABLE-SCOPE] missing annotations on configured branch type ForStatement"
        },
        {
          "ancestorTitles": [
            "Require Branch Annotation Rule (Story 004.0-DEV-BRANCH-ANNOTATIONS)",
            "require-branch-annotation",
            "invalid"
          ],
          "duration": 1,
          "failing": false,
          "failureDetails": [],
          "failureMessages": [],
          "fullName": "Require Branch Annotation Rule (Story 004.0-DEV-BRANCH-ANNOTATIONS) require-branch-annotation invalid [REQ-CONFIGURABLE-SCOPE] invalid branchTypes option should error schema",
          "invocations": 1,
          "location": null,
          "numPassingAsserts": 0,
          "retryReasons": [],
          "startAt": 1763593904207,
          "status": "passed",
          "title": "[REQ-CONFIGURABLE-SCOPE] invalid branchTypes option should error schema"
        }
      ],
      "endTime": 1763593904256,
      "message": "",
      "name": "/Users/tomhoward/Projects/eslint-plugin-traceability/tests/rules/require-branch-annotation.test.ts",
      "startTime": 1763593903892,
      "status": "passed",
      "summary": ""
    },
    {
      "assertionResults": [
        {
          "ancestorTitles": [
            "Require Req Annotation Rule (Story 003.0-DEV-FUNCTION-ANNOTATIONS)",
            "require-req-annotation",
            "valid"
          ],
          "duration": 19,
          "failing": false,
          "failureDetails": [],
          "failureMessages": [],
          "fullName": "Require Req Annotation Rule (Story 003.0-DEV-FUNCTION-ANNOTATIONS) require-req-annotation valid [REQ-ANNOTATION-REQUIRED] valid with only @req annotation",
          "invocations": 1,
          "location": null,
          "numPassingAsserts": 0,
          "retryReasons": [],
          "startAt": 1763593904804,
          "status": "passed",
          "title": "[REQ-ANNOTATION-REQUIRED] valid with only @req annotation"
        },
        {
          "ancestorTitles": [
            "Require Req Annotation Rule (Story 003.0-DEV-FUNCTION-ANNOTATIONS)",
            "require-req-annotation",
            "valid"
          ],
          "duration": 1,
          "failing": false,
          "failureDetails": [],
          "failureMessages": [],
          "fullName": "Require Req Annotation Rule (Story 003.0-DEV-FUNCTION-ANNOTATIONS) require-req-annotation valid [REQ-ANNOTATION-REQUIRED] valid with @story and @req annotations",
          "invocations": 1,
          "location": null,
          "numPassingAsserts": 0,
          "retryReasons": [],
          "startAt": 1763593904824,
          "status": "passed",
          "title": "[REQ-ANNOTATION-REQUIRED] valid with @story and @req annotations"
        },
        {
          "ancestorTitles": [
            "Require Req Annotation Rule (Story 003.0-DEV-FUNCTION-ANNOTATIONS)",
            "require-req-annotation",
            "valid"
          ],
          "duration": 10,
          "failing": false,
          "failureDetails": [],
          "failureMessages": [],
          "fullName": "Require Req Annotation Rule (Story 003.0-DEV-FUNCTION-ANNOTATIONS) require-req-annotation valid [REQ-TYPESCRIPT-SUPPORT] valid with @req annotation on TSDeclareFunction",
          "invocations": 1,
          "location": null,
          "numPassingAsserts": 0,
          "retryReasons": [],
          "startAt": 1763593904825,
          "status": "passed",
          "title": "[REQ-TYPESCRIPT-SUPPORT] valid with @req annotation on TSDeclareFunction"
        },
        {
          "ancestorTitles": [
            "Require Req Annotation Rule (Story 003.0-DEV-FUNCTION-ANNOTATIONS)",
            "require-req-annotation",
            "valid"
          ],
          "duration": 3,
          "failing": false,
          "failureDetails": [],
          "failureMessages": [],
          "fullName": "Require Req Annotation Rule (Story 003.0-DEV-FUNCTION-ANNOTATIONS) require-req-annotation valid [REQ-TYPESCRIPT-SUPPORT] valid with @req annotation on TSMethodSignature",
          "invocations": 1,
          "location": null,
          "numPassingAsserts": 0,
          "retryReasons": [],
          "startAt": 1763593904835,
          "status": "passed",
          "title": "[REQ-TYPESCRIPT-SUPPORT] valid with @req annotation on TSMethodSignature"
        },
        {
          "ancestorTitles": [
            "Require Req Annotation Rule (Story 003.0-DEV-FUNCTION-ANNOTATIONS)",
            "require-req-annotation",
            "invalid"
          ],
          "duration": 3,
          "failing": false,
          "failureDetails": [],
          "failureMessages": [],
          "fullName": "Require Req Annotation Rule (Story 003.0-DEV-FUNCTION-ANNOTATIONS) require-req-annotation invalid [REQ-ANNOTATION-REQUIRED] missing @req on function without JSDoc",
          "invocations": 1,
          "location": null,
          "numPassingAsserts": 0,
          "retryReasons": [],
          "startAt": 1763593904838,
          "status": "passed",
          "title": "[REQ-ANNOTATION-REQUIRED] missing @req on function without JSDoc"
        },
        {
          "ancestorTitles": [
            "Require Req Annotation Rule (Story 003.0-DEV-FUNCTION-ANNOTATIONS)",
            "require-req-annotation",
            "invalid"
          ],
          "duration": 2,
          "failing": false,
          "failureDetails": [],
          "failureMessages": [],
          "fullName": "Require Req Annotation Rule (Story 003.0-DEV-FUNCTION-ANNOTATIONS) require-req-annotation invalid [REQ-ANNOTATION-REQUIRED] missing @req on function with only @story annotation",
          "invocations": 1,
          "location": null,
          "numPassingAsserts": 0,
          "retryReasons": [],
          "startAt": 1763593904841,
          "status": "passed",
          "title": "[REQ-ANNOTATION-REQUIRED] missing @req on function with only @story annotation"
        },
        {
          "ancestorTitles": [
            "Require Req Annotation Rule (Story 003.0-DEV-FUNCTION-ANNOTATIONS)",
            "require-req-annotation",
            "invalid"
          ],
          "duration": 2,
          "failing": false,
          "failureDetails": [],
          "failureMessages": [],
          "fullName": "Require Req Annotation Rule (Story 003.0-DEV-FUNCTION-ANNOTATIONS) require-req-annotation invalid [REQ-TYPESCRIPT-SUPPORT] missing @req on TSDeclareFunction",
          "invocations": 1,
          "location": null,
          "numPassingAsserts": 0,
          "retryReasons": [],
          "startAt": 1763593904843,
          "status": "passed",
          "title": "[REQ-TYPESCRIPT-SUPPORT] missing @req on TSDeclareFunction"
        },
        {
          "ancestorTitles": [
            "Require Req Annotation Rule (Story 003.0-DEV-FUNCTION-ANNOTATIONS)",
            "require-req-annotation",
            "invalid"
          ],
          "duration": 3,
          "failing": false,
          "failureDetails": [],
          "failureMessages": [],
          "fullName": "Require Req Annotation Rule (Story 003.0-DEV-FUNCTION-ANNOTATIONS) require-req-annotation invalid [REQ-TYPESCRIPT-SUPPORT] missing @req on TSMethodSignature",
          "invocations": 1,
          "location": null,
          "numPassingAsserts": 0,
          "retryReasons": [],
          "startAt": 1763593904845,
          "status": "passed",
          "title": "[REQ-TYPESCRIPT-SUPPORT] missing @req on TSMethodSignature"
        }
      ],
      "endTime": 1763593904930,
      "message": "",
      "name": "/Users/tomhoward/Projects/eslint-plugin-traceability/tests/rules/require-req-annotation.test.ts",
      "startTime": 1763593904264,
      "status": "passed",
      "summary": ""
    },
    {
      "assertionResults": [
        {
          "ancestorTitles": [
            "updateAnnotationReferences isolated (Story 009.0-DEV-MAINTENANCE-TOOLS)"
          ],
          "duration": 3,
          "failing": false,
          "failureDetails": [],
          "failureMessages": [],
          "fullName": "updateAnnotationReferences isolated (Story 009.0-DEV-MAINTENANCE-TOOLS) [REQ-MAINT-UPDATE] updates @story annotations in files",
          "invocations": 1,
          "location": null,
          "numPassingAsserts": 2,
          "retryReasons": [],
          "startAt": 1763593905144,
          "status": "passed",
          "title": "[REQ-MAINT-UPDATE] updates @story annotations in files"
        },
        {
          "ancestorTitles": [
            "updateAnnotationReferences isolated (Story 009.0-DEV-MAINTENANCE-TOOLS)"
          ],
          "duration": 1,
          "failing": false,
          "failureDetails": [],
          "failureMessages": [],
          "fullName": "updateAnnotationReferences isolated (Story 009.0-DEV-MAINTENANCE-TOOLS) [REQ-MAINT-UPDATE] should return 0 when directory does not exist",
          "invocations": 1,
          "location": null,
          "numPassingAsserts": 1,
          "retryReasons": [],
          "startAt": 1763593905147,
          "status": "passed",
          "title": "[REQ-MAINT-UPDATE] should return 0 when directory does not exist"
        }
      ],
      "endTime": 1763593905193,
      "message": "",
      "name": "/Users/tomhoward/Projects/eslint-plugin-traceability/tests/maintenance/update-isolated.test.ts",
      "startTime": 1763593904938,
      "status": "passed",
      "summary": ""
    },
    {
      "assertionResults": [
        {
          "ancestorTitles": [
            "Valid Req Reference Rule (Story 010.0-DEV-DEEP-VALIDATION)",
            "valid-req-reference",
            "valid"
          ],
          "duration": 18,
          "failing": false,
          "failureDetails": [],
          "failureMessages": [],
          "fullName": "Valid Req Reference Rule (Story 010.0-DEV-DEEP-VALIDATION) valid-req-reference valid [REQ-DEEP-PARSE] valid requirement reference existing in story file",
          "invocations": 1,
          "location": null,
          "numPassingAsserts": 0,
          "retryReasons": [],
          "startAt": 1763593905494,
          "status": "passed",
          "title": "[REQ-DEEP-PARSE] valid requirement reference existing in story file"
        },
        {
          "ancestorTitles": [
            "Valid Req Reference Rule (Story 010.0-DEV-DEEP-VALIDATION)",
            "valid-req-reference",
            "valid"
          ],
          "duration": 2,
          "failing": false,
          "failureDetails": [],
          "failureMessages": [],
          "fullName": "Valid Req Reference Rule (Story 010.0-DEV-DEEP-VALIDATION) valid-req-reference valid [REQ-DEEP-BULLET] valid bullet list requirement existing in bullet story fixture",
          "invocations": 1,
          "location": null,
          "numPassingAsserts": 0,
          "retryReasons": [],
          "startAt": 1763593905512,
          "status": "passed",
          "title": "[REQ-DEEP-BULLET] valid bullet list requirement existing in bullet story fixture"
        },
        {
          "ancestorTitles": [
            "Valid Req Reference Rule (Story 010.0-DEV-DEEP-VALIDATION)",
            "valid-req-reference",
            "invalid"
          ],
          "duration": 2,
          "failing": false,
          "failureDetails": [],
          "failureMessages": [],
          "fullName": "Valid Req Reference Rule (Story 010.0-DEV-DEEP-VALIDATION) valid-req-reference invalid [REQ-DEEP-MATCH] missing requirement in story file",
          "invocations": 1,
          "location": null,
          "numPassingAsserts": 0,
          "retryReasons": [],
          "startAt": 1763593905514,
          "status": "passed",
          "title": "[REQ-DEEP-MATCH] missing requirement in story file"
        },
        {
          "ancestorTitles": [
            "Valid Req Reference Rule (Story 010.0-DEV-DEEP-VALIDATION)",
            "valid-req-reference",
            "invalid"
          ],
          "duration": 1,
          "failing": false,
          "failureDetails": [],
          "failureMessages": [],
          "fullName": "Valid Req Reference Rule (Story 010.0-DEV-DEEP-VALIDATION) valid-req-reference invalid [REQ-DEEP-PARSE] disallow path traversal in story path",
          "invocations": 1,
          "location": null,
          "numPassingAsserts": 0,
          "retryReasons": [],
          "startAt": 1763593905516,
          "status": "passed",
          "title": "[REQ-DEEP-PARSE] disallow path traversal in story path"
        },
        {
          "ancestorTitles": [
            "Valid Req Reference Rule (Story 010.0-DEV-DEEP-VALIDATION)",
            "valid-req-reference",
            "invalid"
          ],
          "duration": 1,
          "failing": false,
          "failureDetails": [],
          "failureMessages": [],
          "fullName": "Valid Req Reference Rule (Story 010.0-DEV-DEEP-VALIDATION) valid-req-reference invalid [REQ-DEEP-PARSE] disallow absolute path in story path",
          "invocations": 1,
          "location": null,
          "numPassingAsserts": 0,
          "retryReasons": [],
          "startAt": 1763593905517,
          "status": "passed",
          "title": "[REQ-DEEP-PARSE] disallow absolute path in story path"
        },
        {
          "ancestorTitles": [
            "Valid Req Reference Rule (Story 010.0-DEV-DEEP-VALIDATION)",
            "valid-req-reference",
            "invalid"
          ],
          "duration": 1,
          "failing": false,
          "failureDetails": [],
          "failureMessages": [],
          "fullName": "Valid Req Reference Rule (Story 010.0-DEV-DEEP-VALIDATION) valid-req-reference invalid [REQ-DEEP-BULLET] missing bullet list requirement in bullet story fixture",
          "invocations": 1,
          "location": null,
          "numPassingAsserts": 0,
          "retryReasons": [],
          "startAt": 1763593905518,
          "status": "passed",
          "title": "[REQ-DEEP-BULLET] missing bullet list requirement in bullet story fixture"
        }
      ],
      "endTime": 1763593905574,
      "message": "",
      "name": "/Users/tomhoward/Projects/eslint-plugin-traceability/tests/rules/valid-req-reference.test.ts",
      "startTime": 1763593905197,
      "status": "passed",
      "summary": ""
    },
    {
      "assertionResults": [
        {
          "ancestorTitles": [
            "Valid Story Reference Rule (Story 006.0-DEV-FILE-VALIDATION)",
            "valid-story-reference",
            "valid"
          ],
          "duration": 18,
          "failing": false,
          "failureDetails": [],
          "failureMessages": [],
          "fullName": "Valid Story Reference Rule (Story 006.0-DEV-FILE-VALIDATION) valid-story-reference valid [REQ-FILE-EXISTENCE] valid story file reference",
          "invocations": 1,
          "location": null,
          "numPassingAsserts": 0,
          "retryReasons": [],
          "startAt": 1763593905887,
          "status": "passed",
          "title": "[REQ-FILE-EXISTENCE] valid story file reference"
        },
        {
          "ancestorTitles": [
            "Valid Story Reference Rule (Story 006.0-DEV-FILE-VALIDATION)",
            "valid-story-reference",
            "valid"
          ],
          "duration": 1,
          "failing": false,
          "failureDetails": [],
          "failureMessages": [],
          "fullName": "Valid Story Reference Rule (Story 006.0-DEV-FILE-VALIDATION) valid-story-reference valid [REQ-EXTENSION] valid .story.md extension",
          "invocations": 1,
          "location": null,
          "numPassingAsserts": 0,
          "retryReasons": [],
          "startAt": 1763593905905,
          "status": "passed",
          "title": "[REQ-EXTENSION] valid .story.md extension"
        },
        {
          "ancestorTitles": [
            "Valid Story Reference Rule (Story 006.0-DEV-FILE-VALIDATION)",
            "valid-story-reference",
            "valid"
          ],
          "duration": 1,
          "failing": false,
          "failureDetails": [],
          "failureMessages": [],
          "fullName": "Valid Story Reference Rule (Story 006.0-DEV-FILE-VALIDATION) valid-story-reference valid [REQ-PATH-RESOLUTION] valid relative path with ./ prefix",
          "invocations": 1,
          "location": null,
          "numPassingAsserts": 0,
          "retryReasons": [],
          "startAt": 1763593905906,
          "status": "passed",
          "title": "[REQ-PATH-RESOLUTION] valid relative path with ./ prefix"
        },
        {
          "ancestorTitles": [
            "Valid Story Reference Rule (Story 006.0-DEV-FILE-VALIDATION)",
            "valid-story-reference",
            "invalid"
          ],
          "duration": 2,
          "failing": false,
          "failureDetails": [],
          "failureMessages": [],
          "fullName": "Valid Story Reference Rule (Story 006.0-DEV-FILE-VALIDATION) valid-story-reference invalid [REQ-PATH-RESOLUTION] missing file",
          "invocations": 1,
          "location": null,
          "numPassingAsserts": 0,
          "retryReasons": [],
          "startAt": 1763593905908,
          "status": "passed",
          "title": "[REQ-PATH-RESOLUTION] missing file"
        },
        {
          "ancestorTitles": [
            "Valid Story Reference Rule (Story 006.0-DEV-FILE-VALIDATION)",
            "valid-story-reference",
            "invalid"
          ],
          "duration": 1,
          "failing": false,
          "failureDetails": [],
          "failureMessages": [],
          "fullName": "Valid Story Reference Rule (Story 006.0-DEV-FILE-VALIDATION) valid-story-reference invalid [REQ-EXTENSION] invalid extension",
          "invocations": 1,
          "location": null,
          "numPassingAsserts": 0,
          "retryReasons": [],
          "startAt": 1763593905910,
          "status": "passed",
          "title": "[REQ-EXTENSION] invalid extension"
        },
        {
          "ancestorTitles": [
            "Valid Story Reference Rule (Story 006.0-DEV-FILE-VALIDATION)",
            "valid-story-reference",
            "invalid"
          ],
          "duration": 1,
          "failing": false,
          "failureDetails": [],
          "failureMessages": [],
          "fullName": "Valid Story Reference Rule (Story 006.0-DEV-FILE-VALIDATION) valid-story-reference invalid [REQ-PATH-SECURITY] path traversal",
          "invocations": 1,
          "location": null,
          "numPassingAsserts": 0,
          "retryReasons": [],
          "startAt": 1763593905911,
          "status": "passed",
          "title": "[REQ-PATH-SECURITY] path traversal"
        },
        {
          "ancestorTitles": [
            "Valid Story Reference Rule (Story 006.0-DEV-FILE-VALIDATION)",
            "valid-story-reference",
            "invalid"
          ],
          "duration": 1,
          "failing": false,
          "failureDetails": [],
          "failureMessages": [],
          "fullName": "Valid Story Reference Rule (Story 006.0-DEV-FILE-VALIDATION) valid-story-reference invalid [REQ-ABSOLUTE-PATH] absolute path not allowed",
          "invocations": 1,
          "location": null,
          "numPassingAsserts": 0,
          "retryReasons": [],
          "startAt": 1763593905912,
          "status": "passed",
          "title": "[REQ-ABSOLUTE-PATH] absolute path not allowed"
        }
      ],
      "endTime": 1763593905970,
      "message": "",
      "name": "/Users/tomhoward/Projects/eslint-plugin-traceability/tests/rules/valid-story-reference.test.ts",
      "startTime": 1763593905585,
      "status": "passed",
      "summary": ""
    },
    {
      "assertionResults": [
        {
          "ancestorTitles": [
            "detectStaleAnnotations isolated (Story 009.0-DEV-MAINTENANCE-TOOLS)"
          ],
          "duration": 2,
          "failing": false,
          "failureDetails": [],
          "failureMessages": [],
          "fullName": "detectStaleAnnotations isolated (Story 009.0-DEV-MAINTENANCE-TOOLS) [REQ-MAINT-DETECT] returns empty array when directory does not exist",
          "invocations": 1,
          "location": null,
          "numPassingAsserts": 1,
          "retryReasons": [],
          "startAt": 1763593906206,
          "status": "passed",
          "title": "[REQ-MAINT-DETECT] returns empty array when directory does not exist"
        },
        {
          "ancestorTitles": [
            "detectStaleAnnotations isolated (Story 009.0-DEV-MAINTENANCE-TOOLS)"
          ],
          "duration": 2,
          "failing": false,
          "failureDetails": [],
          "failureMessages": [],
          "fullName": "detectStaleAnnotations isolated (Story 009.0-DEV-MAINTENANCE-TOOLS) [REQ-MAINT-DETECT] detects stale annotations in nested directories",
          "invocations": 1,
          "location": null,
          "numPassingAsserts": 3,
          "retryReasons": [],
          "startAt": 1763593906208,
          "status": "passed",
          "title": "[REQ-MAINT-DETECT] detects stale annotations in nested directories"
        },
        {
          "ancestorTitles": [
            "detectStaleAnnotations isolated (Story 009.0-DEV-MAINTENANCE-TOOLS)"
          ],
          "duration": 7,
          "failing": false,
          "failureDetails": [],
          "failureMessages": [],
          "fullName": "detectStaleAnnotations isolated (Story 009.0-DEV-MAINTENANCE-TOOLS) [REQ-MAINT-DETECT] throws error on permission denied",
          "invocations": 1,
          "location": null,
          "numPassingAsserts": 1,
          "retryReasons": [],
          "startAt": 1763593906210,
          "status": "passed",
          "title": "[REQ-MAINT-DETECT] throws error on permission denied"
        }
      ],
      "endTime": 1763593906268,
      "message": "",
      "name": "/Users/tomhoward/Projects/eslint-plugin-traceability/tests/maintenance/detect-isolated.test.ts",
      "startTime": 1763593905981,
      "status": "passed",
      "summary": ""
    },
    {
      "assertionResults": [
        {
          "ancestorTitles": [
            "Error Reporting Enhancements for require-story-annotation (Story 007.0-DEV-ERROR-REPORTING)",
            "require-story-annotation",
            "valid"
          ],
          "duration": 18,
          "failing": false,
          "failureDetails": [],
          "failureMessages": [],
          "fullName": "Error Reporting Enhancements for require-story-annotation (Story 007.0-DEV-ERROR-REPORTING) require-story-annotation valid [007.0-DEV-ERROR-REPORTING] valid with existing annotation",
          "invocations": 1,
          "location": null,
          "numPassingAsserts": 0,
          "retryReasons": [],
          "startAt": 1763593906581,
          "status": "passed",
          "title": "[007.0-DEV-ERROR-REPORTING] valid with existing annotation"
        },
        {
          "ancestorTitles": [
            "Error Reporting Enhancements for require-story-annotation (Story 007.0-DEV-ERROR-REPORTING)",
            "require-story-annotation",
            "invalid"
          ],
          "duration": 4,
          "failing": false,
          "failureDetails": [],
          "failureMessages": [],
          "fullName": "Error Reporting Enhancements for require-story-annotation (Story 007.0-DEV-ERROR-REPORTING) require-story-annotation invalid [REQ-ERROR-SPECIFIC] missing @story annotation should report specific details and suggestion",
          "invocations": 1,
          "location": null,
          "numPassingAsserts": 0,
          "retryReasons": [],
          "startAt": 1763593906599,
          "status": "passed",
          "title": "[REQ-ERROR-SPECIFIC] missing @story annotation should report specific details and suggestion"
        }
      ],
      "endTime": 1763593906662,
      "message": "",
      "name": "/Users/tomhoward/Projects/eslint-plugin-traceability/tests/rules/error-reporting.test.ts",
      "startTime": 1763593906272,
      "status": "passed",
      "summary": ""
    },
    {
      "assertionResults": [
        {
          "ancestorTitles": [
            "Valid Annotation Format Rule (Story 005.0-DEV-ANNOTATION-VALIDATION)",
            "valid-annotation-format",
            "valid"
          ],
          "duration": 16,
          "failing": false,
          "failureDetails": [],
          "failureMessages": [],
          "fullName": "Valid Annotation Format Rule (Story 005.0-DEV-ANNOTATION-VALIDATION) valid-annotation-format valid [REQ-PATH-FORMAT] valid story annotation format",
          "invocations": 1,
          "location": null,
          "numPassingAsserts": 0,
          "retryReasons": [],
          "startAt": 1763593906991,
          "status": "passed",
          "title": "[REQ-PATH-FORMAT] valid story annotation format"
        },
        {
          "ancestorTitles": [
            "Valid Annotation Format Rule (Story 005.0-DEV-ANNOTATION-VALIDATION)",
            "valid-annotation-format",
            "valid"
          ],
          "duration": 1,
          "failing": false,
          "failureDetails": [],
          "failureMessages": [],
          "fullName": "Valid Annotation Format Rule (Story 005.0-DEV-ANNOTATION-VALIDATION) valid-annotation-format valid [REQ-REQ-FORMAT] valid req annotation format",
          "invocations": 1,
          "location": null,
          "numPassingAsserts": 0,
          "retryReasons": [],
          "startAt": 1763593907007,
          "status": "passed",
          "title": "[REQ-REQ-FORMAT] valid req annotation format"
        },
        {
          "ancestorTitles": [
            "Valid Annotation Format Rule (Story 005.0-DEV-ANNOTATION-VALIDATION)",
            "valid-annotation-format",
            "valid"
          ],
          "duration": 1,
          "failing": false,
          "failureDetails": [],
          "failureMessages": [],
          "fullName": "Valid Annotation Format Rule (Story 005.0-DEV-ANNOTATION-VALIDATION) valid-annotation-format valid [REQ-FORMAT-SPECIFICATION] valid block annotations",
          "invocations": 1,
          "location": null,
          "numPassingAsserts": 0,
          "retryReasons": [],
          "startAt": 1763593907008,
          "status": "passed",
          "title": "[REQ-FORMAT-SPECIFICATION] valid block annotations"
        },
        {
          "ancestorTitles": [
            "Valid Annotation Format Rule (Story 005.0-DEV-ANNOTATION-VALIDATION)",
            "valid-annotation-format",
            "invalid"
          ],
          "duration": 2,
          "failing": false,
          "failureDetails": [],
          "failureMessages": [],
          "fullName": "Valid Annotation Format Rule (Story 005.0-DEV-ANNOTATION-VALIDATION) valid-annotation-format invalid [REQ-PATH-FORMAT] missing story path",
          "invocations": 1,
          "location": null,
          "numPassingAsserts": 0,
          "retryReasons": [],
          "startAt": 1763593907009,
          "status": "passed",
          "title": "[REQ-PATH-FORMAT] missing story path"
        },
        {
          "ancestorTitles": [
            "Valid Annotation Format Rule (Story 005.0-DEV-ANNOTATION-VALIDATION)",
            "valid-annotation-format",
            "invalid"
          ],
          "duration": 1,
          "failing": false,
          "failureDetails": [],
          "failureMessages": [],
          "fullName": "Valid Annotation Format Rule (Story 005.0-DEV-ANNOTATION-VALIDATION) valid-annotation-format invalid [REQ-PATH-FORMAT] invalid story file extension",
          "invocations": 1,
          "location": null,
          "numPassingAsserts": 0,
          "retryReasons": [],
          "startAt": 1763593907011,
          "status": "passed",
          "title": "[REQ-PATH-FORMAT] invalid story file extension"
        },
        {
          "ancestorTitles": [
            "Valid Annotation Format Rule (Story 005.0-DEV-ANNOTATION-VALIDATION)",
            "valid-annotation-format",
            "invalid"
          ],
          "duration": 0,
          "failing": false,
          "failureDetails": [],
          "failureMessages": [],
          "fullName": "Valid Annotation Format Rule (Story 005.0-DEV-ANNOTATION-VALIDATION) valid-annotation-format invalid [REQ-REQ-FORMAT] missing req id",
          "invocations": 1,
          "location": null,
          "numPassingAsserts": 0,
          "retryReasons": [],
          "startAt": 1763593907012,
          "status": "passed",
          "title": "[REQ-REQ-FORMAT] missing req id"
        },
        {
          "ancestorTitles": [
            "Valid Annotation Format Rule (Story 005.0-DEV-ANNOTATION-VALIDATION)",
            "valid-annotation-format",
            "invalid"
          ],
          "duration": 0,
          "failing": false,
          "failureDetails": [],
          "failureMessages": [],
          "fullName": "Valid Annotation Format Rule (Story 005.0-DEV-ANNOTATION-VALIDATION) valid-annotation-format invalid [REQ-REQ-FORMAT] invalid req id format",
          "invocations": 1,
          "location": null,
          "numPassingAsserts": 0,
          "retryReasons": [],
          "startAt": 1763593907013,
          "status": "passed",
          "title": "[REQ-REQ-FORMAT] invalid req id format"
        }
      ],
      "endTime": 1763593907074,
      "message": "",
      "name": "/Users/tomhoward/Projects/eslint-plugin-traceability/tests/rules/valid-annotation-format.test.ts",
      "startTime": 1763593906671,
      "status": "passed",
      "summary": ""
    },
    {
      "assertionResults": [
        {
          "ancestorTitles": [
            "Traceability ESLint Plugin Error Handling (Story 001.0-DEV-PLUGIN-SETUP)"
          ],
          "duration": 9,
          "failing": false,
          "failureDetails": [],
          "failureMessages": [],
          "fullName": "Traceability ESLint Plugin Error Handling (Story 001.0-DEV-PLUGIN-SETUP) [REQ-ERROR-HANDLING] should report error loading rule and provide placeholder rule",
          "invocations": 1,
          "location": null,
          "numPassingAsserts": 4,
          "retryReasons": [],
          "startAt": 1763593907322,
          "status": "passed",
          "title": "[REQ-ERROR-HANDLING] should report error loading rule and provide placeholder rule"
        }
      ],
      "endTime": 1763593907387,
      "message": "",
      "name": "/Users/tomhoward/Projects/eslint-plugin-traceability/tests/plugin-setup-error.test.ts",
      "startTime": 1763593907083,
      "status": "passed",
      "summary": ""
    },
    {
      "assertionResults": [
        {
          "ancestorTitles": ["validateBranchTypes helper"],
          "duration": 2,
          "failing": false,
          "failureDetails": [],
          "failureMessages": [],
          "fullName": "validateBranchTypes helper should return default branch types when no options provided",
          "invocations": 1,
          "location": null,
          "numPassingAsserts": 2,
          "retryReasons": [],
          "startAt": 1763593907637,
          "status": "passed",
          "title": "should return default branch types when no options provided"
        },
        {
          "ancestorTitles": ["validateBranchTypes helper"],
          "duration": 1,
          "failing": false,
          "failureDetails": [],
          "failureMessages": [],
          "fullName": "validateBranchTypes helper should return custom branch types when valid options provided",
          "invocations": 1,
          "location": null,
          "numPassingAsserts": 2,
          "retryReasons": [],
          "startAt": 1763593907639,
          "status": "passed",
          "title": "should return custom branch types when valid options provided"
        },
        {
          "ancestorTitles": ["validateBranchTypes helper"],
          "duration": 2,
          "failing": false,
          "failureDetails": [],
          "failureMessages": [],
          "fullName": "validateBranchTypes helper should return listener when invalid branch types provided and report errors",
          "invocations": 1,
          "location": null,
          "numPassingAsserts": 5,
          "retryReasons": [],
          "startAt": 1763593907640,
          "status": "passed",
          "title": "should return listener when invalid branch types provided and report errors"
        }
      ],
      "endTime": 1763593907697,
      "message": "",
      "name": "/Users/tomhoward/Projects/eslint-plugin-traceability/tests/utils/branch-annotation-helpers.test.ts",
      "startTime": 1763593907392,
      "status": "passed",
      "summary": ""
    },
    {
      "assertionResults": [
        {
          "ancestorTitles": [
            "ESLint Configuration Setup (Story 002.0-DEV-ESLINT-CONFIG)"
          ],
          "duration": 2,
          "failing": false,
          "failureDetails": [],
          "failureMessages": [],
          "fullName": "ESLint Configuration Setup (Story 002.0-DEV-ESLINT-CONFIG) [REQ-RULE-OPTIONS] rule meta.schema defines expected properties",
          "invocations": 1,
          "location": null,
          "numPassingAsserts": 3,
          "retryReasons": [],
          "startAt": 1763593907954,
          "status": "passed",
          "title": "[REQ-RULE-OPTIONS] rule meta.schema defines expected properties"
        },
        {
          "ancestorTitles": [
            "ESLint Configuration Setup (Story 002.0-DEV-ESLINT-CONFIG)"
          ],
          "duration": 1,
          "failing": false,
          "failureDetails": [],
          "failureMessages": [],
          "fullName": "ESLint Configuration Setup (Story 002.0-DEV-ESLINT-CONFIG) [REQ-CONFIG-VALIDATION] schema disallows unknown options",
          "invocations": 1,
          "location": null,
          "numPassingAsserts": 1,
          "retryReasons": [],
          "startAt": 1763593907956,
          "status": "passed",
          "title": "[REQ-CONFIG-VALIDATION] schema disallows unknown options"
        }
      ],
      "endTime": 1763593908012,
      "message": "",
      "name": "/Users/tomhoward/Projects/eslint-plugin-traceability/tests/config/eslint-config-validation.test.ts",
      "startTime": 1763593907705,
      "status": "passed",
      "summary": ""
    },
    {
      "assertionResults": [
        {
          "ancestorTitles": [
            "Maintenance Tools Index Exports (Story 009.0-DEV-MAINTENANCE-TOOLS)"
          ],
          "duration": 1,
          "failing": false,
          "failureDetails": [],
          "failureMessages": [],
          "fullName": "Maintenance Tools Index Exports (Story 009.0-DEV-MAINTENANCE-TOOLS) [REQ-MAINT-DETECT] should export detectStaleAnnotations as a function",
          "invocations": 1,
          "location": null,
          "numPassingAsserts": 1,
          "retryReasons": [],
          "startAt": 1763593908267,
          "status": "passed",
          "title": "[REQ-MAINT-DETECT] should export detectStaleAnnotations as a function"
        },
        {
          "ancestorTitles": [
            "Maintenance Tools Index Exports (Story 009.0-DEV-MAINTENANCE-TOOLS)"
          ],
          "duration": 0,
          "failing": false,
          "failureDetails": [],
          "failureMessages": [],
          "fullName": "Maintenance Tools Index Exports (Story 009.0-DEV-MAINTENANCE-TOOLS) [REQ-MAINT-UPDATE] should export updateAnnotationReferences as a function",
          "invocations": 1,
          "location": null,
          "numPassingAsserts": 1,
          "retryReasons": [],
          "startAt": 1763593908269,
          "status": "passed",
          "title": "[REQ-MAINT-UPDATE] should export updateAnnotationReferences as a function"
        },
        {
          "ancestorTitles": [
            "Maintenance Tools Index Exports (Story 009.0-DEV-MAINTENANCE-TOOLS)"
          ],
          "duration": 1,
          "failing": false,
          "failureDetails": [],
          "failureMessages": [],
          "fullName": "Maintenance Tools Index Exports (Story 009.0-DEV-MAINTENANCE-TOOLS) [REQ-MAINT-BATCH] should export batchUpdateAnnotations as a function",
          "invocations": 1,
          "location": null,
          "numPassingAsserts": 1,
          "retryReasons": [],
          "startAt": 1763593908269,
          "status": "passed",
          "title": "[REQ-MAINT-BATCH] should export batchUpdateAnnotations as a function"
        },
        {
          "ancestorTitles": [
            "Maintenance Tools Index Exports (Story 009.0-DEV-MAINTENANCE-TOOLS)"
          ],
          "duration": 0,
          "failing": false,
          "failureDetails": [],
          "failureMessages": [],
[...]
          "end": { "line": 34, "column": 49 }
        },
        "34": {
          "start": { "line": 35, "column": 0 },
          "end": { "line": 35, "column": 57 }
        },
        "35": {
          "start": { "line": 36, "column": 0 },
          "end": { "line": 36, "column": 84 }
        },
        "36": {
          "start": { "line": 37, "column": 0 },
          "end": { "line": 37, "column": 3 }
        },
        "37": {
          "start": { "line": 38, "column": 0 },
          "end": { "line": 38, "column": 50 }
        },
        "38": {
          "start": { "line": 39, "column": 0 },
          "end": { "line": 39, "column": 55 }
        },
        "39": {
          "start": { "line": 40, "column": 0 },
          "end": { "line": 40, "column": 34 }
        },
        "40": {
          "start": { "line": 41, "column": 0 },
          "end": { "line": 41, "column": 43 }
        },
        "41": {
          "start": { "line": 42, "column": 0 },
          "end": { "line": 42, "column": 27 }
        },
        "42": {
          "start": { "line": 43, "column": 0 },
          "end": { "line": 43, "column": 71 }
        },
        "43": {
          "start": { "line": 44, "column": 0 },
          "end": { "line": 44, "column": 40 }
        },
        "44": {
          "start": { "line": 45, "column": 0 },
          "end": { "line": 45, "column": 5 }
        },
        "45": {
          "start": { "line": 46, "column": 0 },
          "end": { "line": 46, "column": 13 }
        },
        "46": {
          "start": { "line": 47, "column": 0 },
          "end": { "line": 47, "column": 18 }
        },
        "47": {
          "start": { "line": 48, "column": 0 },
          "end": { "line": 48, "column": 5 }
        },
        "48": {
          "start": { "line": 49, "column": 0 },
          "end": { "line": 49, "column": 3 }
        },
        "49": {
          "start": { "line": 50, "column": 0 },
          "end": { "line": 50, "column": 15 }
        },
        "50": {
          "start": { "line": 51, "column": 0 },
          "end": { "line": 51, "column": 1 }
        },
        "51": {
          "start": { "line": 52, "column": 0 },
          "end": { "line": 52, "column": 0 }
        },
        "52": {
          "start": { "line": 53, "column": 0 },
          "end": { "line": 53, "column": 3 }
        },
        "53": {
          "start": { "line": 54, "column": 0 },
          "end": { "line": 54, "column": 74 }
        },
        "54": {
          "start": { "line": 55, "column": 0 },
          "end": { "line": 55, "column": 57 }
        },
        "55": {
          "start": { "line": 56, "column": 0 },
          "end": { "line": 56, "column": 88 }
        },
        "56": {
          "start": { "line": 57, "column": 0 },
          "end": { "line": 57, "column": 84 }
        },
        "57": {
          "start": { "line": 58, "column": 0 },
          "end": { "line": 58, "column": 3 }
        },
        "58": {
          "start": { "line": 59, "column": 0 },
          "end": { "line": 59, "column": 35 }
        },
        "59": {
          "start": { "line": 60, "column": 0 },
          "end": { "line": 60, "column": 20 }
        },
        "60": {
          "start": { "line": 61, "column": 0 },
          "end": { "line": 61, "column": 14 }
        },
        "61": {
          "start": { "line": 62, "column": 0 },
          "end": { "line": 62, "column": 22 }
        },
        "62": {
          "start": { "line": 63, "column": 0 },
          "end": { "line": 63, "column": 46 }
        },
        "63": {
          "start": { "line": 64, "column": 0 },
          "end": { "line": 64, "column": 69 }
        },
        "64": {
          "start": { "line": 65, "column": 0 },
          "end": { "line": 65, "column": 41 }
        },
        "65": {
          "start": { "line": 66, "column": 0 },
          "end": { "line": 66, "column": 32 }
        },
        "66": {
          "start": { "line": 67, "column": 0 },
          "end": { "line": 67, "column": 1 }
        },
        "67": {
          "start": { "line": 68, "column": 0 },
          "end": { "line": 68, "column": 0 }
        },
        "68": {
          "start": { "line": 69, "column": 0 },
          "end": { "line": 69, "column": 3 }
        },
        "69": {
          "start": { "line": 70, "column": 0 },
          "end": { "line": 70, "column": 42 }
        },
        "70": {
          "start": { "line": 71, "column": 0 },
          "end": { "line": 71, "column": 57 }
        },
        "71": {
          "start": { "line": 72, "column": 0 },
          "end": { "line": 72, "column": 61 }
        },
        "72": {
          "start": { "line": 73, "column": 0 },
          "end": { "line": 73, "column": 3 }
        },
        "73": {
          "start": { "line": 74, "column": 0 },
          "end": { "line": 74, "column": 52 }
        },
        "74": {
          "start": { "line": 75, "column": 0 },
          "end": { "line": 75, "column": 28 }
        },
        "75": {
          "start": { "line": 76, "column": 0 },
          "end": { "line": 76, "column": 1 }
        },
        "76": {
          "start": { "line": 77, "column": 0 },
          "end": { "line": 77, "column": 0 }
        },
        "77": {
          "start": { "line": 78, "column": 0 },
          "end": { "line": 78, "column": 3 }
        },
        "78": {
          "start": { "line": 79, "column": 0 },
          "end": { "line": 79, "column": 37 }
        },
        "79": {
          "start": { "line": 80, "column": 0 },
          "end": { "line": 80, "column": 57 }
        },
        "80": {
          "start": { "line": 81, "column": 0 },
          "end": { "line": 81, "column": 56 }
        },
        "81": {
          "start": { "line": 82, "column": 0 },
          "end": { "line": 82, "column": 3 }
        },
        "82": {
          "start": { "line": 83, "column": 0 },
          "end": { "line": 83, "column": 59 }
        },
        "83": {
          "start": { "line": 84, "column": 0 },
          "end": { "line": 84, "column": 39 }
        },
        "84": {
          "start": { "line": 85, "column": 0 },
          "end": { "line": 85, "column": 51 }
        },
        "85": {
          "start": { "line": 86, "column": 0 },
          "end": { "line": 86, "column": 1 }
        },
        "86": {
          "start": { "line": 87, "column": 0 },
          "end": { "line": 87, "column": 0 }
        },
        "87": {
          "start": { "line": 88, "column": 0 },
          "end": { "line": 88, "column": 3 }
        },
        "88": {
          "start": { "line": 89, "column": 0 },
          "end": { "line": 89, "column": 68 }
        },
        "89": {
          "start": { "line": 90, "column": 0 },
          "end": { "line": 90, "column": 57 }
        },
        "90": {
          "start": { "line": 91, "column": 0 },
          "end": { "line": 91, "column": 80 }
        },
        "91": {
          "start": { "line": 92, "column": 0 },
          "end": { "line": 92, "column": 3 }
        },
        "92": {
          "start": { "line": 93, "column": 0 },
          "end": { "line": 93, "column": 55 }
        },
        "93": {
          "start": { "line": 94, "column": 0 },
          "end": { "line": 94, "column": 55 }
        },
        "94": {
          "start": { "line": 95, "column": 0 },
          "end": { "line": 95, "column": 1 }
        },
        "95": {
          "start": { "line": 96, "column": 0 },
          "end": { "line": 96, "column": 0 }
        },
        "96": {
          "start": { "line": 97, "column": 0 },
          "end": { "line": 97, "column": 3 }
        },
        "97": {
          "start": { "line": 98, "column": 0 },
          "end": { "line": 98, "column": 57 }
        },
        "98": {
          "start": { "line": 99, "column": 0 },
          "end": { "line": 99, "column": 57 }
        },
        "99": {
          "start": { "line": 100, "column": 0 },
          "end": { "line": 100, "column": 65 }
        },
        "100": {
          "start": { "line": 101, "column": 0 },
          "end": { "line": 101, "column": 3 }
        },
        "101": {
          "start": { "line": 102, "column": 0 },
          "end": { "line": 102, "column": 55 }
        },
        "102": {
          "start": { "line": 103, "column": 0 },
          "end": { "line": 103, "column": 33 }
        },
        "103": {
          "start": { "line": 104, "column": 0 },
          "end": { "line": 104, "column": 1 }
        },
        "104": {
          "start": { "line": 105, "column": 0 },
          "end": { "line": 105, "column": 0 }
        },
        "105": {
          "start": { "line": 106, "column": 0 },
          "end": { "line": 106, "column": 3 }
        },
        "106": {
          "start": { "line": 107, "column": 0 },
          "end": { "line": 107, "column": 94 }
        },
        "107": {
          "start": { "line": 108, "column": 0 },
          "end": { "line": 108, "column": 57 }
        },
        "108": {
          "start": { "line": 109, "column": 0 },
          "end": { "line": 109, "column": 114 }
        },
        "109": {
          "start": { "line": 110, "column": 0 },
          "end": { "line": 110, "column": 3 }
        },
        "110": {
          "start": { "line": 111, "column": 0 },
          "end": { "line": 111, "column": 55 }
        },
        "111": {
          "start": { "line": 112, "column": 0 },
          "end": { "line": 112, "column": 55 }
        },
        "112": {
          "start": { "line": 113, "column": 0 },
          "end": { "line": 113, "column": 1 }
        }
      },
      "s": {
        "0": 1,
        "1": 1,
        "2": 1,
        "3": 1,
        "4": 1,
        "5": 1,
        "6": 1,
        "7": 1,
        "8": 1,
        "9": 1,
        "10": 1,
        "11": 1,
        "12": 1,
        "13": 1,
        "14": 1,
        "15": 4,
        "16": 4,
        "17": 4,
        "18": 4,
        "19": 4,
        "20": 4,
        "21": 4,
        "22": 1,
        "23": 4,
        "24": 3,
        "25": 3,
        "26": 6,
        "27": 6,
        "28": 3,
        "29": 4,
        "30": 4,
        "31": 1,
        "32": 1,
        "33": 1,
        "34": 1,
        "35": 1,
        "36": 1,
        "37": 1,
        "38": 4,
        "39": 4,
        "40": 6,
        "41": 6,
        "42": 5,
        "43": 5,
        "44": 5,
        "45": 6,
        "46": 3,
        "47": 3,
        "48": 6,
        "49": 1,
        "50": 1,
        "51": 1,
        "52": 1,
        "53": 1,
        "54": 1,
        "55": 1,
        "56": 1,
        "57": 1,
        "58": 4,
        "59": 4,
        "60": 4,
        "61": 4,
        "62": 4,
        "63": 4,
        "64": 4,
        "65": 4,
        "66": 4,
        "67": 1,
        "68": 1,
        "69": 1,
        "70": 1,
        "71": 1,
        "72": 1,
        "73": 0,
        "74": 0,
        "75": 0,
        "76": 1,
        "77": 1,
        "78": 1,
        "79": 1,
        "80": 1,
        "81": 1,
        "82": 6,
        "83": 6,
        "84": 6,
        "85": 6,
        "86": 1,
        "87": 1,
        "88": 1,
        "89": 1,
        "90": 1,
        "91": 1,
        "92": 0,
        "93": 0,
        "94": 0,
        "95": 1,
        "96": 1,
        "97": 1,
        "98": 1,
        "99": 1,
        "100": 1,
        "101": 5,
        "102": 5,
        "103": 5,
        "104": 1,
        "105": 1,
        "106": 1,
        "107": 1,
        "108": 1,
        "109": 1,
        "110": 0,
        "111": 0,
        "112": 0
      },
      "branchMap": {
        "0": {
          "type": "branch",
          "line": 16,
          "loc": {
            "start": { "line": 16, "column": 0 },
            "end": { "line": 31, "column": 1 }
          },
          "locations": [
            {
              "start": { "line": 16, "column": 0 },
              "end": { "line": 31, "column": 1 }
            }
          ]
        },
        "1": {
          "type": "branch",
          "line": 22,
          "loc": {
            "start": { "line": 22, "column": 32 },
            "end": { "line": 22, "column": 63 }
          },
          "locations": [
            {
              "start": { "line": 22, "column": 32 },
              "end": { "line": 22, "column": 63 }
            }
          ]
        },
        "2": {
          "type": "branch",
          "line": 22,
          "loc": {
            "start": { "line": 22, "column": 65 },
            "end": { "line": 24, "column": 3 }
          },
          "locations": [
            {
              "start": { "line": 22, "column": 65 },
              "end": { "line": 24, "column": 3 }
            }
          ]
        },
        "3": {
          "type": "branch",
          "line": 24,
          "loc": {
            "start": { "line": 24, "column": 3 },
            "end": { "line": 29, "column": 3 }
          },
          "locations": [
            {
              "start": { "line": 24, "column": 3 },
              "end": { "line": 29, "column": 3 }
            }
          ]
        },
        "4": {
          "type": "branch",
          "line": 26,
          "loc": {
            "start": { "line": 26, "column": 33 },
            "end": { "line": 28, "column": 5 }
          },
          "locations": [
            {
              "start": { "line": 26, "column": 33 },
              "end": { "line": 28, "column": 5 }
            }
          ]
        },
        "5": {
          "type": "branch",
          "line": 39,
          "loc": {
            "start": { "line": 39, "column": 0 },
            "end": { "line": 51, "column": 1 }
          },
          "locations": [
            {
              "start": { "line": 39, "column": 0 },
              "end": { "line": 51, "column": 1 }
            }
          ]
        },
        "6": {
          "type": "branch",
          "line": 40,
          "loc": {
            "start": { "line": 40, "column": 33 },
            "end": { "line": 49, "column": 3 }
          },
          "locations": [
            {
              "start": { "line": 40, "column": 33 },
              "end": { "line": 49, "column": 3 }
            }
          ]
        },
        "7": {
          "type": "branch",
          "line": 42,
          "loc": {
            "start": { "line": 42, "column": 26 },
            "end": { "line": 45, "column": 5 }
          },
          "locations": [
            {
              "start": { "line": 42, "column": 26 },
              "end": { "line": 45, "column": 5 }
            }
          ]
        },
        "8": {
          "type": "branch",
          "line": 43,
          "loc": {
            "start": { "line": 43, "column": 35 },
            "end": { "line": 43, "column": 70 }
          },
          "locations": [
            {
              "start": { "line": 43, "column": 35 },
              "end": { "line": 43, "column": 70 }
            }
          ]
        },
        "9": {
          "type": "branch",
          "line": 46,
          "loc": {
            "start": { "line": 46, "column": 12 },
            "end": { "line": 48, "column": 5 }
          },
          "locations": [
            {
              "start": { "line": 46, "column": 12 },
              "end": { "line": 48, "column": 5 }
            }
          ]
        },
        "10": {
          "type": "branch",
          "line": 50,
          "loc": {
            "start": { "line": 50, "column": -1 },
            "end": { "line": 51, "column": 1 }
          },
          "locations": [
            {
              "start": { "line": 50, "column": -1 },
              "end": { "line": 51, "column": 1 }
            }
          ]
        },
        "11": {
          "type": "branch",
          "line": 59,
          "loc": {
            "start": { "line": 59, "column": 0 },
            "end": { "line": 67, "column": 1 }
          },
          "locations": [
            {
              "start": { "line": 59, "column": 0 },
              "end": { "line": 67, "column": 1 }
            }
          ]
        },
        "12": {
          "type": "branch",
          "line": 83,
          "loc": {
            "start": { "line": 83, "column": 0 },
            "end": { "line": 86, "column": 1 }
          },
          "locations": [
            {
              "start": { "line": 83, "column": 0 },
              "end": { "line": 86, "column": 1 }
            }
          ]
        },
        "13": {
          "type": "branch",
          "line": 102,
          "loc": {
            "start": { "line": 102, "column": 0 },
            "end": { "line": 104, "column": 1 }
          },
          "locations": [
            {
              "start": { "line": 102, "column": 0 },
              "end": { "line": 104, "column": 1 }
            }
          ]
        }
      },
      "b": {
        "0": [4],
        "1": [3],
        "2": [1],
        "3": [3],
        "4": [6],
        "5": [4],
        "6": [6],
        "7": [5],
        "8": [3],
        "9": [3],
        "10": [1],
        "11": [4],
        "12": [6],
        "13": [5]
      },
      "fnMap": {
        "0": {
          "name": "buildStoryCandidates",
          "decl": {
            "start": { "line": 16, "column": 0 },
            "end": { "line": 31, "column": 1 }
          },
          "loc": {
            "start": { "line": 16, "column": 0 },
            "end": { "line": 31, "column": 1 }
          },
          "line": 16
        },
        "1": {
          "name": "storyExists",
          "decl": {
            "start": { "line": 39, "column": 0 },
            "end": { "line": 51, "column": 1 }
          },
          "loc": {
            "start": { "line": 39, "column": 0 },
            "end": { "line": 51, "column": 1 }
          },
          "line": 39
        },
        "2": {
          "name": "normalizeStoryPath",
          "decl": {
            "start": { "line": 59, "column": 0 },
            "end": { "line": 67, "column": 1 }
          },
          "loc": {
            "start": { "line": 59, "column": 0 },
            "end": { "line": 67, "column": 1 }
          },
          "line": 59
        },
        "3": {
          "name": "isAbsolutePath",
          "decl": {
            "start": { "line": 74, "column": 0 },
            "end": { "line": 76, "column": 1 }
          },
          "loc": {
            "start": { "line": 74, "column": 0 },
            "end": { "line": 76, "column": 1 }
          },
          "line": 74
        },
        "4": {
          "name": "containsPathTraversal",
          "decl": {
            "start": { "line": 83, "column": 0 },
            "end": { "line": 86, "column": 1 }
          },
          "loc": {
            "start": { "line": 83, "column": 0 },
            "end": { "line": 86, "column": 1 }
          },
          "line": 83
        },
        "5": {
          "name": "isTraversalUnsafe",
          "decl": {
            "start": { "line": 93, "column": 0 },
            "end": { "line": 95, "column": 1 }
          },
          "loc": {
            "start": { "line": 93, "column": 0 },
            "end": { "line": 95, "column": 1 }
          },
          "line": 93
        },
        "6": {
          "name": "hasValidExtension",
          "decl": {
            "start": { "line": 102, "column": 0 },
            "end": { "line": 104, "column": 1 }
          },
          "loc": {
            "start": { "line": 102, "column": 0 },
            "end": { "line": 104, "column": 1 }
          },
          "line": 102
        },
        "7": {
          "name": "isUnsafeStoryPath",
          "decl": {
            "start": { "line": 111, "column": 0 },
            "end": { "line": 113, "column": 1 }
          },
          "loc": {
            "start": { "line": 111, "column": 0 },
            "end": { "line": 113, "column": 1 }
          },
          "line": 111
        }
      },
      "f": { "0": 4, "1": 4, "2": 4, "3": 0, "4": 6, "5": 0, "6": 5, "7": 0 }
    }
  }
}
