{"numFailedTestSuites":0,"numFailedTests":0,"numPassedTestSuites":25,"numPassedTests":128,"numPendingTestSuites":0,"numPendingTests":0,"numRuntimeErrorTestSuites":0,"numTodoTests":0,"numTotalTestSuites":25,"numTotalTests":128,"openHandles":[],"snapshot":{"added":0,"didUpdate":false,"failure":false,"filesAdded":0,"filesRemoved":0,"filesRemovedList":[],"filesUnmatched":0,"filesUpdated":0,"matched":0,"total":0,"unchecked":0,"uncheckedKeysByFile":[],"unmatched":0,"updated":0},"startTime":1763621763496,"success":true,"testResults":[{"assertionResults":[{"ancestorTitles":["[docs/stories/001.0-DEV-PLUGIN-SETUP.story.md] CLI Integration (traceability plugin)"],"duration":265,"failing":false,"failureDetails":[],"failureMessages":[],"fullName":"[docs/stories/001.0-DEV-PLUGIN-SETUP.story.md] CLI Integration (traceability plugin) [REQ-PLUGIN-STRUCTURE] reports error when @story annotation is missing","invocations":1,"location":null,"numPassingAsserts":1,"retryReasons":[],"startAt":1763621765800,"status":"passed","title":"[REQ-PLUGIN-STRUCTURE] reports error when @story annotation is missing"},{"ancestorTitles":["[docs/stories/001.0-DEV-PLUGIN-SETUP.story.md] CLI Integration (traceability plugin)"],"duration":239,"failing":false,"failureDetails":[],"failureMessages":[],"fullName":"[docs/stories/001.0-DEV-PLUGIN-SETUP.story.md] CLI Integration (traceability plugin) [REQ-PLUGIN-STRUCTURE] does not report error when @story annotation is present","invocations":1,"location":null,"numPassingAsserts":1,"retryReasons":[],"startAt":1763621766065,"status":"passed","title":"[REQ-PLUGIN-STRUCTURE] does not report error when @story annotation is present"},{"ancestorTitles":["[docs/stories/001.0-DEV-PLUGIN-SETUP.story.md] CLI Integration (traceability plugin)"],"duration":241,"failing":false,"failureDetails":[],"failureMessages":[],"fullName":"[docs/stories/001.0-DEV-PLUGIN-SETUP.story.md] CLI Integration (traceability plugin) [REQ-PLUGIN-STRUCTURE] reports error when @req annotation is missing","invocations":1,"location":null,"numPassingAsserts":1,"retryReasons":[],"startAt":1763621766305,"status":"passed","title":"[REQ-PLUGIN-STRUCTURE] reports error when @req annotation is missing"},{"ancestorTitles":["[docs/stories/001.0-DEV-PLUGIN-SETUP.story.md] CLI Integration (traceability plugin)"],"duration":239,"failing":false,"failureDetails":[],"failureMessages":[],"fullName":"[docs/stories/001.0-DEV-PLUGIN-SETUP.story.md] CLI Integration (traceability plugin) [REQ-PLUGIN-STRUCTURE] reports error when @story annotation uses path traversal and @req annotation uses path traversal","invocations":1,"location":null,"numPassingAsserts":1,"retryReasons":[],"startAt":1763621766546,"status":"passed","title":"[REQ-PLUGIN-STRUCTURE] reports error when @story annotation uses path traversal and @req annotation uses path traversal"},{"ancestorTitles":["[docs/stories/001.0-DEV-PLUGIN-SETUP.story.md] CLI Integration (traceability plugin)"],"duration":246,"failing":false,"failureDetails":[],"failureMessages":[],"fullName":"[docs/stories/001.0-DEV-PLUGIN-SETUP.story.md] CLI Integration (traceability plugin) [REQ-PLUGIN-STRUCTURE] reports error when @story annotation uses absolute path and @req annotation uses absolute path","invocations":1,"location":null,"numPassingAsserts":1,"retryReasons":[],"startAt":1763621766785,"status":"passed","title":"[REQ-PLUGIN-STRUCTURE] reports error when @story annotation uses absolute path and @req annotation uses absolute path"}],"endTime":1763621767082,"message":"","name":"/Users/tomhoward/Projects/eslint-plugin-traceability/tests/integration/cli-integration.test.ts","startTime":1763621763618,"status":"passed","summary":""},{"assertionResults":[{"ancestorTitles":["Require Story Annotation Rule (Story 003.0-DEV-FUNCTION-ANNOTATIONS)","require-story-annotation","valid"],"duration":34,"failing":false,"failureDetails":[],"failureMessages":[],"fullName":"Require Story Annotation Rule (Story 003.0-DEV-FUNCTION-ANNOTATIONS) require-story-annotation valid [REQ-ANNOTATION-REQUIRED] valid with JSDoc @story annotation","invocations":1,"location":null,"numPassingAsserts":0,"retryReasons":[],"startAt":1763621767804,"status":"passed","title":"[REQ-ANNOTATION-REQUIRED] valid with JSDoc @story annotation"},{"ancestorTitles":["Require Story Annotation Rule (Story 003.0-DEV-FUNCTION-ANNOTATIONS)","require-story-annotation","valid"],"duration":2,"failing":false,"failureDetails":[],"failureMessages":[],"fullName":"Require Story Annotation Rule (Story 003.0-DEV-FUNCTION-ANNOTATIONS) require-story-annotation valid [REQ-ANNOTATION-REQUIRED] valid with line comment @story annotation","invocations":1,"location":null,"numPassingAsserts":0,"retryReasons":[],"startAt":1763621767839,"status":"passed","title":"[REQ-ANNOTATION-REQUIRED] valid with line comment @story annotation"},{"ancestorTitles":["Require Story Annotation Rule (Story 003.0-DEV-FUNCTION-ANNOTATIONS)","require-story-annotation","valid"],"duration":3,"failing":false,"failureDetails":[],"failureMessages":[],"fullName":"Require Story Annotation Rule (Story 003.0-DEV-FUNCTION-ANNOTATIONS) require-story-annotation valid [REQ-ANNOTATION-REQUIRED] valid on function expression with annotation","invocations":1,"location":null,"numPassingAsserts":0,"retryReasons":[],"startAt":1763621767841,"status":"passed","title":"[REQ-ANNOTATION-REQUIRED] valid on function expression with annotation"},{"ancestorTitles":["Require Story Annotation Rule (Story 003.0-DEV-FUNCTION-ANNOTATIONS)","require-story-annotation","valid"],"duration":2,"failing":false,"failureDetails":[],"failureMessages":[],"fullName":"Require Story Annotation Rule (Story 003.0-DEV-FUNCTION-ANNOTATIONS) require-story-annotation valid [REQ-ANNOTATION-REQUIRED] valid on arrow function with annotation","invocations":1,"location":null,"numPassingAsserts":0,"retryReasons":[],"startAt":1763621767844,"status":"passed","title":"[REQ-ANNOTATION-REQUIRED] valid on arrow function with annotation"},{"ancestorTitles":["Require Story Annotation Rule (Story 003.0-DEV-FUNCTION-ANNOTATIONS)","require-story-annotation","valid"],"duration":2,"failing":false,"failureDetails":[],"failureMessages":[],"fullName":"Require Story Annotation Rule (Story 003.0-DEV-FUNCTION-ANNOTATIONS) require-story-annotation valid [REQ-ANNOTATION-REQUIRED] valid on class method with annotation","invocations":1,"location":null,"numPassingAsserts":0,"retryReasons":[],"startAt":1763621767846,"status":"passed","title":"[REQ-ANNOTATION-REQUIRED] valid on class method with annotation"},{"ancestorTitles":["Require Story Annotation Rule (Story 003.0-DEV-FUNCTION-ANNOTATIONS)","require-story-annotation","valid"],"duration":11,"failing":false,"failureDetails":[],"failureMessages":[],"fullName":"Require Story Annotation Rule (Story 003.0-DEV-FUNCTION-ANNOTATIONS) require-story-annotation valid [REQ-FUNCTION-DETECTION] valid with annotation on TS declare function","invocations":1,"location":null,"numPassingAsserts":0,"retryReasons":[],"startAt":1763621767848,"status":"passed","title":"[REQ-FUNCTION-DETECTION] valid with annotation on TS declare function"},{"ancestorTitles":["Require Story Annotation Rule (Story 003.0-DEV-FUNCTION-ANNOTATIONS)","require-story-annotation","valid"],"duration":4,"failing":false,"failureDetails":[],"failureMessages":[],"fullName":"Require Story Annotation Rule (Story 003.0-DEV-FUNCTION-ANNOTATIONS) require-story-annotation valid [REQ-FUNCTION-DETECTION] valid with annotation on TS method signature","invocations":1,"location":null,"numPassingAsserts":0,"retryReasons":[],"startAt":1763621767859,"status":"passed","title":"[REQ-FUNCTION-DETECTION] valid with annotation on TS method signature"},{"ancestorTitles":["Require Story Annotation Rule (Story 003.0-DEV-FUNCTION-ANNOTATIONS)","require-story-annotation","invalid"],"duration":4,"failing":false,"failureDetails":[],"failureMessages":[],"fullName":"Require Story Annotation Rule (Story 003.0-DEV-FUNCTION-ANNOTATIONS) require-story-annotation invalid [REQ-ANNOTATION-REQUIRED] missing @story annotation on function","invocations":1,"location":null,"numPassingAsserts":0,"retryReasons":[],"startAt":1763621767863,"status":"passed","title":"[REQ-ANNOTATION-REQUIRED] missing @story annotation on function"},{"ancestorTitles":["Require Story Annotation Rule (Story 003.0-DEV-FUNCTION-ANNOTATIONS)","require-story-annotation","invalid"],"duration":2,"failing":false,"failureDetails":[],"failureMessages":[],"fullName":"Require Story Annotation Rule (Story 003.0-DEV-FUNCTION-ANNOTATIONS) require-story-annotation invalid [REQ-ANNOTATION-REQUIRED] missing @story on function expression","invocations":1,"location":null,"numPassingAsserts":0,"retryReasons":[],"startAt":1763621767867,"status":"passed","title":"[REQ-ANNOTATION-REQUIRED] missing @story on function expression"},{"ancestorTitles":["Require Story Annotation Rule (Story 003.0-DEV-FUNCTION-ANNOTATIONS)","require-story-annotation","invalid"],"duration":5,"failing":false,"failureDetails":[],"failureMessages":[],"fullName":"Require Story Annotation Rule (Story 003.0-DEV-FUNCTION-ANNOTATIONS) require-story-annotation invalid [REQ-ANNOTATION-REQUIRED] missing @story on arrow function","invocations":1,"location":null,"numPassingAsserts":0,"retryReasons":[],"startAt":1763621767869,"status":"passed","title":"[REQ-ANNOTATION-REQUIRED] missing @story on arrow function"},{"ancestorTitles":["Require Story Annotation Rule (Story 003.0-DEV-FUNCTION-ANNOTATIONS)","require-story-annotation","invalid"],"duration":2,"failing":false,"failureDetails":[],"failureMessages":[],"fullName":"Require Story Annotation Rule (Story 003.0-DEV-FUNCTION-ANNOTATIONS) require-story-annotation invalid [REQ-ANNOTATION-REQUIRED] missing @story on class method","invocations":1,"location":null,"numPassingAsserts":0,"retryReasons":[],"startAt":1763621767875,"status":"passed","title":"[REQ-ANNOTATION-REQUIRED] missing @story on class method"},{"ancestorTitles":["Require Story Annotation Rule (Story 003.0-DEV-FUNCTION-ANNOTATIONS)","require-story-annotation","invalid"],"duration":3,"failing":false,"failureDetails":[],"failureMessages":[],"fullName":"Require Story Annotation Rule (Story 003.0-DEV-FUNCTION-ANNOTATIONS) require-story-annotation invalid [REQ-ANNOTATION-REQUIRED] missing @story on TS declare function","invocations":1,"location":null,"numPassingAsserts":0,"retryReasons":[],"startAt":1763621767877,"status":"passed","title":"[REQ-ANNOTATION-REQUIRED] missing @story on TS declare function"},{"ancestorTitles":["Require Story Annotation Rule (Story 003.0-DEV-FUNCTION-ANNOTATIONS)","require-story-annotation","invalid"],"duration":2,"failing":false,"failureDetails":[],"failureMessages":[],"fullName":"Require Story Annotation Rule (Story 003.0-DEV-FUNCTION-ANNOTATIONS) require-story-annotation invalid [REQ-ANNOTATION-REQUIRED] missing @story on TS method signature","invocations":1,"location":null,"numPassingAsserts":0,"retryReasons":[],"startAt":1763621767881,"status":"passed","title":"[REQ-ANNOTATION-REQUIRED] missing @story on TS method signature"},{"ancestorTitles":["Require Story Annotation Rule (Story 003.0-DEV-FUNCTION-ANNOTATIONS)","require-story-annotation with exportPriority option","valid"],"duration":2,"failing":false,"failureDetails":[],"failureMessages":[],"fullName":"Require Story Annotation Rule (Story 003.0-DEV-FUNCTION-ANNOTATIONS) require-story-annotation with exportPriority option valid [exportPriority] unexported function without @story should be valid","invocations":1,"location":null,"numPassingAsserts":0,"retryReasons":[],"startAt":1763621767883,"status":"passed","title":"[exportPriority] unexported function without @story should be valid"},{"ancestorTitles":["Require Story Annotation Rule (Story 003.0-DEV-FUNCTION-ANNOTATIONS)","require-story-annotation with exportPriority option","valid"],"duration":2,"failing":false,"failureDetails":[],"failureMessages":[],"fullName":"Require Story Annotation Rule (Story 003.0-DEV-FUNCTION-ANNOTATIONS) require-story-annotation with exportPriority option valid [exportPriority] exported with annotation","invocations":1,"location":null,"numPassingAsserts":0,"retryReasons":[],"startAt":1763621767885,"status":"passed","title":"[exportPriority] exported with annotation"},{"ancestorTitles":["Require Story Annotation Rule (Story 003.0-DEV-FUNCTION-ANNOTATIONS)","require-story-annotation with exportPriority option","invalid"],"duration":3,"failing":false,"failureDetails":[],"failureMessages":[],"fullName":"Require Story Annotation Rule (Story 003.0-DEV-FUNCTION-ANNOTATIONS) require-story-annotation with exportPriority option invalid [exportPriority] exported function missing @story annotation","invocations":1,"location":null,"numPassingAsserts":0,"retryReasons":[],"startAt":1763621767887,"status":"passed","title":"[exportPriority] exported function missing @story annotation"},{"ancestorTitles":["Require Story Annotation Rule (Story 003.0-DEV-FUNCTION-ANNOTATIONS)","require-story-annotation with exportPriority option","invalid"],"duration":2,"failing":false,"failureDetails":[],"failureMessages":[],"fullName":"Require Story Annotation Rule (Story 003.0-DEV-FUNCTION-ANNOTATIONS) require-story-annotation with exportPriority option invalid [exportPriority] exported arrow function missing @story annotation","invocations":1,"location":null,"numPassingAsserts":0,"retryReasons":[],"startAt":1763621767890,"status":"passed","title":"[exportPriority] exported arrow function missing @story annotation"},{"ancestorTitles":["Require Story Annotation Rule (Story 003.0-DEV-FUNCTION-ANNOTATIONS)","require-story-annotation with scope option","valid"],"duration":1,"failing":false,"failureDetails":[],"failureMessages":[],"fullName":"Require Story Annotation Rule (Story 003.0-DEV-FUNCTION-ANNOTATIONS) require-story-annotation with scope option valid [scope] arrow function ignored when scope is FunctionDeclaration","invocations":1,"location":null,"numPassingAsserts":0,"retryReasons":[],"startAt":1763621767892,"status":"passed","title":"[scope] arrow function ignored when scope is FunctionDeclaration"},{"ancestorTitles":["Require Story Annotation Rule (Story 003.0-DEV-FUNCTION-ANNOTATIONS)","require-story-annotation with scope option","invalid"],"duration":2,"failing":false,"failureDetails":[],"failureMessages":[],"fullName":"Require Story Annotation Rule (Story 003.0-DEV-FUNCTION-ANNOTATIONS) require-story-annotation with scope option invalid [scope] function declaration missing annotation when scope is FunctionDeclaration","invocations":1,"location":null,"numPassingAsserts":0,"retryReasons":[],"startAt":1763621767894,"status":"passed","title":"[scope] function declaration missing annotation when scope is FunctionDeclaration"}],"endTime":1763621768010,"message":"","name":"/Users/tomhoward/Projects/eslint-plugin-traceability/tests/rules/require-story-annotation.test.ts","startTime":1763621767089,"status":"passed","summary":""},{"assertionResults":[{"ancestorTitles":["Require Req Annotation Rule (Story 003.0-DEV-FUNCTION-ANNOTATIONS)","require-req-annotation","valid"],"duration":18,"failing":false,"failureDetails":[],"failureMessages":[],"fullName":"Require Req Annotation Rule (Story 003.0-DEV-FUNCTION-ANNOTATIONS) require-req-annotation valid [REQ-ANNOTATION-REQUIRED] valid with only @req annotation","invocations":1,"location":null,"numPassingAsserts":0,"retryReasons":[],"startAt":1763621768647,"status":"passed","title":"[REQ-ANNOTATION-REQUIRED] valid with only @req annotation"},{"ancestorTitles":["Require Req Annotation Rule (Story 003.0-DEV-FUNCTION-ANNOTATIONS)","require-req-annotation","valid"],"duration":2,"failing":false,"failureDetails":[],"failureMessages":[],"fullName":"Require Req Annotation Rule (Story 003.0-DEV-FUNCTION-ANNOTATIONS) require-req-annotation valid [REQ-ANNOTATION-REQUIRED] valid with @story and @req annotations","invocations":1,"location":null,"numPassingAsserts":0,"retryReasons":[],"startAt":1763621768665,"status":"passed","title":"[REQ-ANNOTATION-REQUIRED] valid with @story and @req annotations"},{"ancestorTitles":["Require Req Annotation Rule (Story 003.0-DEV-FUNCTION-ANNOTATIONS)","require-req-annotation","valid"],"duration":10,"failing":false,"failureDetails":[],"failureMessages":[],"fullName":"Require Req Annotation Rule (Story 003.0-DEV-FUNCTION-ANNOTATIONS) require-req-annotation valid [REQ-TYPESCRIPT-SUPPORT] valid with @req annotation on TSDeclareFunction","invocations":1,"location":null,"numPassingAsserts":0,"retryReasons":[],"startAt":1763621768667,"status":"passed","title":"[REQ-TYPESCRIPT-SUPPORT] valid with @req annotation on TSDeclareFunction"},{"ancestorTitles":["Require Req Annotation Rule (Story 003.0-DEV-FUNCTION-ANNOTATIONS)","require-req-annotation","valid"],"duration":2,"failing":false,"failureDetails":[],"failureMessages":[],"fullName":"Require Req Annotation Rule (Story 003.0-DEV-FUNCTION-ANNOTATIONS) require-req-annotation valid [REQ-TYPESCRIPT-SUPPORT] valid with @req annotation on TSMethodSignature","invocations":1,"location":null,"numPassingAsserts":0,"retryReasons":[],"startAt":1763621768677,"status":"passed","title":"[REQ-TYPESCRIPT-SUPPORT] valid with @req annotation on TSMethodSignature"},{"ancestorTitles":["Require Req Annotation Rule (Story 003.0-DEV-FUNCTION-ANNOTATIONS)","require-req-annotation","invalid"],"duration":3,"failing":false,"failureDetails":[],"failureMessages":[],"fullName":"Require Req Annotation Rule (Story 003.0-DEV-FUNCTION-ANNOTATIONS) require-req-annotation invalid [REQ-ANNOTATION-REQUIRED] missing @req on function without JSDoc","invocations":1,"location":null,"numPassingAsserts":0,"retryReasons":[],"startAt":1763621768679,"status":"passed","title":"[REQ-ANNOTATION-REQUIRED] missing @req on function without JSDoc"},{"ancestorTitles":["Require Req Annotation Rule (Story 003.0-DEV-FUNCTION-ANNOTATIONS)","require-req-annotation","invalid"],"duration":1,"failing":false,"failureDetails":[],"failureMessages":[],"fullName":"Require Req Annotation Rule (Story 003.0-DEV-FUNCTION-ANNOTATIONS) require-req-annotation invalid [REQ-ANNOTATION-REQUIRED] missing @req on function with only @story annotation","invocations":1,"location":null,"numPassingAsserts":0,"retryReasons":[],"startAt":1763621768682,"status":"passed","title":"[REQ-ANNOTATION-REQUIRED] missing @req on function with only @story annotation"},{"ancestorTitles":["Require Req Annotation Rule (Story 003.0-DEV-FUNCTION-ANNOTATIONS)","require-req-annotation","invalid"],"duration":3,"failing":false,"failureDetails":[],"failureMessages":[],"fullName":"Require Req Annotation Rule (Story 003.0-DEV-FUNCTION-ANNOTATIONS) require-req-annotation invalid [REQ-TYPESCRIPT-SUPPORT] missing @req on TSDeclareFunction","invocations":1,"location":null,"numPassingAsserts":0,"retryReasons":[],"startAt":1763621768683,"status":"passed","title":"[REQ-TYPESCRIPT-SUPPORT] missing @req on TSDeclareFunction"},{"ancestorTitles":["Require Req Annotation Rule (Story 003.0-DEV-FUNCTION-ANNOTATIONS)","require-req-annotation","invalid"],"duration":2,"failing":false,"failureDetails":[],"failureMessages":[],"fullName":"Require Req Annotation Rule (Story 003.0-DEV-FUNCTION-ANNOTATIONS) require-req-annotation invalid [REQ-TYPESCRIPT-SUPPORT] missing @req on TSMethodSignature","invocations":1,"location":null,"numPassingAsserts":0,"retryReasons":[],"startAt":1763621768686,"status":"passed","title":"[REQ-TYPESCRIPT-SUPPORT] missing @req on TSMethodSignature"}],"endTime":1763621768768,"message":"","name":"/Users/tomhoward/Projects/eslint-plugin-traceability/tests/rules/require-req-annotation.test.ts","startTime":1763621768039,"status":"passed","summary":""},{"assertionResults":[{"ancestorTitles":["CLI Error Handling for Traceability Plugin (Story 001.0-DEV-PLUGIN-SETUP)"],"duration":257,"failing":false,"failureDetails":[],"failureMessages":[],"fullName":"CLI Error Handling for Traceability Plugin (Story 001.0-DEV-PLUGIN-SETUP) [REQ-ERROR-HANDLING] should exit with error when rule module missing","invocations":1,"location":null,"numPassingAsserts":2,"retryReasons":[],"startAt":1763621769017,"status":"passed","title":"[REQ-ERROR-HANDLING] should exit with error when rule module missing"}],"endTime":1763621769322,"message":"","name":"/Users/tomhoward/Projects/eslint-plugin-traceability/tests/cli-error-handling.test.ts","startTime":1763621768781,"status":"passed","summary":""},{"assertionResults":[{"ancestorTitles":["Require Branch Annotation Rule (Story 004.0-DEV-BRANCH-ANNOTATIONS)","require-branch-annotation","valid"],"duration":22,"failing":false,"failureDetails":[],"failureMessages":[],"fullName":"Require Branch Annotation Rule (Story 004.0-DEV-BRANCH-ANNOTATIONS) require-branch-annotation valid [REQ-BRANCH-DETECTION] valid fallback scanning comment detection","invocations":1,"location":null,"numPassingAsserts":0,"retryReasons":[],"startAt":1763621769731,"status":"passed","title":"[REQ-BRANCH-DETECTION] valid fallback scanning comment detection"},{"ancestorTitles":["Require Branch Annotation Rule (Story 004.0-DEV-BRANCH-ANNOTATIONS)","require-branch-annotation","valid"],"duration":2,"failing":false,"failureDetails":[],"failureMessages":[],"fullName":"Require Branch Annotation Rule (Story 004.0-DEV-BRANCH-ANNOTATIONS) require-branch-annotation valid [REQ-BRANCH-DETECTION] valid if-statement with annotations","invocations":1,"location":null,"numPassingAsserts":0,"retryReasons":[],"startAt":1763621769753,"status":"passed","title":"[REQ-BRANCH-DETECTION] valid if-statement with annotations"},{"ancestorTitles":["Require Branch Annotation Rule (Story 004.0-DEV-BRANCH-ANNOTATIONS)","require-branch-annotation","valid"],"duration":3,"failing":false,"failureDetails":[],"failureMessages":[],"fullName":"Require Branch Annotation Rule (Story 004.0-DEV-BRANCH-ANNOTATIONS) require-branch-annotation valid [REQ-BRANCH-DETECTION] valid for loop with block comment annotations","invocations":1,"location":null,"numPassingAsserts":0,"retryReasons":[],"startAt":1763621769755,"status":"passed","title":"[REQ-BRANCH-DETECTION] valid for loop with block comment annotations"},{"ancestorTitles":["Require Branch Annotation Rule (Story 004.0-DEV-BRANCH-ANNOTATIONS)","require-branch-annotation","valid"],"duration":2,"failing":false,"failureDetails":[],"failureMessages":[],"fullName":"Require Branch Annotation Rule (Story 004.0-DEV-BRANCH-ANNOTATIONS) require-branch-annotation valid [REQ-BRANCH-DETECTION] valid switch-case with annotations","invocations":1,"location":null,"numPassingAsserts":0,"retryReasons":[],"startAt":1763621769758,"status":"passed","title":"[REQ-BRANCH-DETECTION] valid switch-case with annotations"},{"ancestorTitles":["Require Branch Annotation Rule (Story 004.0-DEV-BRANCH-ANNOTATIONS)","require-branch-annotation","valid"],"duration":2,"failing":false,"failureDetails":[],"failureMessages":[],"fullName":"Require Branch Annotation Rule (Story 004.0-DEV-BRANCH-ANNOTATIONS) require-branch-annotation valid [REQ-BRANCH-DETECTION] valid try-finally with annotations","invocations":1,"location":null,"numPassingAsserts":0,"retryReasons":[],"startAt":1763621769760,"status":"passed","title":"[REQ-BRANCH-DETECTION] valid try-finally with annotations"},{"ancestorTitles":["Require Branch Annotation Rule (Story 004.0-DEV-BRANCH-ANNOTATIONS)","require-branch-annotation","valid"],"duration":1,"failing":false,"failureDetails":[],"failureMessages":[],"fullName":"Require Branch Annotation Rule (Story 004.0-DEV-BRANCH-ANNOTATIONS) require-branch-annotation valid [REQ-BRANCH-DETECTION] valid catch with annotations","invocations":1,"location":null,"numPassingAsserts":0,"retryReasons":[],"startAt":1763621769762,"status":"passed","title":"[REQ-BRANCH-DETECTION] valid catch with annotations"},{"ancestorTitles":["Require Branch Annotation Rule (Story 004.0-DEV-BRANCH-ANNOTATIONS)","require-branch-annotation","valid"],"duration":2,"failing":false,"failureDetails":[],"failureMessages":[],"fullName":"Require Branch Annotation Rule (Story 004.0-DEV-BRANCH-ANNOTATIONS) require-branch-annotation valid [REQ-BRANCH-DETECTION] valid do-while loop with annotations","invocations":1,"location":null,"numPassingAsserts":0,"retryReasons":[],"startAt":1763621769763,"status":"passed","title":"[REQ-BRANCH-DETECTION] valid do-while loop with annotations"},{"ancestorTitles":["Require Branch Annotation Rule (Story 004.0-DEV-BRANCH-ANNOTATIONS)","require-branch-annotation","valid"],"duration":1,"failing":false,"failureDetails":[],"failureMessages":[],"fullName":"Require Branch Annotation Rule (Story 004.0-DEV-BRANCH-ANNOTATIONS) require-branch-annotation valid [REQ-BRANCH-DETECTION] valid for-of loop with annotations","invocations":1,"location":null,"numPassingAsserts":0,"retryReasons":[],"startAt":1763621769765,"status":"passed","title":"[REQ-BRANCH-DETECTION] valid for-of loop with annotations"},{"ancestorTitles":["Require Branch Annotation Rule (Story 004.0-DEV-BRANCH-ANNOTATIONS)","require-branch-annotation","valid"],"duration":2,"failing":false,"failureDetails":[],"failureMessages":[],"fullName":"Require Branch Annotation Rule (Story 004.0-DEV-BRANCH-ANNOTATIONS) require-branch-annotation valid [REQ-BRANCH-DETECTION] valid for-in loop with annotations","invocations":1,"location":null,"numPassingAsserts":0,"retryReasons":[],"startAt":1763621769766,"status":"passed","title":"[REQ-BRANCH-DETECTION] valid for-in loop with annotations"},{"ancestorTitles":["Require Branch Annotation Rule (Story 004.0-DEV-BRANCH-ANNOTATIONS)","require-branch-annotation","valid"],"duration":1,"failing":false,"failureDetails":[],"failureMessages":[],"fullName":"Require Branch Annotation Rule (Story 004.0-DEV-BRANCH-ANNOTATIONS) require-branch-annotation valid [REQ-BRANCH-DETECTION] valid while loop with annotations","invocations":1,"location":null,"numPassingAsserts":0,"retryReasons":[],"startAt":1763621769768,"status":"passed","title":"[REQ-BRANCH-DETECTION] valid while loop with annotations"},{"ancestorTitles":["Require Branch Annotation Rule (Story 004.0-DEV-BRANCH-ANNOTATIONS)","require-branch-annotation","valid"],"duration":1,"failing":false,"failureDetails":[],"failureMessages":[],"fullName":"Require Branch Annotation Rule (Story 004.0-DEV-BRANCH-ANNOTATIONS) require-branch-annotation valid [REQ-BRANCH-DETECTION] valid switch-case with inline annotation","invocations":1,"location":null,"numPassingAsserts":0,"retryReasons":[],"startAt":1763621769769,"status":"passed","title":"[REQ-BRANCH-DETECTION] valid switch-case with inline annotation"},{"ancestorTitles":["Require Branch Annotation Rule (Story 004.0-DEV-BRANCH-ANNOTATIONS)","require-branch-annotation","valid"],"duration":1,"failing":false,"failureDetails":[],"failureMessages":[],"fullName":"Require Branch Annotation Rule (Story 004.0-DEV-BRANCH-ANNOTATIONS) require-branch-annotation valid [REQ-BRANCH-DETECTION] valid default case without annotations","invocations":1,"location":null,"numPassingAsserts":0,"retryReasons":[],"startAt":1763621769773,"status":"passed","title":"[REQ-BRANCH-DETECTION] valid default case without annotations"},{"ancestorTitles":["Require Branch Annotation Rule (Story 004.0-DEV-BRANCH-ANNOTATIONS)","require-branch-annotation","valid"],"duration":1,"failing":false,"failureDetails":[],"failureMessages":[],"fullName":"Require Branch Annotation Rule (Story 004.0-DEV-BRANCH-ANNOTATIONS) require-branch-annotation valid [REQ-CONFIGURABLE-SCOPE] custom branchTypes ignores unlisted branch types","invocations":1,"location":null,"numPassingAsserts":0,"retryReasons":[],"startAt":1763621769774,"status":"passed","title":"[REQ-CONFIGURABLE-SCOPE] custom branchTypes ignores unlisted branch types"},{"ancestorTitles":["Require Branch Annotation Rule (Story 004.0-DEV-BRANCH-ANNOTATIONS)","require-branch-annotation","valid"],"duration":1,"failing":false,"failureDetails":[],"failureMessages":[],"fullName":"Require Branch Annotation Rule (Story 004.0-DEV-BRANCH-ANNOTATIONS) require-branch-annotation valid [REQ-CONFIGURABLE-SCOPE] custom branchTypes only enforce listed types","invocations":1,"location":null,"numPassingAsserts":0,"retryReasons":[],"startAt":1763621769776,"status":"passed","title":"[REQ-CONFIGURABLE-SCOPE] custom branchTypes only enforce listed types"},{"ancestorTitles":["Require Branch Annotation Rule (Story 004.0-DEV-BRANCH-ANNOTATIONS)","require-branch-annotation","invalid"],"duration":2,"failing":false,"failureDetails":[],"failureMessages":[],"fullName":"Require Branch Annotation Rule (Story 004.0-DEV-BRANCH-ANNOTATIONS) require-branch-annotation invalid [REQ-BRANCH-DETECTION] missing annotations on if-statement","invocations":1,"location":null,"numPassingAsserts":0,"retryReasons":[],"startAt":1763621769777,"status":"passed","title":"[REQ-BRANCH-DETECTION] missing annotations on if-statement"},{"ancestorTitles":["Require Branch Annotation Rule (Story 004.0-DEV-BRANCH-ANNOTATIONS)","require-branch-annotation","invalid"],"duration":2,"failing":false,"failureDetails":[],"failureMessages":[],"fullName":"Require Branch Annotation Rule (Story 004.0-DEV-BRANCH-ANNOTATIONS) require-branch-annotation invalid [REQ-BRANCH-DETECTION] missing @req on for loop when only story present","invocations":1,"location":null,"numPassingAsserts":0,"retryReasons":[],"startAt":1763621769779,"status":"passed","title":"[REQ-BRANCH-DETECTION] missing @req on for loop when only story present"},{"ancestorTitles":["Require Branch Annotation Rule (Story 004.0-DEV-BRANCH-ANNOTATIONS)","require-branch-annotation","invalid"],"duration":1,"failing":false,"failureDetails":[],"failureMessages":[],"fullName":"Require Branch Annotation Rule (Story 004.0-DEV-BRANCH-ANNOTATIONS) require-branch-annotation invalid [REQ-BRANCH-DETECTION] missing @story on while loop when only req present","invocations":1,"location":null,"numPassingAsserts":0,"retryReasons":[],"startAt":1763621769782,"status":"passed","title":"[REQ-BRANCH-DETECTION] missing @story on while loop when only req present"},{"ancestorTitles":["Require Branch Annotation Rule (Story 004.0-DEV-BRANCH-ANNOTATIONS)","require-branch-annotation","invalid"],"duration":1,"failing":false,"failureDetails":[],"failureMessages":[],"fullName":"Require Branch Annotation Rule (Story 004.0-DEV-BRANCH-ANNOTATIONS) require-branch-annotation invalid [REQ-BRANCH-DETECTION] missing annotations on switch-case","invocations":1,"location":null,"numPassingAsserts":0,"retryReasons":[],"startAt":1763621769783,"status":"passed","title":"[REQ-BRANCH-DETECTION] missing annotations on switch-case"},{"ancestorTitles":["Require Branch Annotation Rule (Story 004.0-DEV-BRANCH-ANNOTATIONS)","require-branch-annotation","invalid"],"duration":1,"failing":false,"failureDetails":[],"failureMessages":[],"fullName":"Require Branch Annotation Rule (Story 004.0-DEV-BRANCH-ANNOTATIONS) require-branch-annotation invalid [REQ-BRANCH-DETECTION] missing annotations on do-while loop","invocations":1,"location":null,"numPassingAsserts":0,"retryReasons":[],"startAt":1763621769785,"status":"passed","title":"[REQ-BRANCH-DETECTION] missing annotations on do-while loop"},{"ancestorTitles":["Require Branch Annotation Rule (Story 004.0-DEV-BRANCH-ANNOTATIONS)","require-branch-annotation","invalid"],"duration":2,"failing":false,"failureDetails":[],"failureMessages":[],"fullName":"Require Branch Annotation Rule (Story 004.0-DEV-BRANCH-ANNOTATIONS) require-branch-annotation invalid [REQ-BRANCH-DETECTION] missing annotations on for-of loop","invocations":1,"location":null,"numPassingAsserts":0,"retryReasons":[],"startAt":1763621769786,"status":"passed","title":"[REQ-BRANCH-DETECTION] missing annotations on for-of loop"},{"ancestorTitles":["Require Branch Annotation Rule (Story 004.0-DEV-BRANCH-ANNOTATIONS)","require-branch-annotation","invalid"],"duration":2,"failing":false,"failureDetails":[],"failureMessages":[],"fullName":"Require Branch Annotation Rule (Story 004.0-DEV-BRANCH-ANNOTATIONS) require-branch-annotation invalid [REQ-BRANCH-DETECTION] missing annotations on for-in loop","invocations":1,"location":null,"numPassingAsserts":0,"retryReasons":[],"startAt":1763621769788,"status":"passed","title":"[REQ-BRANCH-DETECTION] missing annotations on for-in loop"},{"ancestorTitles":["Require Branch Annotation Rule (Story 004.0-DEV-BRANCH-ANNOTATIONS)","require-branch-annotation","invalid"],"duration":2,"failing":false,"failureDetails":[],"failureMessages":[],"fullName":"Require Branch Annotation Rule (Story 004.0-DEV-BRANCH-ANNOTATIONS) require-branch-annotation invalid [REQ-BRANCH-DETECTION] missing annotations on try-catch blocks","invocations":1,"location":null,"numPassingAsserts":0,"retryReasons":[],"startAt":1763621769790,"status":"passed","title":"[REQ-BRANCH-DETECTION] missing annotations on try-catch blocks"},{"ancestorTitles":["Require Branch Annotation Rule (Story 004.0-DEV-BRANCH-ANNOTATIONS)","require-branch-annotation","invalid"],"duration":1,"failing":false,"failureDetails":[],"failureMessages":[],"fullName":"Require Branch Annotation Rule (Story 004.0-DEV-BRANCH-ANNOTATIONS) require-branch-annotation invalid [REQ-BRANCH-DETECTION] missing annotations on switch-case with blank line","invocations":1,"location":null,"numPassingAsserts":0,"retryReasons":[],"startAt":1763621769792,"status":"passed","title":"[REQ-BRANCH-DETECTION] missing annotations on switch-case with blank line"},{"ancestorTitles":["Require Branch Annotation Rule (Story 004.0-DEV-BRANCH-ANNOTATIONS)","require-branch-annotation","invalid"],"duration":1,"failing":false,"failureDetails":[],"failureMessages":[],"fullName":"Require Branch Annotation Rule (Story 004.0-DEV-BRANCH-ANNOTATIONS) require-branch-annotation invalid [REQ-CONFIGURABLE-SCOPE] missing annotations on configured branch type ForStatement","invocations":1,"location":null,"numPassingAsserts":0,"retryReasons":[],"startAt":1763621769794,"status":"passed","title":"[REQ-CONFIGURABLE-SCOPE] missing annotations on configured branch type ForStatement"},{"ancestorTitles":["Require Branch Annotation Rule (Story 004.0-DEV-BRANCH-ANNOTATIONS)","require-branch-annotation","invalid"],"duration":1,"failing":false,"failureDetails":[],"failureMessages":[],"fullName":"Require Branch Annotation Rule (Story 004.0-DEV-BRANCH-ANNOTATIONS) require-branch-annotation invalid [REQ-CONFIGURABLE-SCOPE] invalid branchTypes option should error schema","invocations":1,"location":null,"numPassingAsserts":0,"retryReasons":[],"startAt":1763621769796,"status":"passed","title":"[REQ-CONFIGURABLE-SCOPE] invalid branchTypes option should error schema"}],"endTime":1763621769859,"message":"","name":"/Users/tomhoward/Projects/eslint-plugin-traceability/tests/rules/require-branch-annotation.test.ts","startTime":1763621769329,"status":"passed","summary":""},{"assertionResults":[{"ancestorTitles":["annotation-checker helper","annotation-checker","valid"],"duration":24,"failing":false,"failureDetails":[],"failureMessages":[],"fullName":"annotation-checker helper annotation-checker valid [REQ-TYPESCRIPT-SUPPORT] valid TSDeclareFunction with @req","invocations":1,"location":null,"numPassingAsserts":0,"retryReasons":[],"startAt":1763621770489,"status":"passed","title":"[REQ-TYPESCRIPT-SUPPORT] valid TSDeclareFunction with @req"},{"ancestorTitles":["annotation-checker helper","annotation-checker","valid"],"duration":2,"failing":false,"failureDetails":[],"failureMessages":[],"fullName":"annotation-checker helper annotation-checker valid [REQ-TYPESCRIPT-SUPPORT] valid TSMethodSignature with @req","invocations":1,"location":null,"numPassingAsserts":0,"retryReasons":[],"startAt":1763621770514,"status":"passed","title":"[REQ-TYPESCRIPT-SUPPORT] valid TSMethodSignature with @req"},{"ancestorTitles":["annotation-checker helper","annotation-checker","invalid"],"duration":3,"failing":false,"failureDetails":[],"failureMessages":[],"fullName":"annotation-checker helper annotation-checker invalid [REQ-TYPESCRIPT-SUPPORT] missing @req on TSDeclareFunction","invocations":1,"location":null,"numPassingAsserts":0,"retryReasons":[],"startAt":1763621770517,"status":"passed","title":"[REQ-TYPESCRIPT-SUPPORT] missing @req on TSDeclareFunction"},{"ancestorTitles":["annotation-checker helper","annotation-checker","invalid"],"duration":3,"failing":false,"failureDetails":[],"failureMessages":[],"fullName":"annotation-checker helper annotation-checker invalid [REQ-TYPESCRIPT-SUPPORT] missing @req on TSMethodSignature","invocations":1,"location":null,"numPassingAsserts":0,"retryReasons":[],"startAt":1763621770520,"status":"passed","title":"[REQ-TYPESCRIPT-SUPPORT] missing @req on TSMethodSignature"}],"endTime":1763621770616,"message":"","name":"/Users/tomhoward/Projects/eslint-plugin-traceability/tests/utils/annotation-checker.test.ts","startTime":1763621769870,"status":"passed","summary":""},{"assertionResults":[{"ancestorTitles":["Error Reporting Enhancements for require-story-annotation (Story 007.0-DEV-ERROR-REPORTING)","require-story-annotation","valid"],"duration":19,"failing":false,"failureDetails":[],"failureMessages":[],"fullName":"Error Reporting Enhancements for require-story-annotation (Story 007.0-DEV-ERROR-REPORTING) require-story-annotation valid [007.0-DEV-ERROR-REPORTING] valid with existing annotation","invocations":1,"location":null,"numPassingAsserts":0,"retryReasons":[],"startAt":1763621771013,"status":"passed","title":"[007.0-DEV-ERROR-REPORTING] valid with existing annotation"},{"ancestorTitles":["Error Reporting Enhancements for require-story-annotation (Story 007.0-DEV-ERROR-REPORTING)","require-story-annotation","invalid"],"duration":4,"failing":false,"failureDetails":[],"failureMessages":[],"fullName":"Error Reporting Enhancements for require-story-annotation (Story 007.0-DEV-ERROR-REPORTING) require-story-annotation invalid [REQ-ERROR-SPECIFIC] missing @story annotation should report specific details and suggestion","invocations":1,"location":null,"numPassingAsserts":0,"retryReasons":[],"startAt":1763621771033,"status":"passed","title":"[REQ-ERROR-SPECIFIC] missing @story annotation should report specific details and suggestion"}],"endTime":1763621771105,"message":"","name":"/Users/tomhoward/Projects/eslint-plugin-traceability/tests/rules/error-reporting.test.ts","startTime":1763621770626,"status":"passed","summary":""},{"assertionResults":[{"ancestorTitles":["detectStaleAnnotations isolated (Story 009.0-DEV-MAINTENANCE-TOOLS)"],"duration":1,"failing":false,"failureDetails":[],"failureMessages":[],"fullName":"detectStaleAnnotations isolated (Story 009.0-DEV-MAINTENANCE-TOOLS) [REQ-MAINT-DETECT] returns empty array when directory does not exist","invocations":1,"location":null,"numPassingAsserts":1,"retryReasons":[],"startAt":1763621771445,"status":"passed","title":"[REQ-MAINT-DETECT] returns empty array when directory does not exist"},{"ancestorTitles":["detectStaleAnnotations isolated (Story 009.0-DEV-MAINTENANCE-TOOLS)"],"duration":3,"failing":false,"failureDetails":[],"failureMessages":[],"fullName":"detectStaleAnnotations isolated (Story 009.0-DEV-MAINTENANCE-TOOLS) [REQ-MAINT-DETECT] detects stale annotations in nested directories","invocations":1,"location":null,"numPassingAsserts":3,"retryReasons":[],"startAt":1763621771447,"status":"passed","title":"[REQ-MAINT-DETECT] detects stale annotations in nested directories"},{"ancestorTitles":["detectStaleAnnotations isolated (Story 009.0-DEV-MAINTENANCE-TOOLS)"],"duration":3,"failing":false,"failureDetails":[],"failureMessages":[],"fullName":"detectStaleAnnotations isolated (Story 009.0-DEV-MAINTENANCE-TOOLS) [REQ-MAINT-DETECT] throws error on permission denied","invocations":1,"location":null,"numPassingAsserts":1,"retryReasons":[],"startAt":1763621771450,"status":"passed","title":"[REQ-MAINT-DETECT] throws error on permission denied"}],"endTime":1763621771519,"message":"","name":"/Users/tomhoward/Projects/eslint-plugin-traceability/tests/maintenance/detect-isolated.test.ts","startTime":1763621771117,"status":"passed","summary":""},{"assertionResults":[{"ancestorTitles":["Require Story Helpers (Story 003.0)"],"duration":2,"failing":false,"failureDetails":[],"failureMessages":[],"fullName":"Require Story Helpers (Story 003.0) createAddStoryFix uses parent range start when available","invocations":1,"location":null,"numPassingAsserts":4,"retryReasons":[],"startAt":1763621771869,"status":"passed","title":"createAddStoryFix uses parent range start when available"},{"ancestorTitles":["Require Story Helpers (Story 003.0)"],"duration":0,"failing":false,"failureDetails":[],"failureMessages":[],"fullName":"Require Story Helpers (Story 003.0) createMethodFix falls back to node.range when parent not export","invocations":1,"location":null,"numPassingAsserts":3,"retryReasons":[],"startAt":1763621771872,"status":"passed","title":"createMethodFix falls back to node.range when parent not export"},{"ancestorTitles":["Require Story Helpers (Story 003.0)"],"duration":0,"failing":false,"failureDetails":[],"failureMessages":[],"fullName":"Require Story Helpers (Story 003.0) reportMissing does not call context.report if JSDoc contains @story","invocations":1,"location":null,"numPassingAsserts":1,"retryReasons":[],"startAt":1763621771873,"status":"passed","title":"reportMissing does not call context.report if JSDoc contains @story"},{"ancestorTitles":["Require Story Helpers (Story 003.0)"],"duration":1,"failing":false,"failureDetails":[],"failureMessages":[],"fullName":"Require Story Helpers (Story 003.0) reportMissing calls context.report when no JSDoc story present","invocations":1,"location":null,"numPassingAsserts":3,"retryReasons":[],"startAt":1763621771873,"status":"passed","title":"reportMissing calls context.report when no JSDoc story present"},{"ancestorTitles":["Require Story Helpers (Story 003.0)"],"duration":0,"failing":false,"failureDetails":[],"failureMessages":[],"fullName":"Require Story Helpers (Story 003.0) resolveTargetNode prefers parent when parent is ExportNamedDeclaration","invocations":1,"location":null,"numPassingAsserts":1,"retryReasons":[],"startAt":1763621771874,"status":"passed","title":"resolveTargetNode prefers parent when parent is ExportNamedDeclaration"},{"ancestorTitles":["Require Story Helpers (Story 003.0)"],"duration":0,"failing":false,"failureDetails":[],"failureMessages":[],"fullName":"Require Story Helpers (Story 003.0) resolveTargetNode falls back to node when parent is not an export","invocations":1,"location":null,"numPassingAsserts":1,"retryReasons":[],"startAt":1763621771874,"status":"passed","title":"resolveTargetNode falls back to node when parent is not an export"},{"ancestorTitles":["Require Story Helpers (Story 003.0)"],"duration":1,"failing":false,"failureDetails":[],"failureMessages":[],"fullName":"Require Story Helpers (Story 003.0) getNodeName extracts names from common node shapes","invocations":1,"location":null,"numPassingAsserts":2,"retryReasons":[],"startAt":1763621771874,"status":"passed","title":"getNodeName extracts names from common node shapes"},{"ancestorTitles":["Require Story Helpers (Story 003.0)"],"duration":0,"failing":false,"failureDetails":[],"failureMessages":[],"fullName":"Require Story Helpers (Story 003.0) shouldProcessNode returns booleans for typical node types","invocations":1,"location":null,"numPassingAsserts":2,"retryReasons":[],"startAt":1763621771875,"status":"passed","title":"shouldProcessNode returns booleans for typical node types"},{"ancestorTitles":["Require Story Helpers (Story 003.0)"],"duration":1,"failing":false,"failureDetails":[],"failureMessages":[],"fullName":"Require Story Helpers (Story 003.0) linesBeforeHasStory detects preceding JSDoc story text","invocations":1,"location":null,"numPassingAsserts":1,"retryReasons":[],"startAt":1763621771875,"status":"passed","title":"linesBeforeHasStory detects preceding JSDoc story text"},{"ancestorTitles":["Require Story Helpers (Story 003.0)"],"duration":0,"failing":false,"failureDetails":[],"failureMessages":[],"fullName":"Require Story Helpers (Story 003.0) fallbackTextBeforeHasStory returns boolean when called with source text and range","invocations":1,"location":null,"numPassingAsserts":2,"retryReasons":[],"startAt":1763621771876,"status":"passed","title":"fallbackTextBeforeHasStory returns boolean when called with source text and range"},{"ancestorTitles":["Require Story Helpers (Story 003.0)"],"duration":0,"failing":false,"failureDetails":[],"failureMessages":[],"fullName":"Require Story Helpers (Story 003.0) parentChainHasStory returns true when ancestors have JSDoc story","invocations":1,"location":null,"numPassingAsserts":1,"retryReasons":[],"startAt":1763621771876,"status":"passed","title":"parentChainHasStory returns true when ancestors have JSDoc story"}],"endTime":1763621771942,"message":"","name":"/Users/tomhoward/Projects/eslint-plugin-traceability/tests/rules/require-story-helpers.test.ts","startTime":1763621771526,"status":"passed","summary":""},{"assertionResults":[{"ancestorTitles":["Maintenance Tools Index Exports (Story 009.0-DEV-MAINTENANCE-TOOLS)"],"duration":1,"failing":false,"failureDetails":[],"failureMessages":[],"fullName":"Maintenance Tools Index Exports (Story 009.0-DEV-MAINTENANCE-TOOLS) [REQ-MAINT-DETECT] should export detectStaleAnnotations as a function","invocations":1,"location":null,"numPassingAsserts":1,"retryReasons":[],"startAt":1763621772274,"status":"passed","title":"[REQ-MAINT-DETECT] should export detectStaleAnnotations as a function"},{"ancestorTitles":["Maintenance Tools Index Exports (Story 009.0-DEV-MAINTENANCE-TOOLS)"],"duration":0,"failing":false,"failureDetails":[],"failureMessages":[],"fullName":"Maintenance Tools Index Exports (Story 009.0-DEV-MAINTENANCE-TOOLS) [REQ-MAINT-UPDATE] should export updateAnnotationReferences as a function","invocations":1,"location":null,"numPassingAsserts":1,"retryReasons":[],"startAt":1763621772276,"status":"passed","title":"[REQ-MAINT-UPDATE] should export updateAnnotationReferences as a function"},{"ancestorTitles":["Maintenance Tools Index Exports (Story 009.0-DEV-MAINTENANCE-TOOLS)"],"duration":0,"failing":false,"failureDetails":[],"failureMessages":[],"fullName":"Maintenance Tools Index Exports (Story 009.0-DEV-MAINTENANCE-TOOLS) [REQ-MAINT-BATCH] should export batchUpdateAnnotations as a function","invocations":1,"location":null,"numPassingAsserts":1,"retryReasons":[],"startAt":1763621772277,"status":"passed","title":"[REQ-MAINT-BATCH] should export batchUpdateAnnotations as a function"},{"ancestorTitles":["Maintenance Tools Index Exports (Story 009.0-DEV-MAINTENANCE-TOOLS)"],"duration":0,"failing":false,"failureDetails":[],"failureMessages":[],"fullName":"Maintenance Tools Index Exports (Story 009.0-DEV-MAINTENANCE-TOOLS) [REQ-MAINT-VERIFY] should export verifyAnnotations as a function","invocations":1,"location":null,"numPassingAsserts":1,"retryReasons":[],"startAt":1763621772277,"status":"passed","title":"[REQ-MAINT-VERIFY] should export verifyAnnotations as a function"},{"ancestorTitles":["Maintenance Tools Index Exports (Story 009.0-DEV-MAINTENANCE-TOOLS)"],"duration":1,"failing":false,"failureDetails":[],"failureMessages":[],"fullName":"Maintenance Tools Index Exports (Story 009.0-DEV-MAINTENANCE-TOOLS) [REQ-MAINT-REPORT] should export generateMaintenanceReport as a function","invocations":1,"location":null,"numPassingAsserts":1,"retryReasons":[],"startAt":1763621772277,"status":"passed","title":"[REQ-MAINT-REPORT] should export generateMaintenanceReport as a function"}],"endTime":1763621772345,"message":"","name":"/Users/tomhoward/Projects/eslint-plugin-traceability/tests/maintenance/index.test.ts","startTime":1763621771947,"status":"passed","summary":""},{"assertionResults":[{"ancestorTitles":["validateBranchTypes helper"],"duration":2,"failing":false,"failureDetails":[],"failureMessages":[],"fullName":"validateBranchTypes helper should return default branch types when no options provided","invocations":1,"location":null,"numPassingAsserts":2,"retryReasons":[],"startAt":1763621772684,"status":"passed","title":"should return default branch types when no options provided"},{"ancestorTitles":["validateBranchTypes helper"],"duration":0,"failing":false,"failureDetails":[],"failureMessages":[],"fullName":"validateBranchTypes helper should return custom branch types when valid options provided","invocations":1,"location":null,"numPassingAsserts":2,"retryReasons":[],"startAt":1763621772687,"status":"passed","title":"should return custom branch types when valid options provided"},{"ancestorTitles":["validateBranchTypes helper"],"duration":2,"failing":false,"failureDetails":[],"failureMessages":[],"fullName":"validateBranchTypes helper should return listener when invalid branch types provided and report errors","invocations":1,"location":null,"numPassingAsserts":5,"retryReasons":[],"startAt":1763621772687,"status":"passed","title":"should return listener when invalid branch types provided and report errors"}],"endTime":1763621772756,"message":"","name":"/Users/tomhoward/Projects/eslint-plugin-traceability/tests/utils/branch-annotation-helpers.test.ts","startTime":1763621772350,"status":"passed","summary":""},{"assertionResults":[{"ancestorTitles":["batchUpdateAnnotations (Story 009.0-DEV-MAINTENANCE-TOOLS)"],"duration":1,"failing":false,"failureDetails":[],"failureMessages":[],"fullName":"batchUpdateAnnotations (Story 009.0-DEV-MAINTENANCE-TOOLS) [REQ-MAINT-BATCH] should return 0 when no mappings applied","invocations":1,"location":null,"numPassingAsserts":1,"retryReasons":[],"startAt":1763621773095,"status":"passed","title":"[REQ-MAINT-BATCH] should return 0 when no mappings applied"},{"ancestorTitles":["verifyAnnotations (Story 009.0-DEV-MAINTENANCE-TOOLS)"],"duration":1,"failing":false,"failureDetails":[],"failureMessages":[],"fullName":"verifyAnnotations (Story 009.0-DEV-MAINTENANCE-TOOLS) [REQ-MAINT-VERIFY] should return true when annotations are valid","invocations":1,"location":null,"numPassingAsserts":1,"retryReasons":[],"startAt":1763621773097,"status":"passed","title":"[REQ-MAINT-VERIFY] should return true when annotations are valid"}],"endTime":1763621773168,"message":"","name":"/Users/tomhoward/Projects/eslint-plugin-traceability/tests/maintenance/batch.test.ts","startTime":1763621772761,"status":"passed","summary":""},{"assertionResults":[{"ancestorTitles":["updateAnnotationReferences isolated (Story 009.0-DEV-MAINTENANCE-TOOLS)"],"duration":3,"failing":false,"failureDetails":[],"failureMessages":[],"fullName":"updateAnnotationReferences isolated (Story 009.0-DEV-MAINTENANCE-TOOLS) [REQ-MAINT-UPDATE] updates @story annotations in files","invocations":1,"location":null,"numPassingAsserts":2,"retryReasons":[],"startAt":1763621773514,"status":"passed","title":"[REQ-MAINT-UPDATE] updates @story annotations in files"},{"ancestorTitles":["updateAnnotationReferences isolated (Story 009.0-DEV-MAINTENANCE-TOOLS)"],"duration":0,"failing":false,"failureDetails":[],"failureMessages":[],"fullName":"updateAnnotationReferences isolated (Story 009.0-DEV-MAINTENANCE-TOOLS) [REQ-MAINT-UPDATE] should return 0 when directory does not exist","invocations":1,"location":null,"numPassingAsserts":1,"retryReasons":[],"startAt":1763621773518,"status":"passed","title":"[REQ-MAINT-UPDATE] should return 0 when directory does not exist"}],"endTime":1763621773588,"message":"","name":"/Users/tomhoward/Projects/eslint-plugin-traceability/tests/maintenance/update-isolated.test.ts","startTime":1763621773176,"status":"passed","summary":""},{"assertionResults":[{"ancestorTitles":["detectStaleAnnotations (Story 009.0-DEV-MAINTENANCE-TOOLS)"],"duration":1,"failing":false,"failureDetails":[],"failureMessages":[],"fullName":"detectStaleAnnotations (Story 009.0-DEV-MAINTENANCE-TOOLS) [REQ-MAINT-DETECT] should return empty array when no stale annotations","invocations":1,"location":null,"numPassingAsserts":1,"retryReasons":[],"startAt":1763621773933,"status":"passed","title":"[REQ-MAINT-DETECT] should return empty array when no stale annotations"},{"ancestorTitles":["detectStaleAnnotations (Story 009.0-DEV-MAINTENANCE-TOOLS)"],"duration":2,"failing":false,"failureDetails":[],"failureMessages":[],"fullName":"detectStaleAnnotations (Story 009.0-DEV-MAINTENANCE-TOOLS) [REQ-MAINT-DETECT] should detect stale annotation references","invocations":1,"location":null,"numPassingAsserts":2,"retryReasons":[],"startAt":1763621773935,"status":"passed","title":"[REQ-MAINT-DETECT] should detect stale annotation references"}],"endTime":1763621774009,"message":"","name":"/Users/tomhoward/Projects/eslint-plugin-traceability/tests/maintenance/detect.test.ts","startTime":1763621773593,"status":"passed","summary":""},{"assertionResults":[{"ancestorTitles":["Require Story IO helpers - edge cases (Story 003.0)"],"duration":1,"failing":false,"failureDetails":[],"failureMessages":[],"fullName":"Require Story IO helpers - edge cases (Story 003.0) linesBeforeHasStory returns false when source.lines missing or node.loc missing","invocations":1,"location":null,"numPassingAsserts":2,"retryReasons":[],"startAt":1763621774361,"status":"passed","title":"linesBeforeHasStory returns false when source.lines missing or node.loc missing"},{"ancestorTitles":["Require Story IO helpers - edge cases (Story 003.0)"],"duration":0,"failing":false,"failureDetails":[],"failureMessages":[],"fullName":"Require Story IO helpers - edge cases (Story 003.0) fallbackTextBeforeHasStory returns false when getText missing or node.range missing","invocations":1,"location":null,"numPassingAsserts":2,"retryReasons":[],"startAt":1763621774363,"status":"passed","title":"fallbackTextBeforeHasStory returns false when getText missing or node.range missing"},{"ancestorTitles":["Require Story IO helpers - edge cases (Story 003.0)"],"duration":0,"failing":false,"failureDetails":[],"failureMessages":[],"fullName":"Require Story IO helpers - edge cases (Story 003.0) fallbackTextBeforeHasStory detects @story in text before node.range","invocations":1,"location":null,"numPassingAsserts":1,"retryReasons":[],"startAt":1763621774364,"status":"passed","title":"fallbackTextBeforeHasStory detects @story in text before node.range"},{"ancestorTitles":["Require Story IO helpers - edge cases (Story 003.0)"],"duration":1,"failing":false,"failureDetails":[],"failureMessages":[],"fullName":"Require Story IO helpers - edge cases (Story 003.0) parentChainHasStory returns true when ancestor comments contain @story","invocations":1,"location":null,"numPassingAsserts":2,"retryReasons":[],"startAt":1763621774364,"status":"passed","title":"parentChainHasStory returns true when ancestor comments contain @story"}],"endTime":1763621774443,"message":"","name":"/Users/tomhoward/Projects/eslint-plugin-traceability/tests/rules/require-story-io.edgecases.test.ts","startTime":1763621774014,"status":"passed","summary":""},{"assertionResults":[{"ancestorTitles":["updateAnnotationReferences (Story 009.0-DEV-MAINTENANCE-TOOLS)"],"duration":2,"failing":false,"failureDetails":[],"failureMessages":[],"fullName":"updateAnnotationReferences (Story 009.0-DEV-MAINTENANCE-TOOLS) [REQ-MAINT-UPDATE] should return 0 when no updates made","invocations":1,"location":null,"numPassingAsserts":1,"retryReasons":[],"startAt":1763621774790,"status":"passed","title":"[REQ-MAINT-UPDATE] should return 0 when no updates made"}],"endTime":1763621774868,"message":"","name":"/Users/tomhoward/Projects/eslint-plugin-traceability/tests/maintenance/update.test.ts","startTime":1763621774447,"status":"passed","summary":""},{"assertionResults":[{"ancestorTitles":["ESLint Configuration Rule Options (Story 002.0-DEV-ESLINT-CONFIG)"],"duration":2,"failing":false,"failureDetails":[],"failureMessages":[],"fullName":"ESLint Configuration Rule Options (Story 002.0-DEV-ESLINT-CONFIG) [REQ-RULE-OPTIONS] require-story-annotation schema defines expected properties","invocations":1,"location":null,"numPassingAsserts":3,"retryReasons":[],"startAt":1763621775228,"status":"passed","title":"[REQ-RULE-OPTIONS] require-story-annotation schema defines expected properties"}],"endTime":1763621775308,"message":"","name":"/Users/tomhoward/Projects/eslint-plugin-traceability/tests/config/require-story-annotation-config.test.ts","startTime":1763621774873,"status":"passed","summary":""},{"assertionResults":[{"ancestorTitles":["Valid Story Reference Rule (Story 006.0-DEV-FILE-VALIDATION)","valid-story-reference","valid"],"duration":17,"failing":false,"failureDetails":[],"failureMessages":[],"fullName":"Valid Story Reference Rule (Story 006.0-DEV-FILE-VALIDATION) valid-story-reference valid [REQ-FILE-EXISTENCE] valid story file reference","invocations":1,"location":null,"numPassingAsserts":0,"retryReasons":[],"startAt":1763621775808,"status":"passed","title":"[REQ-FILE-EXISTENCE] valid story file reference"},{"ancestorTitles":["Valid Story Reference Rule (Story 006.0-DEV-FILE-VALIDATION)","valid-story-reference","valid"],"duration":2,"failing":false,"failureDetails":[],"failureMessages":[],"fullName":"Valid Story Reference Rule (Story 006.0-DEV-FILE-VALIDATION) valid-story-reference valid [REQ-EXTENSION] valid .story.md extension","invocations":1,"location":null,"numPassingAsserts":0,"retryReasons":[],"startAt":1763621775825,"status":"passed","title":"[REQ-EXTENSION] valid .story.md extension"},{"ancestorTitles":["Valid Story Reference Rule (Story 006.0-DEV-FILE-VALIDATION)","valid-story-reference","valid"],"duration":1,"failing":false,"failureDetails":[],"failureMessages":[],"fullName":"Valid Story Reference Rule (Story 006.0-DEV-FILE-VALIDATION) valid-story-reference valid [REQ-PATH-RESOLUTION] valid relative path with ./ prefix","invocations":1,"location":null,"numPassingAsserts":0,"retryReasons":[],"startAt":1763621775827,"status":"passed","title":"[REQ-PATH-RESOLUTION] valid relative path with ./ prefix"},{"ancestorTitles":["Valid Story Reference Rule (Story 006.0-DEV-FILE-VALIDATION)","valid-story-reference","invalid"],"duration":2,"failing":false,"failureDetails":[],"failureMessages":[],"fullName":"Valid Story Reference Rule (Story 006.0-DEV-FILE-VALIDATION) valid-story-reference invalid [REQ-PATH-RESOLUTION] missing file","invocations":1,"location":null,"numPassingAsserts":0,"retryReasons":[],"startAt":1763621775828,"status":"passed","title":"[REQ-PATH-RESOLUTION] missing file"},{"ancestorTitles":["Valid Story Reference Rule (Story 006.0-DEV-FILE-VALIDATION)","valid-story-reference","invalid"],"duration":1,"failing":false,"failureDetails":[],"failureMessages":[],"fullName":"Valid Story Reference Rule (Story 006.0-DEV-FILE-VALIDATION) valid-story-reference invalid [REQ-EXTENSION] invalid extension","invocations":1,"location":null,"numPassingAsserts":0,"retryReasons":[],"startAt":1763621775830,"status":"passed","title":"[REQ-EXTENSION] invalid extension"},{"ancestorTitles":["Valid Story Reference Rule (Story 006.0-DEV-FILE-VALIDATION)","valid-story-reference","invalid"],"duration":1,"failing":false,"failureDetails":[],"failureMessages":[],"fullName":"Valid Story Reference Rule (Story 006.0-DEV-FILE-VALIDATION) valid-story-reference invalid [REQ-PATH-SECURITY] path traversal","invocations":1,"location":null,"numPassingAsserts":0,"retryReasons":[],"startAt":1763621775831,"status":"passed","title":"[REQ-PATH-SECURITY] path traversal"},{"ancestorTitles":["Valid Story Reference Rule (Story 006.0-DEV-FILE-VALIDATION)","valid-story-reference","invalid"],"duration":1,"failing":false,"failureDetails":[],"failureMessages":[],"fullName":"Valid Story Reference Rule (Story 006.0-DEV-FILE-VALIDATION) valid-story-reference invalid [REQ-ABSOLUTE-PATH] absolute path not allowed","invocations":1,"location":null,"numPassingAsserts":0,"retryReasons":[],"startAt":1763621775832,"status":"passed","title":"[REQ-ABSOLUTE-PATH] absolute path not allowed"}],"endTime":1763621775922,"message":"","name":"/Users/tomhoward/Projects/eslint-plugin-traceability/tests/rules/valid-story-reference.test.ts","startTime":1763621775313,"status":"passed","summary":""},{"assertionResults":[{"ancestorTitles":["Valid Annotation Format Rule (Story 005.0-DEV-ANNOTATION-VALIDATION)","valid-annotation-format","valid"],"duration":18,"failing":false,"failureDetails":[],"failureMessages":[],"fullName":"Valid Annotation Format Rule (Story 005.0-DEV-ANNOTATION-VALIDATION) valid-annotation-format valid [REQ-PATH-FORMAT] valid story annotation format","invocations":1,"location":null,"numPassingAsserts":0,"retryReasons":[],"startAt":1763621776387,"status":"passed","title":"[REQ-PATH-FORMAT] valid story annotation format"},{"ancestorTitles":["Valid Annotation Format Rule (Story 005.0-DEV-ANNOTATION-VALIDATION)","valid-annotation-format","valid"],"duration":1,"failing":false,"failureDetails":[],"failureMessages":[],"fullName":"Valid Annotation Format Rule (Story 005.0-DEV-ANNOTATION-VALIDATION) valid-annotation-format valid [REQ-REQ-FORMAT] valid req annotation format","invocations":1,"location":null,"numPassingAsserts":0,"retryReasons":[],"startAt":1763621776406,"status":"passed","title":"[REQ-REQ-FORMAT] valid req annotation format"},{"ancestorTitles":["Valid Annotation Format Rule (Story 005.0-DEV-ANNOTATION-VALIDATION)","valid-annotation-format","valid"],"duration":2,"failing":false,"failureDetails":[],"failureMessages":[],"fullName":"Valid Annotation Format Rule (Story 005.0-DEV-ANNOTATION-VALIDATION) valid-annotation-format valid [REQ-FORMAT-SPECIFICATION] valid block annotations","invocations":1,"location":null,"numPassingAsserts":0,"retryReasons":[],"startAt":1763621776407,"status":"passed","title":"[REQ-FORMAT-SPECIFICATION] valid block annotations"},{"ancestorTitles":["Valid Annotation Format Rule (Story 005.0-DEV-ANNOTATION-VALIDATION)","valid-annotation-format","invalid"],"duration":2,"failing":false,"failureDetails":[],"failureMessages":[],"fullName":"Valid Annotation Format Rule (Story 005.0-DEV-ANNOTATION-VALIDATION) valid-annotation-format invalid [REQ-PATH-FORMAT] missing story path","invocations":1,"location":null,"numPassingAsserts":0,"retryReasons":[],"startAt":1763621776413,"status":"passed","title":"[REQ-PATH-FORMAT] missing story path"},{"ancestorTitles":["Valid Annotation Format Rule (Story 005.0-DEV-ANNOTATION-VALIDATION)","valid-annotation-format","invalid"],"duration":1,"failing":false,"failureDetails":[],"failureMessages":[],"fullName":"Valid Annotation Format Rule (Story 005.0-DEV-ANNOTATION-VALIDATION) valid-annotation-format invalid [REQ-PATH-FORMAT] invalid story file extension","invocations":1,"location":null,"numPassingAsserts":0,"retryReasons":[],"startAt":1763621776415,"status":"passed","title":"[REQ-PATH-FORMAT] invalid story file extension"},{"ancestorTitles":["Valid Annotation Format Rule (Story 005.0-DEV-ANNOTATION-VALIDATION)","valid-annotation-format","invalid"],"duration":1,"failing":false,"failureDetails":[],"failureMessages":[],"fullName":"Valid Annotation Format Rule (Story 005.0-DEV-ANNOTATION-VALIDATION) valid-annotation-format invalid [REQ-REQ-FORMAT] missing req id","invocations":1,"location":null,"numPassingAsserts":0,"retryReasons":[],"startAt":1763621776416,"status":"passed","title":"[REQ-REQ-FORMAT] missing req id"},{"ancestorTitles":["Valid Annotation Format Rule (Story 005.0-DEV-ANNOTATION-VALIDATION)","valid-annotation-format","invalid"],"duration":1,"failing":false,"failureDetails":[],"failureMessages":[],"fullName":"Valid Annotation Format Rule (Story 005.0-DEV-ANNOTATION-VALIDATION) valid-annotation-format invalid [REQ-REQ-FORMAT] invalid req id format","invocations":1,"location":null,"numPassingAsserts":0,"retryReasons":[],"startAt":1763621776417,"status":"passed","title":"[REQ-REQ-FORMAT] invalid req id format"}],"endTime":1763621776509,"message":"","name":"/Users/tomhoward/Projects/eslint-plugin-traceability/tests/rules/valid-annotation-format.test.ts","startTime":1763621775936,"status":"passed","summary":""},{"assertionResults":[{"ancestorTitles":["Valid Req Reference Rule (Story 010.0-DEV-DEEP-VALIDATION)","valid-req-reference","valid"],"duration":17,"failing":false,"failureDetails":[],"failureMessages":[],"fullName":"Valid Req Reference Rule (Story 010.0-DEV-DEEP-VALIDATION) valid-req-reference valid [REQ-DEEP-PARSE] valid requirement reference existing in story file","invocations":1,"location":null,"numPassingAsserts":0,"retryReasons":[],"startAt":1763621777027,"status":"passed","title":"[REQ-DEEP-PARSE] valid requirement reference existing in story file"},{"ancestorTitles":["Valid Req Reference Rule (Story 010.0-DEV-DEEP-VALIDATION)","valid-req-reference","valid"],"duration":1,"failing":false,"failureDetails":[],"failureMessages":[],"fullName":"Valid Req Reference Rule (Story 010.0-DEV-DEEP-VALIDATION) valid-req-reference valid [REQ-DEEP-BULLET] valid bullet list requirement existing in bullet story fixture","invocations":1,"location":null,"numPassingAsserts":0,"retryReasons":[],"startAt":1763621777045,"status":"passed","title":"[REQ-DEEP-BULLET] valid bullet list requirement existing in bullet story fixture"},{"ancestorTitles":["Valid Req Reference Rule (Story 010.0-DEV-DEEP-VALIDATION)","valid-req-reference","invalid"],"duration":2,"failing":false,"failureDetails":[],"failureMessages":[],"fullName":"Valid Req Reference Rule (Story 010.0-DEV-DEEP-VALIDATION) valid-req-reference invalid [REQ-DEEP-MATCH] missing requirement in story file","invocations":1,"location":null,"numPassingAsserts":0,"retryReasons":[],"startAt":1763621777046,"status":"passed","title":"[REQ-DEEP-MATCH] missing requirement in story file"},{"ancestorTitles":["Valid Req Reference Rule (Story 010.0-DEV-DEEP-VALIDATION)","valid-req-reference","invalid"],"duration":1,"failing":false,"failureDetails":[],"failureMessages":[],"fullName":"Valid Req Reference Rule (Story 010.0-DEV-DEEP-VALIDATION) valid-req-reference invalid [REQ-DEEP-PARSE] disallow path traversal in story path","invocations":1,"location":null,"numPassingAsserts":0,"retryReasons":[],"startAt":1763621777048,"status":"passed","title":"[REQ-DEEP-PARSE] disallow path traversal in story path"},{"ancestorTitles":["Valid Req Reference Rule (Story 010.0-DEV-DEEP-VALIDATION)","valid-req-reference","invalid"],"duration":1,"failing":false,"failureDetails":[],"failureMessages":[],"fullName":"Valid Req Reference Rule (Story 010.0-DEV-DEEP-VALIDATION) valid-req-reference invalid [REQ-DEEP-PARSE] disallow absolute path in story path","invocations":1,"location":null,"numPassingAsserts":0,"retryReasons":[],"startAt":1763621777050,"status":"passed","title":"[REQ-DEEP-PARSE] disallow absolute path in story path"},{"ancestorTitles":["Valid Req Reference Rule (Story 010.0-DEV-DEEP-VALIDATION)","valid-req-reference","invalid"],"duration":1,"failing":false,"failureDetails":[],"failureMessages":[],"fullName":"Valid Req Reference Rule (Story 010.0-DEV-DEEP-VALIDATION) valid-req-reference invalid [REQ-DEEP-BULLET] missing bullet list requirement in bullet story fixture","invocations":1,"location":null,"numPassingAsserts":0,"retryReasons":[],"startAt":1763621777055,"status":"passed","title":"[REQ-DEEP-BULLET] missing bullet list requirement in bullet story fixture"}],"endTime":1763621777150,"message":"","name":"/Users/tomhoward/Projects/eslint-plugin-traceability/tests/rules/valid-req-reference.test.ts","startTime":1763621776521,"status":"passed","summary":""},{"assertionResults":[{"ancestorTitles":["Traceability ESLint Plugin Error Handling (Story 001.0-DEV-PLUGIN-SETUP)"],"duration":39,"failing":false,"failureDetails":[],"failureMessages":[],"fullName":"Traceability ESLint Plugin Error Handling (Story 001.0-DEV-PLUGIN-SETUP) [REQ-ERROR-HANDLING] should report error loading rule and provide placeholder rule","invocations":1,"location":null,"numPassingAsserts":4,"retryReasons":[],"startAt":1763621777561,"status":"passed","title":"[REQ-ERROR-HANDLING] should report error loading rule and provide placeholder rule"}],"endTime":1763621777686,"message":"","name":"/Users/tomhoward/Projects/eslint-plugin-traceability/tests/plugin-setup-error.test.ts","startTime":1763621777156,"status":"passed","summary":""},{"assertionResults":[{"ancestorTitles":["generateMaintenanceReport (Story 009.0-DEV-MAINTENANCE-TOOLS)"],"duration":2,"failing":false,"failureDetails":[],"failureMessages":[],"fullName":"generateMaintenanceReport (Story 009.0-DEV-MAINTENANCE-TOOLS) [REQ-MAINT-REPORT] should return empty string when no operations","invocations":1,"location":null,"numPassingAsserts":1,"retryReasons":[],"startAt":1763621778095,"status":"passed","title":"[REQ-MAINT-REPORT] should return empty string when no operations"},{"ancestorTitles":["generateMaintenanceReport (Story 009.0-DEV-MAINTENANCE-TOOLS)"],"duration":1,"failing":false,"failureDetails":[],"failureMessages":[],"fullName":"generateMaintenanceReport (Story 009.0-DEV-MAINTENANCE-TOOLS) [REQ-MAINT-REPORT] should report stale story annotation","invocations":1,"location":null,"numPassingAsserts":1,"retryReasons":[],"startAt":1763621778097,"status":"passed","title":"[REQ-MAINT-REPORT] should report stale story annotation"}],"endTime":1763621778187,"message":"","name":"/Users/tomhoward/Projects/eslint-plugin-traceability/tests/maintenance/report.test.ts","startTime":1763621777690,"status":"passed","summary":""},{"assertionResults":[{"ancestorTitles":["ESLint Configuration Setup (Story 002.0-DEV-ESLINT-CONFIG)"],"duration":2,"failing":false,"failureDetails":[],"failureMessages":[],"fullName":"ESLint Configuration Setup (Story 002.0-DEV-ESLINT-CONFIG) [REQ-RULE-OPTIONS] rule meta.schema defines expected properties","invocations":1,"location":null,"numPassingAsserts":3,"retryReasons":[],"startAt":1763621778621,"status":"passed","title":"[REQ-RULE-OPTIONS] rule meta.schema defines expected properties"},{"ancestorTitles":["ESLint Configuration Setup (Story 002.0-DEV-ESLINT-CONFIG)"],"duration":1,"failing":false,"failureDetails":[],"failureMessages":[],"fullName":"ESLint Configuration Setup (Story 002.0-DEV-ESLINT-CONFIG) [REQ-CONFIG-VALIDATION] schema disallows unknown options","invocations":1,"location":null,"numPassingAsserts":1,"retryReasons":[],"startAt":1763621778623,"status":"passed","title":"[REQ-CONFIG-VALIDATION] schema disallows unknown options"}],"endTime":1763621778713,"message":"","name":"/Users/tomhoward/Projects/eslint-plugin-traceability/tests/config/eslint-config-validation.test.ts","startTime":1763621778193,"status":"passed","summary":""},{"assertionResults":[{"ancestorTitles":["Plugin Default Export and Configs (Story 001.0-DEV-PLUGIN-SETUP)"],"duration":2,"failing":false,"failureDetails":[],"failureMessages":[],"fullName":"Plugin Default Export and Configs (Story 001.0-DEV-PLUGIN-SETUP) [REQ-PLUGIN-STRUCTURE] default export includes rules and configs","invocations":1,"location":null,"numPassingAsserts":2,"retryReasons":[],"startAt":1763621779142,"status":"passed","title":"[REQ-PLUGIN-STRUCTURE] default export includes rules and configs"},{"ancestorTitles":["Plugin Default Export and Configs (Story 001.0-DEV-PLUGIN-SETUP)"],"duration":1,"failing":false,"failureDetails":[],"failureMessages":[],"fullName":"Plugin Default Export and Configs (Story 001.0-DEV-PLUGIN-SETUP) [REQ-PLUGIN-STRUCTURE] rules object has correct rule names","invocations":1,"location":null,"numPassingAsserts":1,"retryReasons":[],"startAt":1763621779144,"status":"passed","title":"[REQ-PLUGIN-STRUCTURE] rules object has correct rule names"},{"ancestorTitles":["Plugin Default Export and Configs (Story 001.0-DEV-PLUGIN-SETUP)"],"duration":1,"failing":false,"failureDetails":[],"failureMessages":[],"fullName":"Plugin Default Export and Configs (Story 001.0-DEV-PLUGIN-SETUP) [REQ-RULE-REGISTRY] configs.recommended contains correct rule configuration","invocations":1,"location":null,"numPassingAsserts":3,"retryReasons":[],"startAt":1763621779145,"status":"passed","title":"[REQ-RULE-REGISTRY] configs.recommended contains correct rule configuration"},{"ancestorTitles":["Plugin Default Export and Configs (Story 001.0-DEV-PLUGIN-SETUP)"],"duration":0,"failing":false,"failureDetails":[],"failureMessages":[],"fullName":"Plugin Default Export and Configs (Story 001.0-DEV-PLUGIN-SETUP) [REQ-CONFIG-SYSTEM] configs.strict contains same rules as recommended","invocations":1,"location":null,"numPassingAsserts":1,"retryReasons":[],"startAt":1763621779146,"status":"passed","title":"[REQ-CONFIG-SYSTEM] configs.strict contains same rules as recommended"}],"endTime":1763621779238,"message":"","name":"/Users/tomhoward/Projects/eslint-plugin-traceability/tests/plugin-default-export-and-configs.test.ts","startTime":1763621778721,"status":"passed","summary":""},{"assertionResults":[{"ancestorTitles":["Traceability ESLint Plugin (Story 001.0-DEV-PLUGIN-SETUP)"],"duration":2,"failing":false,"failureDetails":[],"failureMessages":[],"fullName":"Traceability ESLint Plugin (Story 001.0-DEV-PLUGIN-SETUP) [REQ-PLUGIN-STRUCTURE] plugin exports rules and configs","invocations":1,"location":null,"numPassingAsserts":6,"retryReasons":[],"startAt":1763621779673,"status":"passed","title":"[REQ-PLUGIN-STRUCTURE] plugin exports rules and configs"}],"endTime":1763621779766,"message":"","name":"/Users/tomhoward/Projects/eslint-plugin-traceability/tests/plugin-setup.test.ts","startTime":1763621779246,"status":"passed","summary":""}],"wasInterrupted":false,"coverageMap":{"/Users/tomhoward/Projects/eslint-plugin-traceability/src/index.ts":{"path":"/Users/tomhoward/Projects/eslint-plugin-traceability/src/index.ts","all":false,"statementMap":{"0":{"start":{"line":1,"column":0},"end":{"line":1,"column":3}},"1":{"start":{"line":2,"column":0},"end":{"line":2,"column":29}},"2":{"start":{"line":3,"column":0},"end":{"line":3,"column":54}},"3":{"start":{"line":4,"column":0},"end":{"line":4,"column":82}},"4":{"start":{"line":5,"column":0},"end":{"line":5,"column":94}},"5":{"start":{"line":6,"column":0},"end":{"line":6,"column":3}},"6":{"start":{"line":7,"column":0},"end":{"line":7,"column":35}},"7":{"start":{"line":8,"column":0},"end":{"line":8,"column":0}},"8":{"start":{"line":9,"column":0},"end":{"line":9,"column":3}},"9":{"start":{"line":10,"column":0},"end":{"line":10,"column":60}},"10":{"start":{"line":11,"column":0},"end":{"line":11,"column":80}},"11":{"start":{"line":12,"column":0},"end":{"line":12,"column":3}},"12":{"start":{"line":13,"column":0},"end":{"line":13,"column":20}},"13":{"start":{"line":14,"column":0},"end":{"line":14,"column":29}},"14":{"start":{"line":15,"column":0},"end":{"line":15,"column":27}},"15":{"start":{"line":16,"column":0},"end":{"line":16,"column":30}},"16":{"start":{"line":17,"column":0},"end":{"line":17,"column":28}},"17":{"start":{"line":18,"column":0},"end":{"line":18,"column":26}},"18":{"start":{"line":19,"column":0},"end":{"line":19,"column":24}},"19":{"start":{"line":20,"column":0},"end":{"line":20,"column":11}},"20":{"start":{"line":21,"column":0},"end":{"line":21,"column":0}},"21":{"start":{"line":22,"column":0},"end":{"line":22,"column":44}},"22":{"start":{"line":23,"column":0},"end":{"line":23,"column":0}},"23":{"start":{"line":24,"column":0},"end":{"line":24,"column":59}},"24":{"start":{"line":25,"column":0},"end":{"line":25,"column":0}},"25":{"start":{"line":26,"column":0},"end":{"line":26,"column":19}},"26":{"start":{"line":27,"column":0},"end":{"line":27,"column":5}},"27":{"start":{"line":28,"column":0},"end":{"line":28,"column":60}},"28":{"start":{"line":29,"column":0},"end":{"line":29,"column":79}},"29":{"start":{"line":30,"column":0},"end":{"line":30,"column":87}},"30":{"start":{"line":31,"column":0},"end":{"line":31,"column":5}},"31":{"start":{"line":32,"column":0},"end":{"line":32,"column":13}},"32":{"start":{"line":33,"column":0},"end":{"line":33,"column":7}},"33":{"start":{"line":34,"column":0},"end":{"line":34,"column":62}},"34":{"start":{"line":35,"column":0},"end":{"line":35,"column":81}},"35":{"start":{"line":36,"column":0},"end":{"line":36,"column":7}},"36":{"start":{"line":37,"column":0},"end":{"line":37,"column":9}},"37":{"start":{"line":38,"column":0},"end":{"line":38,"column":9}},"38":{"start":{"line":39,"column":0},"end":{"line":39,"column":64}},"39":{"start":{"line":40,"column":0},"end":{"line":40,"column":83}},"40":{"start":{"line":41,"column":0},"end":{"line":41,"column":9}},"41":{"start":{"line":42,"column":0},"end":{"line":42,"column":40}},"42":{"start":{"line":43,"column":0},"end":{"line":43,"column":45}},"43":{"start":{"line":44,"column":0},"end":{"line":44,"column":40}},"44":{"start":{"line":45,"column":0},"end":{"line":45,"column":39}},"45":{"start":{"line":46,"column":0},"end":{"line":46,"column":26}},"46":{"start":{"line":47,"column":0},"end":{"line":47,"column":9}},"47":{"start":{"line":48,"column":0},"end":{"line":48,"column":68}},"48":{"start":{"line":49,"column":0},"end":{"line":49,"column":106}},"49":{"start":{"line":50,"column":0},"end":{"line":50,"column":9}},"50":{"start":{"line":51,"column":0},"end":{"line":51,"column":9}},"51":{"start":{"line":52,"column":0},"end":{"line":52,"column":68}},"52":{"start":{"line":53,"column":0},"end":{"line":53,"column":106}},"53":{"start":{"line":54,"column":0},"end":{"line":54,"column":9}},"54":{"start":{"line":55,"column":0},"end":{"line":55,"column":20}},"55":{"start":{"line":56,"column":0},"end":{"line":56,"column":87}},"56":{"start":{"line":57,"column":0},"end":{"line":57,"column":8}},"57":{"start":{"line":58,"column":0},"end":{"line":58,"column":21}},"58":{"start":{"line":59,"column":0},"end":{"line":59,"column":15}},"59":{"start":{"line":60,"column":0},"end":{"line":60,"column":26}},"60":{"start":{"line":61,"column":0},"end":{"line":61,"column":17}},"61":{"start":{"line":62,"column":0},"end":{"line":62,"column":57}},"62":{"start":{"line":63,"column":0},"end":{"line":63,"column":12}},"63":{"start":{"line":64,"column":0},"end":{"line":64,"column":21}},"64":{"start":{"line":65,"column":0},"end":{"line":65,"column":10}},"65":{"start":{"line":66,"column":0},"end":{"line":66,"column":43}},"66":{"start":{"line":67,"column":0},"end":{"line":67,"column":18}},"67":{"start":{"line":68,"column":0},"end":{"line":68,"column":32}},"68":{"start":{"line":69,"column":0},"end":{"line":69,"column":30}},"69":{"start":{"line":70,"column":0},"end":{"line":70,"column":21}},"70":{"start":{"line":71,"column":0},"end":{"line":71,"column":102}},"71":{"start":{"line":72,"column":0},"end":{"line":72,"column":17}},"72":{"start":{"line":73,"column":0},"end":{"line":73,"column":14}},"73":{"start":{"line":74,"column":0},"end":{"line":74,"column":12}},"74":{"start":{"line":75,"column":0},"end":{"line":75,"column":10}},"75":{"start":{"line":76,"column":0},"end":{"line":76,"column":27}},"76":{"start":{"line":77,"column":0},"end":{"line":77,"column":5}},"77":{"start":{"line":78,"column":0},"end":{"line":78,"column":4}},"78":{"start":{"line":79,"column":0},"end":{"line":79,"column":2}},"79":{"start":{"line":80,"column":0},"end":{"line":80,"column":0}},"80":{"start":{"line":81,"column":0},"end":{"line":81,"column":17}},"81":{"start":{"line":82,"column":0},"end":{"line":82,"column":16}},"82":{"start":{"line":83,"column":0},"end":{"line":83,"column":5}},"83":{"start":{"line":84,"column":0},"end":{"line":84,"column":16}},"84":{"start":{"line":85,"column":0},"end":{"line":85,"column":25}},"85":{"start":{"line":86,"column":0},"end":{"line":86,"column":8}},"86":{"start":{"line":87,"column":0},"end":{"line":87,"column":14}},"87":{"start":{"line":88,"column":0},"end":{"line":88,"column":57}},"88":{"start":{"line":89,"column":0},"end":{"line":89,"column":55}},"89":{"start":{"line":90,"column":0},"end":{"line":90,"column":58}},"90":{"start":{"line":91,"column":0},"end":{"line":91,"column":56}},"91":{"start":{"line":92,"column":0},"end":{"line":92,"column":54}},"92":{"start":{"line":93,"column":0},"end":{"line":93,"column":52}},"93":{"start":{"line":94,"column":0},"end":{"line":94,"column":8}},"94":{"start":{"line":95,"column":0},"end":{"line":95,"column":6}},"95":{"start":{"line":96,"column":0},"end":{"line":96,"column":4}},"96":{"start":{"line":97,"column":0},"end":{"line":97,"column":11}},"97":{"start":{"line":98,"column":0},"end":{"line":98,"column":5}},"98":{"start":{"line":99,"column":0}
[...]
":[{"start":{"line":58,"column":33},"end":{"line":81,"column":5}}]},"4":{"type":"branch","line":83,"loc":{"start":{"line":83,"column":-1},"end":{"line":85,"column":5}},"locations":[{"start":{"line":83,"column":-1},"end":{"line":85,"column":5}}]},"5":{"type":"branch","line":85,"loc":{"start":{"line":85,"column":4},"end":{"line":85,"column":43}},"locations":[{"start":{"line":85,"column":4},"end":{"line":85,"column":43}}]},"6":{"type":"branch","line":86,"loc":{"start":{"line":86,"column":4},"end":{"line":86,"column":38}},"locations":[{"start":{"line":86,"column":4},"end":{"line":86,"column":38}}]},"7":{"type":"branch","line":48,"loc":{"start":{"line":48,"column":4},"end":{"line":50,"column":5}},"locations":[{"start":{"line":48,"column":4},"end":{"line":50,"column":5}}]},"8":{"type":"branch","line":64,"loc":{"start":{"line":64,"column":6},"end":{"line":79,"column":7}},"locations":[{"start":{"line":64,"column":6},"end":{"line":79,"column":7}}]},"9":{"type":"branch","line":70,"loc":{"start":{"line":70,"column":8},"end":{"line":77,"column":9}},"locations":[{"start":{"line":70,"column":8},"end":{"line":77,"column":9}}]},"10":{"type":"branch","line":94,"loc":{"start":{"line":94,"column":0},"end":{"line":128,"column":1}},"locations":[{"start":{"line":94,"column":0},"end":{"line":128,"column":1}}]},"11":{"type":"branch","line":103,"loc":{"start":{"line":103,"column":34},"end":{"line":115,"column":3}},"locations":[{"start":{"line":103,"column":34},"end":{"line":115,"column":3}}]},"12":{"type":"branch","line":110,"loc":{"start":{"line":110,"column":17},"end":{"line":110,"column":53}},"locations":[{"start":{"line":110,"column":17},"end":{"line":110,"column":53}}]},"13":{"type":"branch","line":110,"loc":{"start":{"line":110,"column":55},"end":{"line":113,"column":5}},"locations":[{"start":{"line":110,"column":55},"end":{"line":113,"column":5}}]},"14":{"type":"branch","line":116,"loc":{"start":{"line":116,"column":-1},"end":{"line":116,"column":57}},"locations":[{"start":{"line":116,"column":-1},"end":{"line":116,"column":57}}]},"15":{"type":"branch","line":116,"loc":{"start":{"line":116,"column":53},"end":{"line":116,"column":59}},"locations":[{"start":{"line":116,"column":53},"end":{"line":116,"column":59}}]},"16":{"type":"branch","line":123,"loc":{"start":{"line":123,"column":2},"end":{"line":125,"column":3}},"locations":[{"start":{"line":123,"column":2},"end":{"line":125,"column":3}}]},"17":{"type":"branch","line":135,"loc":{"start":{"line":135,"column":0},"end":{"line":177,"column":1}},"locations":[{"start":{"line":135,"column":0},"end":{"line":177,"column":1}}]},"18":{"type":"branch","line":150,"loc":{"start":{"line":150,"column":36},"end":{"line":170,"column":3}},"locations":[{"start":{"line":150,"column":36},"end":{"line":170,"column":3}}]},"19":{"type":"branch","line":170,"loc":{"start":{"line":170,"column":3},"end":{"line":176,"column":3}},"locations":[{"start":{"line":170,"column":3},"end":{"line":176,"column":3}}]},"20":{"type":"branch","line":156,"loc":{"start":{"line":156,"column":4},"end":{"line":161,"column":5}},"locations":[{"start":{"line":156,"column":4},"end":{"line":161,"column":5}}]},"21":{"type":"branch","line":184,"loc":{"start":{"line":184,"column":0},"end":{"line":221,"column":1}},"locations":[{"start":{"line":184,"column":0},"end":{"line":221,"column":1}}]},"22":{"type":"branch","line":195,"loc":{"start":{"line":195,"column":21},"end":{"line":214,"column":3}},"locations":[{"start":{"line":195,"column":21},"end":{"line":214,"column":3}}]},"23":{"type":"branch","line":214,"loc":{"start":{"line":214,"column":3},"end":{"line":220,"column":3}},"locations":[{"start":{"line":214,"column":3},"end":{"line":220,"column":3}}]},"24":{"type":"branch","line":201,"loc":{"start":{"line":201,"column":4},"end":{"line":206,"column":5}},"locations":[{"start":{"line":201,"column":4},"end":{"line":206,"column":5}}]},"25":{"type":"branch","line":228,"loc":{"start":{"line":228,"column":0},"end":{"line":278,"column":1}},"locations":[{"start":{"line":228,"column":0},"end":{"line":278,"column":1}}]},"26":{"type":"branch","line":238,"loc":{"start":{"line":238,"column":66},"end":{"line":238,"column":72}},"locations":[{"start":{"line":238,"column":66},"end":{"line":238,"column":72}}]},"27":{"type":"branch","line":262,"loc":{"start":{"line":262,"column":2},"end":{"line":275,"column":3}},"locations":[{"start":{"line":262,"column":2},"end":{"line":275,"column":3}}]},"28":{"type":"branch","line":272,"loc":{"start":{"line":272,"column":22},"end":{"line":274,"column":5}},"locations":[{"start":{"line":272,"column":22},"end":{"line":274,"column":5}}]}},"b":{"0":[38],"1":[31],"2":[7],"3":[2],"4":[36],"5":[5],"6":[31],"7":[10],"8":[2],"9":[3],"10":[35],"11":[7],"12":[15],"13":[8],"14":[28],"15":[0],"16":[32],"17":[11],"18":[10],"19":[1],"20":[10],"21":[19],"22":[9],"23":[10],"24":[9],"25":[35],"26":[28],"27":[70],"28":[30]},"fnMap":{"0":{"name":"validateBranchTypes","decl":{"start":{"line":32,"column":0},"end":{"line":87,"column":1}},"loc":{"start":{"line":32,"column":0},"end":{"line":87,"column":1}},"line":32},"1":{"name":"isInvalidType","decl":{"start":{"line":48,"column":4},"end":{"line":50,"column":5}},"loc":{"start":{"line":48,"column":4},"end":{"line":50,"column":5}},"line":48},"2":{"name":"ProgramHandler","decl":{"start":{"line":64,"column":6},"end":{"line":79,"column":7}},"loc":{"start":{"line":64,"column":6},"end":{"line":79,"column":7}},"line":64},"3":{"name":"reportInvalidType","decl":{"start":{"line":70,"column":8},"end":{"line":77,"column":9}},"loc":{"start":{"line":70,"column":8},"end":{"line":77,"column":9}},"line":70},"4":{"name":"gatherBranchCommentText","decl":{"start":{"line":94,"column":0},"end":{"line":128,"column":1}},"loc":{"start":{"line":94,"column":0},"end":{"line":128,"column":1}},"line":94},"5":{"name":"commentToValue","decl":{"start":{"line":123,"column":2},"end":{"line":125,"column":3}},"loc":{"start":{"line":123,"column":2},"end":{"line":125,"column":3}},"line":123},"6":{"name":"reportMissingStory","decl":{"start":{"line":135,"column":0},"end":{"line":177,"column":1}},"loc":{"start":{"line":135,"column":0},"end":{"line":177,"column":1}},"line":135},"7":{"name":"insertStoryFixer","decl":{"start":{"line":156,"column":4},"end":{"line":161,"column":5}},"loc":{"start":{"line":156,"column":4},"end":{"line":161,"column":5}},"line":156},"8":{"name":"reportMissingReq","decl":{"start":{"line":184,"column":0},"end":{"line":221,"column":1}},"loc":{"start":{"line":184,"column":0},"end":{"line":221,"column":1}},"line":184},"9":{"name":"insertReqFixer","decl":{"start":{"line":201,"column":4},"end":{"line":206,"column":5}},"loc":{"start":{"line":201,"column":4},"end":{"line":206,"column":5}},"line":201},"10":{"name":"reportMissingAnnotations","decl":{"start":{"line":228,"column":0},"end":{"line":278,"column":1}},"loc":{"start":{"line":228,"column":0},"end":{"line":278,"column":1}},"line":228},"11":{"name":"processAction","decl":{"start":{"line":262,"column":2},"end":{"line":275,"column":3}},"loc":{"start":{"line":262,"column":2},"end":{"line":275,"column":3}},"line":262}},"f":{"0":38,"1":10,"2":2,"3":3,"4":35,"5":32,"6":11,"7":10,"8":19,"9":9,"10":35,"11":70}},"/Users/tomhoward/Projects/eslint-plugin-traceability/src/utils/storyReferenceUtils.ts":{"path":"/Users/tomhoward/Projects/eslint-plugin-traceability/src/utils/storyReferenceUtils.ts","all":false,"statementMap":{"0":{"start":{"line":1,"column":0},"end":{"line":1,"column":3}},"1":{"start":{"line":2,"column":0},"end":{"line":2,"column":70}},"2":{"start":{"line":3,"column":0},"end":{"line":3,"column":57}},"3":{"start":{"line":4,"column":0},"end":{"line":4,"column":88}},"4":{"start":{"line":5,"column":0},"end":{"line":5,"column":84}},"5":{"start":{"line":6,"column":0},"end":{"line":6,"column":80}},"6":{"start":{"line":7,"column":0},"end":{"line":7,"column":3}},"7":{"start":{"line":8,"column":0},"end":{"line":8,"column":20}},"8":{"start":{"line":9,"column":0},"end":{"line":9,"column":24}},"9":{"start":{"line":10,"column":0},"end":{"line":10,"column":0}},"10":{"start":{"line":11,"column":0},"end":{"line":11,"column":3}},"11":{"start":{"line":12,"column":0},"end":{"line":12,"column":53}},"12":{"start":{"line":13,"column":0},"end":{"line":13,"column":57}},"13":{"start":{"line":14,"column":0},"end":{"line":14,"column":88}},"14":{"start":{"line":15,"column":0},"end":{"line":15,"column":3}},"15":{"start":{"line":16,"column":0},"end":{"line":16,"column":37}},"16":{"start":{"line":17,"column":0},"end":{"line":17,"column":20}},"17":{"start":{"line":18,"column":0},"end":{"line":18,"column":14}},"18":{"start":{"line":19,"column":0},"end":{"line":19,"column":22}},"19":{"start":{"line":20,"column":0},"end":{"line":20,"column":13}},"20":{"start":{"line":21,"column":0},"end":{"line":21,"column":34}},"21":{"start":{"line":22,"column":0},"end":{"line":22,"column":66}},"22":{"start":{"line":23,"column":0},"end":{"line":23,"column":50}},"23":{"start":{"line":24,"column":0},"end":{"line":24,"column":10}},"24":{"start":{"line":25,"column":0},"end":{"line":25,"column":50}},"25":{"start":{"line":26,"column":0},"end":{"line":26,"column":34}},"26":{"start":{"line":27,"column":0},"end":{"line":27,"column":72}},"27":{"start":{"line":28,"column":0},"end":{"line":28,"column":5}},"28":{"start":{"line":29,"column":0},"end":{"line":29,"column":3}},"29":{"start":{"line":30,"column":0},"end":{"line":30,"column":20}},"30":{"start":{"line":31,"column":0},"end":{"line":31,"column":1}},"31":{"start":{"line":32,"column":0},"end":{"line":32,"column":0}},"32":{"start":{"line":33,"column":0},"end":{"line":33,"column":3}},"33":{"start":{"line":34,"column":0},"end":{"line":34,"column":49}},"34":{"start":{"line":35,"column":0},"end":{"line":35,"column":57}},"35":{"start":{"line":36,"column":0},"end":{"line":36,"column":84}},"36":{"start":{"line":37,"column":0},"end":{"line":37,"column":3}},"37":{"start":{"line":38,"column":0},"end":{"line":38,"column":50}},"38":{"start":{"line":39,"column":0},"end":{"line":39,"column":55}},"39":{"start":{"line":40,"column":0},"end":{"line":40,"column":34}},"40":{"start":{"line":41,"column":0},"end":{"line":41,"column":43}},"41":{"start":{"line":42,"column":0},"end":{"line":42,"column":27}},"42":{"start":{"line":43,"column":0},"end":{"line":43,"column":71}},"43":{"start":{"line":44,"column":0},"end":{"line":44,"column":40}},"44":{"start":{"line":45,"column":0},"end":{"line":45,"column":5}},"45":{"start":{"line":46,"column":0},"end":{"line":46,"column":13}},"46":{"start":{"line":47,"column":0},"end":{"line":47,"column":18}},"47":{"start":{"line":48,"column":0},"end":{"line":48,"column":5}},"48":{"start":{"line":49,"column":0},"end":{"line":49,"column":3}},"49":{"start":{"line":50,"column":0},"end":{"line":50,"column":15}},"50":{"start":{"line":51,"column":0},"end":{"line":51,"column":1}},"51":{"start":{"line":52,"column":0},"end":{"line":52,"column":0}},"52":{"start":{"line":53,"column":0},"end":{"line":53,"column":3}},"53":{"start":{"line":54,"column":0},"end":{"line":54,"column":74}},"54":{"start":{"line":55,"column":0},"end":{"line":55,"column":57}},"55":{"start":{"line":56,"column":0},"end":{"line":56,"column":88}},"56":{"start":{"line":57,"column":0},"end":{"line":57,"column":84}},"57":{"start":{"line":58,"column":0},"end":{"line":58,"column":3}},"58":{"start":{"line":59,"column":0},"end":{"line":59,"column":35}},"59":{"start":{"line":60,"column":0},"end":{"line":60,"column":20}},"60":{"start":{"line":61,"column":0},"end":{"line":61,"column":14}},"61":{"start":{"line":62,"column":0},"end":{"line":62,"column":22}},"62":{"start":{"line":63,"column":0},"end":{"line":63,"column":46}},"63":{"start":{"line":64,"column":0},"end":{"line":64,"column":69}},"64":{"start":{"line":65,"column":0},"end":{"line":65,"column":41}},"65":{"start":{"line":66,"column":0},"end":{"line":66,"column":32}},"66":{"start":{"line":67,"column":0},"end":{"line":67,"column":1}},"67":{"start":{"line":68,"column":0},"end":{"line":68,"column":0}},"68":{"start":{"line":69,"column":0},"end":{"line":69,"column":3}},"69":{"start":{"line":70,"column":0},"end":{"line":70,"column":42}},"70":{"start":{"line":71,"column":0},"end":{"line":71,"column":57}},"71":{"start":{"line":72,"column":0},"end":{"line":72,"column":61}},"72":{"start":{"line":73,"column":0},"end":{"line":73,"column":3}},"73":{"start":{"line":74,"column":0},"end":{"line":74,"column":52}},"74":{"start":{"line":75,"column":0},"end":{"line":75,"column":28}},"75":{"start":{"line":76,"column":0},"end":{"line":76,"column":1}},"76":{"start":{"line":77,"column":0},"end":{"line":77,"column":0}},"77":{"start":{"line":78,"column":0},"end":{"line":78,"column":3}},"78":{"start":{"line":79,"column":0},"end":{"line":79,"column":37}},"79":{"start":{"line":80,"column":0},"end":{"line":80,"column":57}},"80":{"start":{"line":81,"column":0},"end":{"line":81,"column":56}},"81":{"start":{"line":82,"column":0},"end":{"line":82,"column":3}},"82":{"start":{"line":83,"column":0},"end":{"line":83,"column":59}},"83":{"start":{"line":84,"column":0},"end":{"line":84,"column":39}},"84":{"start":{"line":85,"column":0},"end":{"line":85,"column":51}},"85":{"start":{"line":86,"column":0},"end":{"line":86,"column":1}},"86":{"start":{"line":87,"column":0},"end":{"line":87,"column":0}},"87":{"start":{"line":88,"column":0},"end":{"line":88,"column":3}},"88":{"start":{"line":89,"column":0},"end":{"line":89,"column":68}},"89":{"start":{"line":90,"column":0},"end":{"line":90,"column":57}},"90":{"start":{"line":91,"column":0},"end":{"line":91,"column":80}},"91":{"start":{"line":92,"column":0},"end":{"line":92,"column":3}},"92":{"start":{"line":93,"column":0},"end":{"line":93,"column":55}},"93":{"start":{"line":94,"column":0},"end":{"line":94,"column":55}},"94":{"start":{"line":95,"column":0},"end":{"line":95,"column":1}},"95":{"start":{"line":96,"column":0},"end":{"line":96,"column":0}},"96":{"start":{"line":97,"column":0},"end":{"line":97,"column":3}},"97":{"start":{"line":98,"column":0},"end":{"line":98,"column":57}},"98":{"start":{"line":99,"column":0},"end":{"line":99,"column":57}},"99":{"start":{"line":100,"column":0},"end":{"line":100,"column":65}},"100":{"start":{"line":101,"column":0},"end":{"line":101,"column":3}},"101":{"start":{"line":102,"column":0},"end":{"line":102,"column":55}},"102":{"start":{"line":103,"column":0},"end":{"line":103,"column":33}},"103":{"start":{"line":104,"column":0},"end":{"line":104,"column":1}},"104":{"start":{"line":105,"column":0},"end":{"line":105,"column":0}},"105":{"start":{"line":106,"column":0},"end":{"line":106,"column":3}},"106":{"start":{"line":107,"column":0},"end":{"line":107,"column":94}},"107":{"start":{"line":108,"column":0},"end":{"line":108,"column":57}},"108":{"start":{"line":109,"column":0},"end":{"line":109,"column":114}},"109":{"start":{"line":110,"column":0},"end":{"line":110,"column":3}},"110":{"start":{"line":111,"column":0},"end":{"line":111,"column":55}},"111":{"start":{"line":112,"column":0},"end":{"line":112,"column":55}},"112":{"start":{"line":113,"column":0},"end":{"line":113,"column":1}}},"s":{"0":1,"1":1,"2":1,"3":1,"4":1,"5":1,"6":1,"7":1,"8":1,"9":1,"10":1,"11":1,"12":1,"13":1,"14":1,"15":4,"16":4,"17":4,"18":4,"19":4,"20":4,"21":4,"22":1,"23":4,"24":3,"25":3,"26":6,"27":6,"28":3,"29":4,"30":4,"31":1,"32":1,"33":1,"34":1,"35":1,"36":1,"37":1,"38":4,"39":4,"40":6,"41":6,"42":5,"43":5,"44":5,"45":6,"46":3,"47":3,"48":6,"49":1,"50":1,"51":1,"52":1,"53":1,"54":1,"55":1,"56":1,"57":1,"58":4,"59":4,"60":4,"61":4,"62":4,"63":4,"64":4,"65":4,"66":4,"67":1,"68":1,"69":1,"70":1,"71":1,"72":1,"73":0,"74":0,"75":0,"76":1,"77":1,"78":1,"79":1,"80":1,"81":1,"82":6,"83":6,"84":6,"85":6,"86":1,"87":1,"88":1,"89":1,"90":1,"91":1,"92":0,"93":0,"94":0,"95":1,"96":1,"97":1,"98":1,"99":1,"100":1,"101":5,"102":5,"103":5,"104":1,"105":1,"106":1,"107":1,"108":1,"109":1,"110":0,"111":0,"112":0},"branchMap":{"0":{"type":"branch","line":16,"loc":{"start":{"line":16,"column":0},"end":{"line":31,"column":1}},"locations":[{"start":{"line":16,"column":0},"end":{"line":31,"column":1}}]},"1":{"type":"branch","line":22,"loc":{"start":{"line":22,"column":32},"end":{"line":22,"column":63}},"locations":[{"start":{"line":22,"column":32},"end":{"line":22,"column":63}}]},"2":{"type":"branch","line":22,"loc":{"start":{"line":22,"column":65},"end":{"line":24,"column":3}},"locations":[{"start":{"line":22,"column":65},"end":{"line":24,"column":3}}]},"3":{"type":"branch","line":24,"loc":{"start":{"line":24,"column":3},"end":{"line":29,"column":3}},"locations":[{"start":{"line":24,"column":3},"end":{"line":29,"column":3}}]},"4":{"type":"branch","line":26,"loc":{"start":{"line":26,"column":33},"end":{"line":28,"column":5}},"locations":[{"start":{"line":26,"column":33},"end":{"line":28,"column":5}}]},"5":{"type":"branch","line":39,"loc":{"start":{"line":39,"column":0},"end":{"line":51,"column":1}},"locations":[{"start":{"line":39,"column":0},"end":{"line":51,"column":1}}]},"6":{"type":"branch","line":40,"loc":{"start":{"line":40,"column":33},"end":{"line":49,"column":3}},"locations":[{"start":{"line":40,"column":33},"end":{"line":49,"column":3}}]},"7":{"type":"branch","line":42,"loc":{"start":{"line":42,"column":26},"end":{"line":45,"column":5}},"locations":[{"start":{"line":42,"column":26},"end":{"line":45,"column":5}}]},"8":{"type":"branch","line":43,"loc":{"start":{"line":43,"column":35},"end":{"line":43,"column":70}},"locations":[{"start":{"line":43,"column":35},"end":{"line":43,"column":70}}]},"9":{"type":"branch","line":46,"loc":{"start":{"line":46,"column":12},"end":{"line":48,"column":5}},"locations":[{"start":{"line":46,"column":12},"end":{"line":48,"column":5}}]},"10":{"type":"branch","line":50,"loc":{"start":{"line":50,"column":-1},"end":{"line":51,"column":1}},"locations":[{"start":{"line":50,"column":-1},"end":{"line":51,"column":1}}]},"11":{"type":"branch","line":59,"loc":{"start":{"line":59,"column":0},"end":{"line":67,"column":1}},"locations":[{"start":{"line":59,"column":0},"end":{"line":67,"column":1}}]},"12":{"type":"branch","line":83,"loc":{"start":{"line":83,"column":0},"end":{"line":86,"column":1}},"locations":[{"start":{"line":83,"column":0},"end":{"line":86,"column":1}}]},"13":{"type":"branch","line":102,"loc":{"start":{"line":102,"column":0},"end":{"line":104,"column":1}},"locations":[{"start":{"line":102,"column":0},"end":{"line":104,"column":1}}]}},"b":{"0":[4],"1":[3],"2":[1],"3":[3],"4":[6],"5":[4],"6":[6],"7":[5],"8":[3],"9":[3],"10":[1],"11":[4],"12":[6],"13":[5]},"fnMap":{"0":{"name":"buildStoryCandidates","decl":{"start":{"line":16,"column":0},"end":{"line":31,"column":1}},"loc":{"start":{"line":16,"column":0},"end":{"line":31,"column":1}},"line":16},"1":{"name":"storyExists","decl":{"start":{"line":39,"column":0},"end":{"line":51,"column":1}},"loc":{"start":{"line":39,"column":0},"end":{"line":51,"column":1}},"line":39},"2":{"name":"normalizeStoryPath","decl":{"start":{"line":59,"column":0},"end":{"line":67,"column":1}},"loc":{"start":{"line":59,"column":0},"end":{"line":67,"column":1}},"line":59},"3":{"name":"isAbsolutePath","decl":{"start":{"line":74,"column":0},"end":{"line":76,"column":1}},"loc":{"start":{"line":74,"column":0},"end":{"line":76,"column":1}},"line":74},"4":{"name":"containsPathTraversal","decl":{"start":{"line":83,"column":0},"end":{"line":86,"column":1}},"loc":{"start":{"line":83,"column":0},"end":{"line":86,"column":1}},"line":83},"5":{"name":"isTraversalUnsafe","decl":{"start":{"line":93,"column":0},"end":{"line":95,"column":1}},"loc":{"start":{"line":93,"column":0},"end":{"line":95,"column":1}},"line":93},"6":{"name":"hasValidExtension","decl":{"start":{"line":102,"column":0},"end":{"line":104,"column":1}},"loc":{"start":{"line":102,"column":0},"end":{"line":104,"column":1}},"line":102},"7":{"name":"isUnsafeStoryPath","decl":{"start":{"line":111,"column":0},"end":{"line":113,"column":1}},"loc":{"start":{"line":111,"column":0},"end":{"line":113,"column":1}},"line":111}},"f":{"0":4,"1":4,"2":4,"3":0,"4":6,"5":0,"6":5,"7":0}}}}
