{"numFailedTestSuites":0,"numFailedTests":0,"numPassedTestSuites":18,"numPassedTests":97,"numPendingTestSuites":0,"numPendingTests":0,"numRuntimeErrorTestSuites":0,"numTodoTests":0,"numTotalTestSuites":18,"numTotalTests":97,"openHandles":[],"snapshot":{"added":0,"didUpdate":false,"failure":false,"filesAdded":0,"filesRemoved":0,"filesRemovedList":[],"filesUnmatched":0,"filesUpdated":0,"matched":0,"total":0,"unchecked":0,"uncheckedKeysByFile":[],"unmatched":0,"updated":0},"startTime":1763447748325,"success":true,"testResults":[{"assertionResults":[{"ancestorTitles":["Valid Story Reference Rule (Story 006.0-DEV-FILE-VALIDATION)","valid-story-reference","valid"],"duration":29,"failing":false,"failureDetails":[],"failureMessages":[],"fullName":"Valid Story Reference Rule (Story 006.0-DEV-FILE-VALIDATION) valid-story-reference valid [REQ-FILE-EXISTENCE] valid story file reference","invocations":1,"location":null,"numPassingAsserts":0,"retryReasons":[],"startAt":1763447751554,"status":"passed","title":"[REQ-FILE-EXISTENCE] valid story file reference"},{"ancestorTitles":["Valid Story Reference Rule (Story 006.0-DEV-FILE-VALIDATION)","valid-story-reference","valid"],"duration":2,"failing":false,"failureDetails":[],"failureMessages":[],"fullName":"Valid Story Reference Rule (Story 006.0-DEV-FILE-VALIDATION) valid-story-reference valid [REQ-EXTENSION] valid .story.md extension","invocations":1,"location":null,"numPassingAsserts":0,"retryReasons":[],"startAt":1763447751585,"status":"passed","title":"[REQ-EXTENSION] valid .story.md extension"},{"ancestorTitles":["Valid Story Reference Rule (Story 006.0-DEV-FILE-VALIDATION)","valid-story-reference","valid"],"duration":5,"failing":false,"failureDetails":[],"failureMessages":[],"fullName":"Valid Story Reference Rule (Story 006.0-DEV-FILE-VALIDATION) valid-story-reference valid [REQ-PATH-RESOLUTION] valid relative path with ./ prefix","invocations":1,"location":null,"numPassingAsserts":0,"retryReasons":[],"startAt":1763447751587,"status":"passed","title":"[REQ-PATH-RESOLUTION] valid relative path with ./ prefix"},{"ancestorTitles":["Valid Story Reference Rule (Story 006.0-DEV-FILE-VALIDATION)","valid-story-reference","invalid"],"duration":4,"failing":false,"failureDetails":[],"failureMessages":[],"fullName":"Valid Story Reference Rule (Story 006.0-DEV-FILE-VALIDATION) valid-story-reference invalid [REQ-PATH-RESOLUTION] missing file","invocations":1,"location":null,"numPassingAsserts":0,"retryReasons":[],"startAt":1763447751592,"status":"passed","title":"[REQ-PATH-RESOLUTION] missing file"},{"ancestorTitles":["Valid Story Reference Rule (Story 006.0-DEV-FILE-VALIDATION)","valid-story-reference","invalid"],"duration":2,"failing":false,"failureDetails":[],"failureMessages":[],"fullName":"Valid Story Reference Rule (Story 006.0-DEV-FILE-VALIDATION) valid-story-reference invalid [REQ-EXTENSION] invalid extension","invocations":1,"location":null,"numPassingAsserts":0,"retryReasons":[],"startAt":1763447751596,"status":"passed","title":"[REQ-EXTENSION] invalid extension"},{"ancestorTitles":["Valid Story Reference Rule (Story 006.0-DEV-FILE-VALIDATION)","valid-story-reference","invalid"],"duration":3,"failing":false,"failureDetails":[],"failureMessages":[],"fullName":"Valid Story Reference Rule (Story 006.0-DEV-FILE-VALIDATION) valid-story-reference invalid [REQ-PATH-SECURITY] path traversal","invocations":1,"location":null,"numPassingAsserts":0,"retryReasons":[],"startAt":1763447751598,"status":"passed","title":"[REQ-PATH-SECURITY] path traversal"},{"ancestorTitles":["Valid Story Reference Rule (Story 006.0-DEV-FILE-VALIDATION)","valid-story-reference","invalid"],"duration":4,"failing":false,"failureDetails":[],"failureMessages":[],"fullName":"Valid Story Reference Rule (Story 006.0-DEV-FILE-VALIDATION) valid-story-reference invalid [REQ-ABSOLUTE-PATH] absolute path not allowed","invocations":1,"location":null,"numPassingAsserts":0,"retryReasons":[],"startAt":1763447751601,"status":"passed","title":"[REQ-ABSOLUTE-PATH] absolute path not allowed"}],"endTime":1763447751606,"message":"","name":"/Users/tomhoward/Projects/eslint-plugin-traceability/tests/rules/valid-story-reference.test.ts","startTime":1763447748837,"status":"passed","summary":""},{"assertionResults":[{"ancestorTitles":["Require Branch Annotation Rule (Story 004.0-DEV-BRANCH-ANNOTATIONS)","require-branch-annotation","valid"],"duration":31,"failing":false,"failureDetails":[],"failureMessages":[],"fullName":"Require Branch Annotation Rule (Story 004.0-DEV-BRANCH-ANNOTATIONS) require-branch-annotation valid [REQ-BRANCH-DETECTION] valid fallback scanning comment detection","invocations":1,"location":null,"numPassingAsserts":0,"retryReasons":[],"startAt":1763447751536,"status":"passed","title":"[REQ-BRANCH-DETECTION] valid fallback scanning comment detection"},{"ancestorTitles":["Require Branch Annotation Rule (Story 004.0-DEV-BRANCH-ANNOTATIONS)","require-branch-annotation","valid"],"duration":3,"failing":false,"failureDetails":[],"failureMessages":[],"fullName":"Require Branch Annotation Rule (Story 004.0-DEV-BRANCH-ANNOTATIONS) require-branch-annotation valid [REQ-BRANCH-DETECTION] valid if-statement with annotations","invocations":1,"location":null,"numPassingAsserts":0,"retryReasons":[],"startAt":1763447751567,"status":"passed","title":"[REQ-BRANCH-DETECTION] valid if-statement with annotations"},{"ancestorTitles":["Require Branch Annotation Rule (Story 004.0-DEV-BRANCH-ANNOTATIONS)","require-branch-annotation","valid"],"duration":5,"failing":false,"failureDetails":[],"failureMessages":[],"fullName":"Require Branch Annotation Rule (Story 004.0-DEV-BRANCH-ANNOTATIONS) require-branch-annotation valid [REQ-BRANCH-DETECTION] valid for loop with block comment annotations","invocations":1,"location":null,"numPassingAsserts":0,"retryReasons":[],"startAt":1763447751570,"status":"passed","title":"[REQ-BRANCH-DETECTION] valid for loop with block comment annotations"},{"ancestorTitles":["Require Branch Annotation Rule (Story 004.0-DEV-BRANCH-ANNOTATIONS)","require-branch-annotation","valid"],"duration":7,"failing":false,"failureDetails":[],"failureMessages":[],"fullName":"Require Branch Annotation Rule (Story 004.0-DEV-BRANCH-ANNOTATIONS) require-branch-annotation valid [REQ-BRANCH-DETECTION] valid switch-case with annotations","invocations":1,"location":null,"numPassingAsserts":0,"retryReasons":[],"startAt":1763447751575,"status":"passed","title":"[REQ-BRANCH-DETECTION] valid switch-case with annotations"},{"ancestorTitles":["Require Branch Annotation Rule (Story 004.0-DEV-BRANCH-ANNOTATIONS)","require-branch-annotation","valid"],"duration":3,"failing":false,"failureDetails":[],"failureMessages":[],"fullName":"Require Branch Annotation Rule (Story 004.0-DEV-BRANCH-ANNOTATIONS) require-branch-annotation valid [REQ-BRANCH-DETECTION] valid try-finally with annotations","invocations":1,"location":null,"numPassingAsserts":0,"retryReasons":[],"startAt":1763447751582,"status":"passed","title":"[REQ-BRANCH-DETECTION] valid try-finally with annotations"},{"ancestorTitles":["Require Branch Annotation Rule (Story 004.0-DEV-BRANCH-ANNOTATIONS)","require-branch-annotation","valid"],"duration":2,"failing":false,"failureDetails":[],"failureMessages":[],"fullName":"Require Branch Annotation Rule (Story 004.0-DEV-BRANCH-ANNOTATIONS) require-branch-annotation valid [REQ-BRANCH-DETECTION] valid catch with annotations","invocations":1,"location":null,"numPassingAsserts":0,"retryReasons":[],"startAt":1763447751585,"status":"passed","title":"[REQ-BRANCH-DETECTION] valid catch with annotations"},{"ancestorTitles":["Require Branch Annotation Rule (Story 004.0-DEV-BRANCH-ANNOTATIONS)","require-branch-annotation","valid"],"duration":3,"failing":false,"failureDetails":[],"failureMessages":[],"fullName":"Require Branch Annotation Rule (Story 004.0-DEV-BRANCH-ANNOTATIONS) require-branch-annotation valid [REQ-BRANCH-DETECTION] valid do-while loop with annotations","invocations":1,"location":null,"numPassingAsserts":0,"retryReasons":[],"startAt":1763447751587,"status":"passed","title":"[REQ-BRANCH-DETECTION] valid do-while loop with annotations"},{"ancestorTitles":["Require Branch Annotation Rule (Story 004.0-DEV-BRANCH-ANNOTATIONS)","require-branch-annotation","valid"],"duration":3,"failing":false,"failureDetails":[],"failureMessages":[],"fullName":"Require Branch Annotation Rule (Story 004.0-DEV-BRANCH-ANNOTATIONS) require-branch-annotation valid [REQ-BRANCH-DETECTION] valid for-of loop with annotations","invocations":1,"location":null,"numPassingAsserts":0,"retryReasons":[],"startAt":1763447751590,"status":"passed","title":"[REQ-BRANCH-DETECTION] valid for-of loop with annotations"},{"ancestorTitles":["Require Branch Annotation Rule (Story 004.0-DEV-BRANCH-ANNOTATIONS)","require-branch-annotation","valid"],"duration":4,"failing":false,"failureDetails":[],"failureMessages":[],"fullName":"Require Branch Annotation Rule (Story 004.0-DEV-BRANCH-ANNOTATIONS) require-branch-annotation valid [REQ-BRANCH-DETECTION] valid for-in loop with annotations","invocations":1,"location":null,"numPassingAsserts":0,"retryReasons":[],"startAt":1763447751593,"status":"passed","title":"[REQ-BRANCH-DETECTION] valid for-in loop with annotations"},{"ancestorTitles":["Require Branch Annotation Rule (Story 004.0-DEV-BRANCH-ANNOTATIONS)","require-branch-annotation","valid"],"duration":3,"failing":false,"failureDetails":[],"failureMessages":[],"fullName":"Require Branch Annotation Rule (Story 004.0-DEV-BRANCH-ANNOTATIONS) require-branch-annotation valid [REQ-BRANCH-DETECTION] valid while loop with annotations","invocations":1,"location":null,"numPassingAsserts":0,"retryReasons":[],"startAt":1763447751597,"status":"passed","title":"[REQ-BRANCH-DETECTION] valid while loop with annotations"},{"ancestorTitles":["Require Branch Annotation Rule (Story 004.0-DEV-BRANCH-ANNOTATIONS)","require-branch-annotation","valid"],"duration":3,"failing":false,"failureDetails":[],"failureMessages":[],"fullName":"Require Branch Annotation Rule (Story 004.0-DEV-BRANCH-ANNOTATIONS) require-branch-annotation valid [REQ-BRANCH-DETECTION] valid switch-case with inline annotation","invocations":1,"location":null,"numPassingAsserts":0,"retryReasons":[],"startAt":1763447751600,"status":"passed","title":"[REQ-BRANCH-DETECTION] valid switch-case with inline annotation"},{"ancestorTitles":["Require Branch Annotation Rule (Story 004.0-DEV-BRANCH-ANNOTATIONS)","require-branch-annotation","valid"],"duration":2,"failing":false,"failureDetails":[],"failureMessages":[],"fullName":"Require Branch Annotation Rule (Story 004.0-DEV-BRANCH-ANNOTATIONS) require-branch-annotation valid [REQ-BRANCH-DETECTION] valid default case without annotations","invocations":1,"location":null,"numPassingAsserts":0,"retryReasons":[],"startAt":1763447751603,"status":"passed","title":"[REQ-BRANCH-DETECTION] valid default case without annotations"},{"ancestorTitles":["Require Branch Annotation Rule (Story 004.0-DEV-BRANCH-ANNOTATIONS)","require-branch-annotation","invalid"],"duration":2,"failing":false,"failureDetails":[],"failureMessages":[],"fullName":"Require Branch Annotation Rule (Story 004.0-DEV-BRANCH-ANNOTATIONS) require-branch-annotation invalid [REQ-BRANCH-DETECTION] missing annotations on if-statement","invocations":1,"location":null,"numPassingAsserts":0,"retryReasons":[],"startAt":1763447751605,"status":"passed","title":"[REQ-BRANCH-DETECTION] missing annotations on if-statement"},{"ancestorTitles":["Require Branch Annotation Rule (Story 004.0-DEV-BRANCH-ANNOTATIONS)","require-branch-annotation","invalid"],"duration":3,"failing":false,"failureDetails":[],"failureMessages":[],"fullName":"Require Branch Annotation Rule (Story 004.0-DEV-BRANCH-ANNOTATIONS) require-branch-annotation invalid [REQ-BRANCH-DETECTION] missing @req on for loop when only story present","invocations":1,"location":null,"numPassingAsserts":0,"retryReasons":[],"startAt":1763447751607,"status":"passed","title":"[REQ-BRANCH-DETECTION] missing @req on for loop when only story present"},{"ancestorTitles":["Require Branch Annotation Rule (Story 004.0-DEV-BRANCH-ANNOTATIONS)","require-branch-annotation","invalid"],"duration":1,"failing":false,"failureDetails":[],"failureMessages":[],"fullName":"Require Branch Annotation Rule (Story 004.0-DEV-BRANCH-ANNOTATIONS) require-branch-annotation invalid [REQ-BRANCH-DETECTION] missing @story on while loop when only req present","invocations":1,"location":null,"numPassingAsserts":0,"retryReasons":[],"startAt":1763447751610,"status":"passed","title":"[REQ-BRANCH-DETECTION] missing @story on while loop when only req present"},{"ancestorTitles":["Require Branch Annotation Rule (Story 004.0-DEV-BRANCH-ANNOTATIONS)","require-branch-annotation","invalid"],"duration":2,"failing":false,"failureDetails":[],"failureMessages":[],"fullName":"Require Branch Annotation Rule (Story 004.0-DEV-BRANCH-ANNOTATIONS) require-branch-annotation invalid [REQ-BRANCH-DETECTION] missing annotations on switch-case","invocations":1,"location":null,"numPassingAsserts":0,"retryReasons":[],"startAt":1763447751611,"status":"passed","title":"[REQ-BRANCH-DETECTION] missing annotations on switch-case"},{"ancestorTitles":["Require Branch Annotation Rule (Story 004.0-DEV-BRANCH-ANNOTATIONS)","require-branch-annotation","invalid"],"duration":3,"failing":false,"failureDetails":[],"failureMessages":[],"fullName":"Require Branch Annotation Rule (Story 004.0-DEV-BRANCH-ANNOTATIONS) require-branch-annotation invalid [REQ-BRANCH-DETECTION] missing annotations on do-while loop","invocations":1,"location":null,"numPassingAsserts":0,"retryReasons":[],"startAt":1763447751613,"status":"passed","title":"[REQ-BRANCH-DETECTION] missing annotations on do-while loop"},{"ancestorTitles":["Require Branch Annotation Rule (Story 004.0-DEV-BRANCH-ANNOTATIONS)","require-branch-annotation","invalid"],"duration":3,"failing":false,"failureDetails":[],"failureMessages":[],"fullName":"Require Branch Annotation Rule (Story 004.0-DEV-BRANCH-ANNOTATIONS) require-branch-annotation invalid [REQ-BRANCH-DETECTION] missing annotations on for-of loop","invocations":1,"location":null,"numPassingAsserts":0,"retryReasons":[],"startAt":1763447751616,"status":"passed","title":"[REQ-BRANCH-DETECTION] missing annotations on for-of loop"},{"ancestorTitles":["Require Branch Annotation Rule (Story 004.0-DEV-BRANCH-ANNOTATIONS)","require-branch-annotation","invalid"],"duration":2,"failing":false,"failureDetails":[],"failureMessages":[],"fullName":"Require Branch Annotation Rule (Story 004.0-DEV-BRANCH-ANNOTATIONS) require-branch-annotation invalid [REQ-BRANCH-DETECTION] missing annotations on for-in loop","invocations":1,"location":null,"numPassingAsserts":0,"retryReasons":[],"startAt":1763447751619,"status":"passed","title":"[REQ-BRANCH-DETECTION] missing annotations on for-in loop"},{"ancestorTitles":["Require Branch Annotation Rule (Story 004.0-DEV-BRANCH-ANNOTATIONS)","require-branch-annotation","invalid"],"duration":2,"failing":false,"failureDetails":[],"failureMessages":[],"fullName":"Require Branch Annotation Rule (Story 004.0-DEV-BRANCH-ANNOTATIONS) require-branch-annotation invalid [REQ-BRANCH-DETECTION] missing annotations on try-catch blocks","invocations":1,"location":null,"numPassingAsserts":0,"retryReasons":[],"startAt":1763447751621,"status":"passed","title":"[REQ-BRANCH-DETECTION] missing annotations on try-catch blocks"},{"ancestorTitles":["Require Branch Annotation Rule (Story 004.0-DEV-BRANCH-ANNOTATIONS)","require-branch-annotation","invalid"],"duration":2,"failing":false,"failureDetails":[],"failureMessages":[],"fullName":"Require Branch Annotation Rule (Story 004.0-DEV-BRANCH-ANNOTATIONS) require-branch-annotation invalid [REQ-BRANCH-DETECTION] missing annotations on switch-case with blank line","invocations":1,"location":null,"numPassingAsserts":0,"retryReasons":[],"startAt":1763447751623,"status":"passed","title":"[REQ-BRANCH-DETECTION] missing annotations on switch-case with blank line"}],"endTime":1763447751626,"message":"","name":"/Users/tomhoward/Projects/eslint-plugin-traceability/tests/rules/require-branch-annotation.test.ts","startTime":1763447748815,"status":"passed","summary":""},{"assertionResults":[{"ancestorTitles":["Valid Req Reference Rule (Story 010.0-DEV-DEEP-VALIDATION)","valid-req-reference","valid"],"duration":29,"failing":false,"failureDetails":[],"failureMessages":[],"fullName":"Valid Req Reference Rule (Story 010.0-DEV-DEEP-VALIDATION) valid-req-reference valid [REQ-DEEP-PARSE] valid requirement reference existing in story file","invocations":1,"location":null,"numPassingAsserts":0,"retryReasons":[],"startAt":1763447751602,"status":"passed","title":"[REQ-DEEP-PARSE] valid requirement reference existing in story file"},{"ancestorTitles":["Valid Req Reference Rule (Story 010.0-DEV-DEEP-VALIDATION)","valid-req-reference","valid"],"duration":3,"failing":false,"failureDetails":[],"failureMessages":[],"fullName":"Valid Req Reference Rule (Story 010.0-DEV-DEEP-VALIDATION) valid-req-reference valid [REQ-DEEP-BULLET] valid bullet list requirement existing in bullet story fixture","invocations":1,"location":null,"numPassingAsserts":0,"retryReasons":[],"startAt":1763447751631,"status":"passed","title":"[REQ-DEEP-BULLET] valid bullet list requirement existing in bullet story fixture"},{"ancestorTitles":["Valid Req Reference Rule (Story 010.0-DEV-DEEP-VALIDATION)","valid-req-reference","invalid"],"duration":15,"failing":false,"failureDetails":[],"failureMessages":[],"fullName":"Valid Req Reference Rule (Story 010.0-DEV-DEEP-VALIDATION) valid-req-reference invalid [REQ-DEEP-MATCH] missing requirement in story file","invocations":1,"location":null,"numPassingAsserts":0,"retryReasons":[],"startAt":1763447751634,"status":"passed","title":"[REQ-DEEP-MATCH] missing requirement in story file"},{"ancestorTitles":["Valid Req Reference Rule (Story 010.0-DEV-DEEP-VALIDATION)","valid-req-reference","invalid"],"duration":3,"failing":false,"failureDetails":[],"failureMessages":[],"fullName":"Valid Req Reference Rule (Story 010.0-DEV-DEEP-VALIDATION) valid-req-reference invalid [REQ-DEEP-PARSE] disallow path traversal in story path","invocations":1,"location":null,"numPassingAsserts":0,"retryReasons":[],"startAt":1763447751649,"status":"passed","title":"[REQ-DEEP-PARSE] disallow path traversal in story path"},{"ancestorTitles":["Valid Req Reference Rule (Story 010.0-DEV-DEEP-VALIDATION)","valid-req-reference","invalid"],"duration":2,"failing":false,"failureDetails":[],"failureMessages":[],"fullName":"Valid Req Reference Rule (Story 010.0-DEV-DEEP-VALIDATION) valid-req-reference invalid [REQ-DEEP-PARSE] disallow absolute path in story path","invocations":1,"location":null,"numPassingAsserts":0,"retryReasons":[],"startAt":1763447751652,"status":"passed","title":"[REQ-DEEP-PARSE] disallow absolute path in story path"},{"ancestorTitles":["Valid Req Reference Rule (Story 010.0-DEV-DEEP-VALIDATION)","valid-req-reference","invalid"],"duration":2,"failing":false,"failureDetails":[],"failureMessages":[],"fullName":"Valid Req Reference Rule (Story 010.0-DEV-DEEP-VALIDATION) valid-req-reference invalid [REQ-DEEP-BULLET] missing bullet list requirement in bullet story fixture","invocations":1,"location":null,"numPassingAsserts":0,"retryReasons":[],"startAt":1763447751655,"status":"passed","title":"[REQ-DEEP-BULLET] missing bullet list requirement in bullet story fixture"}],"endTime":1763447751658,"message":"","name":"/Users/tomhoward/Projects/eslint-plugin-traceability/tests/rules/valid-req-reference.test.ts","startTime":1763447748919,"status":"passed","summary":""},{"assertionResults":[{"ancestorTitles":["batchUpdateAnnotations (Story 009.0-DEV-MAINTENANCE-TOOLS)"],"duration":1,"failing":false,"failureDetails":[],"failureMessages":[],"fullName":"batchUpdateAnnotations (Story 009.0-DEV-MAINTENANCE-TOOLS) [REQ-MAINT-BATCH] should return 0 when no mappings applied","invocations":1,"location":null,"numPassingAsserts":1,"retryReasons":[],"startAt":1763447751677,"status":"passed","title":"[REQ-MAINT-BATCH] should return 0 when no mappings applied"},{"ancestorTitles":["verifyAnnotations (Story 009.0-DEV-MAINTENANCE-TOOLS)"],"duration":2,"failing":false,"failureDetails":[],"failureMessages":[],"fullName":"verifyAnnotations (Story 009.0-DEV-MAINTENANCE-TOOLS) [REQ-MAINT-VERIFY] should return true when annotations are valid","invocations":1,"location":null,"numPassingAsserts":1,"retryReasons":[],"startAt":1763447751680,"status":"passed","title":"[REQ-MAINT-VERIFY] should return true when annotations are valid"}],"endTime":1763447751683,"message":"","name":"/Users/tomhoward/Projects/eslint-plugin-traceability/tests/maintenance/batch.test.ts","startTime":1763447751644,"status":"passed","summary":""},{"assertionResults":[{"ancestorTitles":["updateAnnotationReferences isolated (Story 009.0-DEV-MAINTENANCE-TOOLS)"],"duration":3,"failing":false,"failureDetails":[],"failureMessages":[],"fullName":"updateAnnotationReferences isolated (Story 009.0-DEV-MAINTENANCE-TOOLS) [REQ-MAINT-UPDATE] updates @story annotations in files","invocations":1,"location":null,"numPassingAsserts":2,"retryReasons":[],"startAt":1763447751694,"status":"passed","title":"[REQ-MAINT-UPDATE] updates @story annotations in files"},{"ancestorTitles":["updateAnnotationReferences isolated (Story 009.0-DEV-MAINTENANCE-TOOLS)"],"duration":1,"failing":false,"failureDetails":[],"failureMessages":[],"fullName":"updateAnnotationReferences isolated (Story 009.0-DEV-MAINTENANCE-TOOLS) [REQ-MAINT-UPDATE] should return 0 when directory does not exist","invocations":1,"location":null,"numPassingAsserts":1,"retryReasons":[],"startAt":1763447751697,"status":"passed","title":"[REQ-MAINT-UPDATE] should return 0 when directory does not exist"}],"endTime":1763447751699,"message":"","name":"/Users/tomhoward/Projects/eslint-plugin-traceability/tests/maintenance/update-isolated.test.ts","startTime":1763447751667,"status":"passed","summary":""},{"assertionResults":[{"ancestorTitles":["Valid Annotation Format Rule (Story 005.0-DEV-ANNOTATION-VALIDATION)","valid-annotation-format","valid"],"duration":8,"failing":false,"failureDetails":[],"failureMessages":[],"fullName":"Valid Annotation Format Rule (Story 005.0-DEV-ANNOTATION-VALIDATION) valid-annotation-format valid [REQ-PATH-FORMAT] valid story annotation format","invocations":1,"location":null,"numPassingAsserts":0,"retryReasons":[],"startAt":1763447751683,"status":"passed","title":"[REQ-PATH-FORMAT] valid story annotation format"},{"ancestorTitles":["Valid Annotation Format Rule (Story 005.0-DEV-ANNOTATION-VALIDATION)","valid-annotation-format","valid"],"duration":1,"failing":false,"failureDetails":[],"failureMessages":[],"fullName":"Valid Annotation Format Rule (Story 005.0-DEV-ANNOTATION-VALIDATION) valid-annotation-format valid [REQ-REQ-FORMAT] valid req annotation format","invocations":1,"location":null,"numPassingAsserts":0,"retryReasons":[],"startAt":1763447751691,"status":"passed","title":"[REQ-REQ-FORMAT] valid req annotation format"},{"ancestorTitles":["Valid Annotation Format Rule (Story 005.0-DEV-ANNOTATION-VALIDATION)","valid-annotation-format","valid"],"duration":1,"failing":false,"failureDetails":[],"failureMessages":[],"fullName":"Valid Annotation Format Rule (Story 005.0-DEV-ANNOTATION-VALIDATION) valid-annotation-format valid [REQ-FORMAT-SPECIFICATION] valid block annotations","invocations":1,"location":null,"numPassingAsserts":0,"retryReasons":[],"startAt":1763447751693,"status":"passed","title":"[REQ-FORMAT-SPECIFICATION] valid block annotations"},{"ancestorTitles":["Valid Annotation Format Rule (Story 005.0-DEV-ANNOTATION-VALIDATION)","valid-annotation-format","invalid"],"duration":8,"failing":false,"failureDetails":[],"failureMessages":[],"fullName":"Valid Annotation Format Rule (Story 005.0-DEV-ANNOTATION-VALIDATION) valid-annotation-format invalid [REQ-PATH-FORMAT] missing story path","invocations":1,"location":null,"numPassingAsserts":0,"retryReasons":[],"startAt":1763447751694,"status":"passed","title":"[REQ-PATH-FORMAT] missing story path"},{"ancestorTitles":["Valid Annotation Format Rule (Story 005.0-DEV-ANNOTATION-VALIDATION)","valid-annotation-format","invalid"],"duration":1,"failing":false,"failureDetails":[],"failureMessages":[],"fullName":"Valid Annotation Format Rule (Story 005.0-DEV-ANNOTATION-VALIDATION) valid-annotation-format invalid [REQ-PATH-FORMAT] invalid story file extension","invocations":1,"location":null,"numPassingAsserts":0,"retryReasons":[],"startAt":1763447751702,"status":"passed","title":"[REQ-PATH-FORMAT] invalid story file extension"},{"ancestorTitles":["Valid Annotation Format Rule (Story 005.0-DEV-ANNOTATION-VALIDATION)","valid-annotation-format","invalid"],"duration":1,"failing":false,"failureDetails":[],"failureMessages":[],"fullName":"Valid Annotation Format Rule (Story 005.0-DEV-ANNOTATION-VALIDATION) valid-annotation-format invalid [REQ-REQ-FORMAT] missing req id","invocations":1,"location":null,"numPassingAsserts":0,"retryReasons":[],"startAt":1763447751703,"status":"passed","title":"[REQ-REQ-FORMAT] missing req id"},{"ancestorTitles":["Valid Annotation Format Rule (Story 005.0-DEV-ANNOTATION-VALIDATION)","valid-annotation-format","invalid"],"duration":1,"failing":false,"failureDetails":[],"failureMessages":[],"fullName":"Valid Annotation Format Rule (Story 005.0-DEV-ANNOTATION-VALIDATION) valid-annotation-format invalid [REQ-REQ-FORMAT] invalid req id format","invocations":1,"location":null,"numPassingAsserts":0,"retryReasons":[],"startAt":1763447751704,"status":"passed","title":"[REQ-REQ-FORMAT] invalid req id format"}],"endTime":1763447751705,"message":"","name":"/Users/tomhoward/Projects/eslint-plugin-traceability/tests/rules/valid-annotation-format.test.ts","startTime":1763447751631,"status":"passed","summary":""},{"assertionResults":[{"ancestorTitles":["Plugin Default Export and Configs (Story 001.0-DEV-PLUGIN-SETUP)"],"duration":1,"failing":false,"failureDetails":[],"failureMessages":[],"fullName":"Plugin Default Export and Configs (Story 001.0-DEV-PLUGIN-SETUP) [REQ-PLUGIN-STRUCTURE] default export includes rules and configs","invocations":1,"location":null,"numPassingAsserts":2,"retryReasons":[],"startAt":1763447751718,"status":"passed","title":"[REQ-PLUGIN-STRUCTURE] default export includes rules and configs"},{"ancestorTitles":["Plugin Default Export and Configs (Story 001.0-DEV-PLUGIN-SETUP)"],"duration":0,"failing":false,"failureDetails":[],"failureMessages":[],"fullName":"Plugin Default Export and Configs (Story 001.0-DEV-PLUGIN-SETUP) [REQ-PLUGIN-STRUCTURE] rules object has correct rule names","invocations":1,"location":null,"numPassingAsserts":1,"retryReasons":[],"startAt":1763447751719,"status":"passed","title":"[REQ-PLUGIN-STRUCTURE] rules object has correct rule names"},{"ancestorTitles":["Plugin Default Export and Configs (Story 001.0-DEV-PLUGIN-SETUP)"],"duration":1,"failing":false,"failureDetails":[],"failureMessages":[],"fullName":"Plugin Default Export and Configs (Story 001.0-DEV-PLUGIN-SETUP) [REQ-RULE-REGISTRY] configs.recommended contains correct rule configuration","invocations":1,"location":null,"numPassingAsserts":3,"retryReasons":[],"startAt":1763447751719,"status":"passed","title":"[REQ-RULE-REGISTRY] configs.recommended contains correct rule configuration"},{"ancestorTitles":["Plugin Default Export and Configs (Story 001.0-DEV-PLUGIN-SETUP)"],"duration":0,"failing":false,"failureDetails":[],"failureMessages":[],"fullName":"Plugin Default Export and Configs (Story 001.0-DEV-PLUGIN-SETUP) [REQ-CONFIG-SYSTEM] configs.strict contains same rules as recommended","invocations":1,"location":null,"numPassingAsserts":1,"retryReasons":[],"startAt":1763447751720,"status":"passed","title":"[REQ-CONFIG-SYSTEM] configs.strict contains same rules as recommended"}],"endTime":1763447751720,"message":"","name":"/Users/tomhoward/Projects/eslint-plugin-traceability/tests/plugin-default-export-and-configs.test.ts","startTime":1763447751688,"status":"passed","summary":""},{"assertionResults":[{"ancestorTitles":["ESLint Configuration Rule Options (Story 002.0-DEV-ESLINT-CONFIG)"],"duration":3,"failing":false,"failureDetails":[],"failureMessages":[],"fullName":"ESLint Configuration Rule Options (Story 002.0-DEV-ESLINT-CONFIG) [REQ-RULE-OPTIONS] require-story-annotation schema defines expected properties","invocations":1,"location":null,"numPassingAsserts":3,"retryReasons":[],"startAt":1763447751737,"status":"passed","title":"[REQ-RULE-OPTIONS] require-story-annotation schema defines expected properties"}],"endTime":1763447751740,"message":"","name":"/Users/tomhoward/Projects/eslint-plugin-traceability/tests/config/require-story-annotation-config.test.ts","startTime":1763447751709,"status":"passed","summary":""},{"assertionResults":[{"ancestorTitles":["Traceability ESLint Plugin (Story 001.0-DEV-PLUGIN-SETUP)"],"duration":1,"failing":false,"failureDetails":[],"failureMessages":[],"fullName":"Traceability ESLint Plugin (Story 001.0-DEV-PLUGIN-SETUP) [REQ-PLUGIN-STRUCTURE] plugin exports rules and configs","invocations":1,"location":null,"numPassingAsserts":6,"retryReasons":[],"startAt":1763447751752,"status":"passed","title":"[REQ-PLUGIN-STRUCTURE] plugin exports rules and configs"}],"endTime":1763447751753,"message":"","name":"/Users/tomhoward/Projects/eslint-plugin-traceability/tests/plugin-setup.test.ts","startTime":1763447751702,"status":"passed","summary":""},{"assertionResults":[{"ancestorTitles":["ESLint Configuration Setup (Story 002.0-DEV-ESLINT-CONFIG)"],"duration":1,"failing":false,"failureDetails":[],"failureMessages":[],"fullName":"ESLint Configuration Setup (Story 002.0-DEV-ESLINT-CONFIG) [REQ-RULE-OPTIONS] rule meta.schema defines expected properties","invocations":1,"location":null,"numPassingAsserts":3,"retryReasons":[],"startAt":1763447751769,"status":"passed","title":"[REQ-RULE-OPTIONS] rule meta.schema defines expected properties"},{"ancestorTitles":["ESLint Configuration Setup (Story 002.0-DEV-ESLINT-CONFIG)"],"duration":0,"failing":false,"failureDetails":[],"failureMessages":[],"fullName":"ESLint Configuration Setup (Story 002.0-DEV-ESLINT-CONFIG) [REQ-CONFIG-VALIDATION] schema disallows unknown options","invocations":1,"location":null,"numPassingAsserts":1,"retryReasons":[],"startAt":1763447751770,"status":"passed","title":"[REQ-CONFIG-VALIDATION] schema disallows unknown options"}],"endTime":1763447751770,"message":"","name":"/Users/tomhoward/Projects/eslint-plugin-traceability/tests/config/eslint-config-validation.test.ts","startTime":1763447751749,"status":"passed","summary":""},{"assertionResults":[{"ancestorTitles":["updateAnnotationReferences (Story 009.0-DEV-MAINTENANCE-TOOLS)"],"duration":1,"failing":false,"failureDetails":[],"failureMessages":[],"fullName":"updateAnnotationReferences (Story 009.0-DEV-MAINTENANCE-TOOLS) [REQ-MAINT-UPDATE] should return 0 when no updates made","invocations":1,"location":null,"numPassingAsserts":1,"retryReasons":[],"startAt":1763447751778,"status":"passed","title":"[REQ-MAINT-UPDATE] should return 0 when no updates made"}],"endTime":1763447751780,"message":"","name":"/Users/tomhoward/Projects/eslint-plugin-traceability/tests/maintenance/update.test.ts","startTime":1763447751761,"status":"passed","summary":""},{"assertionResults":[{"ancestorTitles":["generateMaintenanceReport (Story 009.0-DEV-MAINTENANCE-TOOLS)"],"duration":0,"failing":false,"failureDetails":[],"failureMessages":[],"fullName":"generateMaintenanceReport (Story 009.0-DEV-MAINTENANCE-TOOLS) [REQ-MAINT-REPORT] should return empty string when no operations","invocations":1,"location":null,"numPassingAsserts":1,"retryReasons":[],"startAt":1763447751777,"status":"passed","title":"[REQ-MAINT-REPORT] should return empty string when no operations"},{"ancestorTitles":["generateMaintenanceReport (Story 009.0-DEV-MAINTENANCE-TOOLS)"],"duration":1,"failing":false,"failureDetails":[],"failureMessages":[],"fullName":"generateMaintenanceReport (Story 009.0-DEV-MAINTENANCE-TOOLS) [REQ-MAINT-REPORT] should report stale story annotation","invocations":1,"location":null,"numPassingAsserts":1,"retryReasons":[],"startAt":1763447751778,"status":"passed","title":"[REQ-MAINT-REPORT] should report stale story annotation"}],"endTime":1763447751781,"message":"","name":"/Users/tomhoward/Projects/eslint-plugin-traceability/tests/maintenance/report.test.ts","startTime":1763447751747,"status":"passed","summary":""},{"assertionResults":[{"ancestorTitles":["detectStaleAnnotations isolated (Story 009.0-DEV-MAINTENANCE-TOOLS)"],"duration":1,"failing":false,"failureDetails":[],"failureMessages":[],"fullName":"detectStaleAnnotations isolated (Story 009.0-DEV-MAINTENANCE-TOOLS) [REQ-MAINT-DETECT] returns empty array when directory does not exist","invocations":1,"location":null,"numPassingAsserts":1,"retryReasons":[],"startAt":1763447751794,"status":"passed","title":"[REQ-MAINT-DETECT] returns empty array when directory does not exist"},{"ancestorTitles":["detectStaleAnnotations isolated (Story 009.0-DEV-MAINTENANCE-TOOLS)"],"duration":2,"failing":false,"failureDetails":[],"failureMessages":[],"fullName":"detectStaleAnnotations isolated (Story 009.0-DEV-MAINTENANCE-TOOLS) [REQ-MAINT-DETECT] detects stale annotations in nested directories","invocations":1,"location":null,"numPassingAsserts":3,"retryReasons":[],"startAt":1763447751795,"status":"passed","title":"[REQ-MAINT-DETECT] detects stale annotations in nested directories"},{"ancestorTitles":["detectStaleAnnotations isolated (Story 009.0-DEV-MAINTENANCE-TOOLS)"],"duration":8,"failing":false,"failureDetails":[],"failureMessages":[],"fullName":"detectStaleAnnotations isolated (Story 009.0-DEV-MAINTENANCE-TOOLS) [REQ-MAINT-DETECT] throws error on permission denied","invocations":1,"location":null,"numPassingAsserts":1,"retryReasons":[],"startAt":1763447751797,"status":"passed","title":"[REQ-MAINT-DETECT] throws error on permission denied"}],"endTime":1763447751805,"message":"","name":"/Users/tomhoward/Projects/eslint-plugin-traceability/tests/maintenance/detect-isolated.test.ts","startTime":1763447751774,"status":"passed","summary":""},{"assertionResults":[{"ancestorTitles":["detectStaleAnnotations (Story 009.0-DEV-MAINTENANCE-TOOLS)"],"duration":1,"failing":false,"failureDetails":[],"failureMessages":[],"fullName":"detectStaleAnnotations (Story 009.0-DEV-MAINTENANCE-TOOLS) [REQ-MAINT-DETECT] should return empty array when no stale annotations","invocations":1,"location":null,"numPassingAsserts":1,"retryReasons":[],"startAt":1763447751805,"status":"passed","title":"[REQ-MAINT-DETECT] should return empty array when no stale annotations"},{"ancestorTitles":["detectStaleAnnotations (Story 009.0-DEV-MAINTENANCE-TOOLS)"],"duration":1,"failing":false,"failureDetails":[],"failureMessages":[],"fullName":"detectStaleAnnotations (Story 009.0-DEV-MAINTENANCE-TOOLS) [REQ-MAINT-DETECT] should detect stale annotation references","invocations":1,"location":null,"numPassingAsserts":2,"retryReasons":[],"startAt":1763447751806,"status":"passed","title":"[REQ-MAINT-DETECT] should detect stale annotation references"}],"endTime":1763447751808,"message":"","name":"/Users/tomhoward/Projects/eslint-plugin-traceability/tests/maintenance/detect.test.ts","startTime":1763447751783,"status":"passed","summary":""},{"assertionResults":[{"ancestorTitles":["Require Story Annotation Rule (Story 003.0-DEV-FUNCTION-ANNOTATIONS)","require-story-annotation","valid"],"duration":26,"failing":false,"failureDetails":[],"failureMessages":[],"fullName":"Require Story Annotation Rule (Story 003.0-DEV-FUNCTION-ANNOTATIONS) require-story-annotation valid [REQ-ANNOTATION-REQUIRED] valid with JSDoc @story annotation","invocations":1,"location":null,"numPassingAsserts":0,"retryReasons":[],"startAt":1763447751777,"status":"passed","title":"[REQ-ANNOTATION-REQUIRED] valid with JSDoc @story annotation"},{"ancestorTitles":["Require Story Annotation Rule (Story 003.0-DEV-FUNCTION-ANNOTATIONS)","require-story-annotation","valid"],"duration":8,"failing":false,"failureDetails":[],"failureMessages":[],"fullName":"Require Story Annotation Rule (Story 003.0-DEV-FUNCTION-ANNOTATIONS) require-story-annotation valid [REQ-ANNOTATION-REQUIRED] valid with line comment @story annotation","invocations":1,"location":null,"numPassingAsserts":0,"retryReasons":[],"startAt":1763447751803,"status":"passed","title":"[REQ-ANNOTATION-REQUIRED] valid with line comment @story annotation"},{"ancestorTitles":["Require Story Annotation Rule (Story 003.0-DEV-FUNCTION-ANNOTATIONS)","require-story-annotation","valid"],"duration":3,"failing":false,"failureDetails":[],"failureMessages":[],"fullName":"Require Story Annotation Rule (Story 003.0-DEV-FUNCTION-ANNOTATIONS) require-story-annotation valid [REQ-ANNOTATION-REQUIRED] valid on function expression with annotation","invocations":1,"location":null,"numPassingAsserts":0,"retryReasons":[],"startAt":1763447751811,"status":"passed","title":"[REQ-ANNOTATION-REQUIRED] valid on function expression with annotation"},{"ancestorTitles":["Require Story Annotation Rule (Story 003.0-DEV-FUNCTION-ANNOTATIONS)","require-story-annotation","valid"],"duration":2,"failing":false,"failureDetails":[],"failureMessages":[],"fullName":"Require Story Annotation Rule (Story 003.0-DEV-FUNCTION-ANNOTATIONS) require-story-annotation valid [REQ-ANNOTATION-REQUIRED] valid on arrow function with annotation","invocations":1,"location":null,"numPassingAsserts":0,"retryReasons":[],"startAt":1763447751814,"status":"passed","title":"[REQ-ANNOTATION-REQUIRED] valid on arrow function with annotation"},{"ancestorTitles":["Require Story Annotation Rule (Story 003.0-DEV-FUNCTION-ANNOTATIONS)","require-story-annotation","valid"],"duration":2,"failing":false,"failureDetails":[],"failureMessages":[],"fullName":"Require Story Annotation Rule (Story 003.0-DEV-FUNCTION-ANNOTATIONS) require-story-annotation valid [REQ-ANNOTATION-REQUIRED] valid on class method with annotation","invocations":1,"location":null,"numPassingAsserts":0,"retryReasons":[],"startAt":1763447751816,"status":"passed","title":"[REQ-ANNOTATION-REQUIRED] valid on class method with annotation"},{"ancestorTitles":["Require Story Annotation Rule (Story 003.0-DEV-FUNCTION-ANNOTATIONS)","require-story-annotation","valid"],"duration":11,"failing":false,"failureDetails":[],"failureMessages":[],"fullName":"Require Story Annotation Rule (Story 003.0-DEV-FUNCTION-ANNOTATIONS) require-story-annotation valid [REQ-FUNCTION-DETECTION] valid with annotation on TS declare function","invocations":1,"location":null,"numPassingAsserts":0,"retryReasons":[],"startAt":1763447751818,"status":"passed","title":"[REQ-FUNCTION-DETECTION] valid with annotation on TS declare function"},{"ancestorTitles":["Require Story Annotation Rule (Story 003.0-DEV-FUNCTION-ANNOTATIONS)","require-story-annotation","valid"],"duration":3,"failing":false,"failureDetails":[],"failureMessages":[],"fullName":"Require Story Annotation Rule (Story 003.0-DEV-FUNCTION-ANNOTATIONS) require-story-annotation valid [REQ-FUNCTION-DETECTION] valid with annotation on TS method signature","invocations":1,"location":null,"numPassingAsserts":0,"retryReasons":[],"startAt":1763447751829,"status":"passed","title":"[REQ-FUNCTION-DETECTION] valid with annotation on TS method signature"},{"ancestorTitles":["Require Story Annotation Rule (Story 003.0-DEV-FUNCTION-ANNOTATIONS)","require-story-annotation","invalid"],"duration":4,"failing":false,"failureDetails":[],"failureMessages":[],"fullName":"Require Story Annotation Rule (Story 003.0-DEV-FUNCTION-ANNOTATIONS) require-story-annotation invalid [REQ-ANNOTATION-REQUIRED] missing @story annotation on function","invocations":1,"location":null,"numPassingAsserts":0,"retryReasons":[],"startAt":1763447751832,"status":"passed","title":"[REQ-ANNOTATION-REQUIRED] missing @story annotation on function"},{"ancestorTitles":["Require Story Annotation Rule (Story 003.0-DEV-FUNCTION-ANNOTATIONS)","require-story-annotation","invalid"],"duration":3,"failing":false,"failureDetails":[],"failureMessages":[],"fullName":"Require Story Annotation Rule (Story 003.0-DEV-FUNCTION-ANNOTATIONS) require-story-annotation invalid [REQ-ANNOTATION-REQUIRED] missing @story on function expression","invocations":1,"location":null,"numPassingAsserts":0,"retryReasons":[],"startAt":1763447751836,"status":"passed","title":"[REQ-ANNOTATION-REQUIRED] missing @story on function expression"},{"ancestorTitles":["Require Story Annotation Rule (Story 003.0-DEV-FUNCTION-ANNOTATIONS)","require-story-annotation","invalid"],"duration":2,"failing":false,"failureDetails":[],"failureMessages":[],"fullName":"Require Story Annotation Rule (Story 003.0-DEV-FUNCTION-ANNOTATIONS) require-story-annotation invalid [REQ-ANNOTATION-REQUIRED] missing @story on arrow function","invocations":1,"location":null,"numPassingAsserts":0,"retryReasons":[],"startAt":1763447751839,"status":"passed","title":"[REQ-ANNOTATION-REQUIRED] missing @story on arrow function"},{"ancestorTitles":["Require Story Annotation Rule (Story 003.0-DEV-FUNCTION-ANNOTATIONS)","require-story-annotation","invalid"],"duration":1,"failing":false,"failureDetails":[],"failureMessages":[],"fullName":"Require Story Annotation Rule (Story 003.0-DEV-FUNCTION-ANNOTATIONS) require-story-annotation invalid [REQ-ANNOTATION-REQUIRED] missing @story on class method","invocations":1,"location":null,"numPassingAsserts":0,"retryReasons":[],"startAt":1763447751841,"status":"passed","title":"[REQ-ANNOTATION-REQUIRED] missing @story on class method"},{"ancestorTitles":["Require Story Annotation Rule (Story 003.0-DEV-FUNCTION-ANNOTATIONS)","require-story-annotation","invalid"],"duration":2,"failing":false,"failureDetails":[],"failureMessages":[],"fullName":"Require Story Annotation Rule (Story 003.0-DEV-FUNCTION-ANNOTATIONS) require-story-annotation invalid [REQ-ANNOTATION-REQUIRED] missing @story on TS declare function","invocations":1,"location":null,"numPassingAsserts":0,"retryReasons":[],"startAt":1763447751843,"status":"passed","title":"[REQ-ANNOTATION-REQUIRED] missing @story on TS declare function"},{"ancestorTitles":["Require Story Annotation Rule (Story 003.0-DEV-FUNCTION-ANNOTATIONS)","require-story-annotation","invalid"],"duration":6,"failing":false,"failureDetails":[],"failureMessages":[],"fullName":"Require Story Annotation Rule (Story 003.0-DEV-FUNCTION-ANNOTATIONS) require-story-annotation invalid [REQ-ANNOTATION-REQUIRED] missing @story on TS method signature","invocations":1,"location":null,"numPassingAsserts":0,"retryReasons":[],"startAt":1763447751845,"status":"passed","title":"[REQ-ANNOTATION-REQUIRED] missing @story on TS method signature"},{"ancestorTitles":["Require Story Annotation Rule (Story 003.0-DEV-FUNCTION-ANNOTATIONS)","require-story-annotation with exportPriority option","valid"],"duration":1,"failing":false,"failureDetails":[],"failureMessages":[],"fullName":"Require Story Annotation Rule (Story 003.0-DEV-FUNCTION-ANNOTATIONS) require-story-annotation with exportPriority option valid [exportPriority] unexported function without @story should be valid","invocations":1,"location":null,"numPassingAsserts":0,"retryReasons":[],"startAt":1763447751851,"status":"passed","title":"[exportPriority] unexported function without @story should be valid"},{"ancestorTitles":["Require Story Annotation Rule (Story 003.0-DEV-FUNCTION-ANNOTATIONS)","require-story-annotation with exportPriority option","valid"],"duration":1,"failing":false,"failureDetails":[],"failureMessages":[],"fullName":"Require Story Annotation Rule (Story 003.0-DEV-FUNCTION-ANNOTATIONS) require-story-annotation with exportPriority option valid [exportPriority] exported with annotation","invocations":1,"location":null,"numPassingAsserts":0,"retryReasons":[],"startAt":1763447751852,"status":"passed","title":"[exportPriority] exported with annotation"},{"ancestorTitles":["Require Story Annotation Rule (Story 003.0-DEV-FUNCTION-ANNOTATIONS)","require-story-annotation with exportPriority option","invalid"],"duration":2,"failing":false,"failureDetails":[],"failureMessages":[],"fullName":"Require Story Annotation Rule (Story 003.0-DEV-FUNCTION-ANNOTATIONS) require-story-annotation with exportPriority option invalid [exportPriority] exported function missing @story annotation","invocations":1,"location":null,"numPassingAsserts":0,"retryReasons":[],"startAt":1763447751853,"status":"passed","title":"[exportPriority] exported function missing @story annotation"},{"ancestorTitles":["Require Story Annotation Rule (Story 003.0-DEV-FUNCTION-ANNOTATIONS)","require-story-annotation with exportPriority option","invalid"],"duration":3,"failing":false,"failureDetails":[],"failureMessages":[],"fullName":"Require Story Annotation Rule (Story 003.0-DEV-FUNCTION-ANNOTATIONS) require-story-annotation with exportPriority option invalid [exportPriority] exported arrow function missing @story annotation","invocations":1,"location":null,"numPassingAsserts":0,"retryReasons":[],"startAt":1763447751855,"status":"passed","title":"[exportPriority] exported arrow function missing @story annotation"},{"ancestorTitles":["Require Story Annotation Rule (Story 003.0-DEV-FUNCTION-ANNOTATIONS)","require-story-annotation with scope option","valid"],"duration":1,"failing":false,"failureDetails":[],"failureMessages":[],"fullName":"Require Story Annotation Rule (Story 003.0-DEV-FUNCTION-ANNOTATIONS) require-story-annotation with scope option valid [scope] arrow function ignored when scope is FunctionDeclaration","invocations":1,"location":null,"numPassingAsserts":0,"retryReasons":[],"startAt":1763447751859,"status":"passed","title":"[scope] arrow function ignored when scope is FunctionDeclaration"},{"ancestorTitles":["Require Story Annotation Rule (Story 003.0-DEV-FUNCTION-ANNOTATIONS)","require-story-annotation with scope option","invalid"],"duration":2,"failing":false,"failureDetails":[],"failureMessages":[],"fullName":"Require Story Annotation Rule (Story 003.0-DEV-FUNCTION-ANNOTATIONS) require-story-annotation with scope option invalid [scope] function declaration missing annotation when scope is FunctionDeclaration","invocations":1,"location":null,"numPassingAsserts":0,"retryReasons":[],"startAt":1763447751860,"status":"passed","title":"[scope] function declaration missing annotation when scope is FunctionDeclaration"}],"endTime":1763447751863,"message":"","name":"/Users/tomhoward/Projects/eslint-plugin-traceability/tests/rules/require-story-annotation.test.ts","startTime":1763447748817,"status":"passed","summary":""},{"assertionResults":[{"ancestorTitles":["Require Req Annotation Rule (Story 003.0-DEV-FUNCTION-ANNOTATIONS)","require-req-annotation","valid"],"duration":26,"failing":false,"failureDetails":[],"failureMessages":[],"fullName":"Require Req Annotation Rule (Story 003.0-DEV-FUNCTION-ANNOTATIONS) require-req-annotation valid [REQ-ANNOTATION-REQUIRED] valid with only @req annotation","invocations":1,"location":null,"numPassingAsserts":0,"retryReasons":[],"startAt":1763447751910,"status":"passed","title":"[REQ-ANNOTATION-REQUIRED] valid with only @req annotation"},{"ancestorTitles":["Require Req Annotation Rule (Story 003.0-DEV-FUNCTION-ANNOTATIONS)","require-req-annotation","valid"],"duration":2,"failing":false,"failureDetails":[],"failureMessages":[],"fullName":"Require Req Annotation Rule (Story 003.0-DEV-FUNCTION-ANNOTATIONS) require-req-annotation valid [REQ-ANNOTATION-REQUIRED] valid with @story and @req annotations","invocations":1,"location":null,"numPassingAsserts":0,"retryReasons":[],"startAt":1763447751937,"status":"passed","title":"[REQ-ANNOTATION-REQUIRED] valid with @story and @req annotations"},{"ancestorTitles":["Require Req Annotation Rule (Story 003.0-DEV-FUNCTION-ANNOTATIONS)","require-req-annotation","valid"],"duration":12,"failing":false,"failureDetails":[],"failureMessages":[],"fullName":"Require Req Annotation Rule (Story 003.0-DEV-FUNCTION-ANNOTATIONS) require-req-annotation valid [REQ-TYPESCRIPT-SUPPORT] valid with @req annotation on TSDeclareFunction","invocations":1,"location":null,"numPassingAsserts":0,"retryReasons":[],"startAt":1763447751939,"status":"passed","title":"[REQ-TYPESCRIPT-SUPPORT] valid with @req annotation on TSDeclareFunction"},{"ancestorTitles":["Require Req Annotation Rule (Story 003.0-DEV-FUNCTION-ANNOTATIONS)","require-req-annotation","valid"],"duration":3,"failing":false,"failureDetails":[],"failureMessages":[],"fullName":"Require Req Annotation Rule (Story 003.0-DEV-FUNCTION-ANNOTATIONS) require-req-annotation valid [REQ-TYPESCRIPT-SUPPORT] valid with @req annotation on TSMethodSignature","invocations":1,"location":null,"numPassingAsserts":0,"retryReasons":[],"startAt":1763447751951,"status":"passed","title":"[REQ-TYPESCRIPT-SUPPORT] valid with @req annotation on TSMethodSignature"},{"ancestorTitles":["Require Req Annotation Rule (Story 003.0-DEV-FUNCTION-ANNOTATIONS)","require-req-annotation","invalid"],"duration":5,"failing":false,"failureDetails":[],"failureMessages":[],"fullName":"Require Req Annotation Rule (Story 003.0-DEV-FUNCTION-ANNOTATIONS) require-req-annotation invalid [REQ-ANNOTATION-REQUIRED] missing @req on function without JSDoc","invocations":1,"location":null,"numPassingAsserts":0,"retryReasons":[],"startAt":1763447751954,"status":"passed","title":"[REQ-ANNOTATION-REQUIRED] missing @req on function without JSDoc"},{"ancestorTitles":["Require Req Annotation Rule (Story 003.0-DEV-FUNCTION-ANNOTATIONS)","require-req-annotation","invalid"],"duration":2,"failing":false,"failureDetails":[],"failureMessages":[],"fullName":"Require Req Annotation Rule (Story 003.0-DEV-FUNCTION-ANNOTATIONS) require-req-annotation invalid [REQ-ANNOTATION-REQUIRED] missing @req on function with only @story annotation","invocations":1,"location":null,"numPassingAsserts":0,"retryReasons":[],"startAt":1763447751959,"status":"passed","title":"[REQ-ANNOTATION-REQUIRED] missing @req on function with only @story annotation"},{"ancestorTitles":["Require Req Annotation Rule (Story 003.0-DEV-FUNCTION-ANNOTATIONS)","require-req-annotation","invalid"],"duration":5,"failing":false,"failureDetails":[],"failureMessages":[],"fullName":"Require Req Annotation Rule (Story 003.0-DEV-FUNCTION-ANNOTATIONS) require-req-annotation invalid [REQ-TYPESCRIPT-SUPPORT] missing @req on TSDeclareFunction","invocations":1,"location":null,"numPassingAsserts":0,"retryReasons":[],"startAt":1763447751961,"status":"passed","title":"[REQ-TYPESCRIPT-SUPPORT] missing @req on TSDeclareFunction"},{"ancestorTitles":["Require Req Annotation Rule (Story 003.0-DEV-FUNCTION-ANNOTATIONS)","require-req-annotation","invalid"],"duration":6,"failing":false,"failureDetails":[],"failureMessages":[],"fullName":"Require Req Annotation Rule (Story 003.0-DEV-FUNCTION-ANNOTATIONS) require-req-annotation invalid [REQ-TYPESCRIPT-SUPPORT] missing @req on TSMethodSignature","invocations":1,"location":null,"numPassingAsserts":0,"retryReasons":[],"startAt":1763447751966,"status":"passed","title":"[REQ-TYPESCRIPT-SUPPORT] missing @req on TSMethodSignature"}],"endTime":1763447751973,"message":"","name":"/Users/tomhoward/Projects/eslint-plugin-traceability/tests/rules/require-req-annotation.test.ts","startTime":1763447748855,"status":"passed","summary":""},{"assertionResults":[{"ancestorTitles":["annotation-checker helper","annotation-checker","valid"],"duration":27,"failing":false,"failureDetails":[],"failureMessages":[],"fullName":"annotation-checker helper annotation-checker valid [REQ-TYPESCRIPT-SUPPORT] valid TSDeclareFunction with @req","invocations":1,"location":null,"numPassingAsserts":0,"retryReasons":[],"startAt":1763447751958,"status":"passed","title":"[REQ-TYPESCRIPT-SUPPORT] valid TSDeclareFunction with @req"},{"ancestorTitles":["annotation-checker helper","annotation-checker","valid"],"duration":4,"failing":false,"failureDetails":[],"failureMessages":[],"fullName":"annotation-checker helper annotation-checker valid [REQ-TYPESCRIPT-SUPPORT] valid TSMethodSignature with @req","invocations":1,"location":null,"numPassingAsserts":0,"retryReasons":[],"startAt":1763447751985,"status":"passed","title":"[REQ-TYPESCRIPT-SUPPORT] valid TSMethodSignature with @req"},{"ancestorTitles":["annotation-checker helper","annotation-checker","invalid"],"duration":5,"failing":false,"failureDetails":[],"failureMessages":[],"fullName":"annotation-checker helper annotation-checker invalid [REQ-TYPESCRIPT-SUPPORT] missing @req on TSDeclareFunction","invocations":1,"location":null,"numPassingAsserts":0,"retryReasons":[],"startAt":1763447751989,"status":"passed","title":"[REQ-TYPESCRIPT-SUPPORT] missing @req on TSDeclareFunction"},{"ancestorTitles":["annotation-checker helper","annotation-checker","invalid"],"duration":7,"failing":false,"failureDetails":[],"failureMessages":[],"fullName":"annotation-checker helper annotation-checker invalid [REQ-TYPESCRIPT-SUPPORT] missing @req on TSMethodSignature","invocations":1,"location":null,"numPassingAsserts":0,"retryReasons":[],"startAt":1763447751994,"status":"passed","title":"[REQ-TYPESCRIPT-SUPPORT] missing @req on TSMethodSignature"}],"endTime":1763447752001,"message":"","name":"/Users/tomhoward/Projects/eslint-plugin-traceability/tests/utils/annotation-checker.test.ts","startTime":1763447748845,"status":"passed","summary":""},{"assertionResults":[{"ancestorTitles":["[docs/stories/001.0-DEV-PLUGIN-SETUP.story.md] CLI Integration (traceability plugin)"],"duration":550,"failing":false,"failureDetails":[],"failureMessages":[],"fullName":"[docs/stories/001.0-DEV-PLUGIN-SETUP.story.md] CLI Integration (traceability plugin) [REQ-PLUGIN-STRUCTURE] reports error when @story annotation is missing","invocations":1,"location":null,"numPassingAsserts":1,"retryReasons":[],"startAt":1763447751388,"status":"passed","title":"[REQ-PLUGIN-STRUCTURE] reports error when @story annotation is missing"},{"ancestorTitles":["[docs/stories/001.0-DEV-PLUGIN-SETUP.story.md] CLI Integration (traceability plugin)"],"duration":272,"failing":false,"failureDetails":[],"failureMessages":[],"fullName":"[docs/stories/001.0-DEV-PLUGIN-SETUP.story.md] CLI Integration (traceability plugin) [REQ-PLUGIN-STRUCTURE] does not report error when @story annotation is present","invocations":1,"location":null,"numPassingAsserts":1,"retryReasons":[],"startAt":1763447751939,"status":"passed","title":"[REQ-PLUGIN-STRUCTURE] does not report error when @story annotation is present"},{"ancestorTitles":["[docs/stories/001.0-DEV-PLUGIN-SETUP.story.md] CLI Integration (traceability plugin)"],"duration":254,"failing":false,"failureDetails":[],"failureMessages":[],"fullName":"[docs/stories/001.0-DEV-PLUGIN-SETUP.story.md] CLI Integration (traceability plugin) [REQ-PLUGIN-STRUCTURE] reports error when @req annotation is missing","invocations":1,"location":null,"numPassingAsserts":1,"retryReasons":[],"startAt":1763447752211,"status":"passed","title":"[REQ-PLUGIN-STRUCTURE] reports error when @req annotation is missing"},{"ancestorTitles":["[docs/stories/001.0-DEV-PLUGIN-SETUP.story.md] CLI Integration (traceability plugin)"],"duration":288,"failing":false,"failureDetails":[],"failureMessages":[],"fullName":"[docs/stories/001.0-DEV-PLUGIN-SETUP.story.md] CLI Integration (traceability plugin) [REQ-PLUGIN-STRUCTURE] reports error when @story annotation uses path traversal and @req annotation uses path traversal","invocations":1,"location":null,"numPassingAsserts":1,"retryReasons":[],"startAt":1763447752465,"status":"passed","title":"[REQ-PLUGIN-STRUCTURE] reports error when @story annotation uses path traversal and @req annotation uses path traversal"},{"ancestorTitles":["[docs/stories/001.0-DEV-PLUGIN-SETUP.story.md] CLI Integration (traceability plugin)"],"duration":371,"failing":false,"failureDetails":[],"failureMessages":[],"fullName":"[docs/stories/001.0-DEV-PLUGIN-SETUP.story.md] CLI Integration (traceability plugin) [REQ-PLUGIN-STRUCTURE] reports error when @story annotation uses absolute path and @req annotation uses absolute path","invocations":1,"location":null,"numPassingAsserts":1,"retryReasons":[],"startAt":1763447752754,"status":"passed","title":"[REQ-PLUGIN-STRUCTURE] reports error when @story annotation uses absolute path and @req annotation uses absolute path"}],"endTime":1763447753127,"message":"","name":"/Users/tomhoward/Projects/eslint-plugin-traceability/tests/integration/cli-integration.test.ts","startTime":1763447748844,"status":"passed","summary":""}],"wasInterrupted":false}
