{"numFailedTestSuites":0,"numFailedTests":0,"numPassedTestSuites":23,"numPassedTests":113,"numPendingTestSuites":0,"numPendingTests":0,"numRuntimeErrorTestSuites":0,"numTodoTests":0,"numTotalTestSuites":23,"numTotalTests":113,"openHandles":[],"snapshot":{"added":0,"didUpdate":false,"failure":false,"filesAdded":0,"filesRemoved":0,"filesRemovedList":[],"filesUnmatched":0,"filesUpdated":0,"matched":0,"total":0,"unchecked":0,"uncheckedKeysByFile":[],"unmatched":0,"updated":0},"startTime":1763595855820,"success":true,"testResults":[{"assertionResults":[{"ancestorTitles":["[docs/stories/001.0-DEV-PLUGIN-SETUP.story.md] CLI Integration (traceability plugin)"],"duration":407,"failing":false,"failureDetails":[],"failureMessages":[],"fullName":"[docs/stories/001.0-DEV-PLUGIN-SETUP.story.md] CLI Integration (traceability plugin) [REQ-PLUGIN-STRUCTURE] reports error when @story annotation is missing","invocations":1,"location":null,"numPassingAsserts":1,"retryReasons":[],"startAt":1763595856626,"status":"passed","title":"[REQ-PLUGIN-STRUCTURE] reports error when @story annotation is missing"},{"ancestorTitles":["[docs/stories/001.0-DEV-PLUGIN-SETUP.story.md] CLI Integration (traceability plugin)"],"duration":239,"failing":false,"failureDetails":[],"failureMessages":[],"fullName":"[docs/stories/001.0-DEV-PLUGIN-SETUP.story.md] CLI Integration (traceability plugin) [REQ-PLUGIN-STRUCTURE] does not report error when @story annotation is present","invocations":1,"location":null,"numPassingAsserts":1,"retryReasons":[],"startAt":1763595857034,"status":"passed","title":"[REQ-PLUGIN-STRUCTURE] does not report error when @story annotation is present"},{"ancestorTitles":["[docs/stories/001.0-DEV-PLUGIN-SETUP.story.md] CLI Integration (traceability plugin)"],"duration":254,"failing":false,"failureDetails":[],"failureMessages":[],"fullName":"[docs/stories/001.0-DEV-PLUGIN-SETUP.story.md] CLI Integration (traceability plugin) [REQ-PLUGIN-STRUCTURE] reports error when @req annotation is missing","invocations":1,"location":null,"numPassingAsserts":1,"retryReasons":[],"startAt":1763595857274,"status":"passed","title":"[REQ-PLUGIN-STRUCTURE] reports error when @req annotation is missing"},{"ancestorTitles":["[docs/stories/001.0-DEV-PLUGIN-SETUP.story.md] CLI Integration (traceability plugin)"],"duration":269,"failing":false,"failureDetails":[],"failureMessages":[],"fullName":"[docs/stories/001.0-DEV-PLUGIN-SETUP.story.md] CLI Integration (traceability plugin) [REQ-PLUGIN-STRUCTURE] reports error when @story annotation uses path traversal and @req annotation uses path traversal","invocations":1,"location":null,"numPassingAsserts":1,"retryReasons":[],"startAt":1763595857528,"status":"passed","title":"[REQ-PLUGIN-STRUCTURE] reports error when @story annotation uses path traversal and @req annotation uses path traversal"},{"ancestorTitles":["[docs/stories/001.0-DEV-PLUGIN-SETUP.story.md] CLI Integration (traceability plugin)"],"duration":256,"failing":false,"failureDetails":[],"failureMessages":[],"fullName":"[docs/stories/001.0-DEV-PLUGIN-SETUP.story.md] CLI Integration (traceability plugin) [REQ-PLUGIN-STRUCTURE] reports error when @story annotation uses absolute path and @req annotation uses absolute path","invocations":1,"location":null,"numPassingAsserts":1,"retryReasons":[],"startAt":1763595857797,"status":"passed","title":"[REQ-PLUGIN-STRUCTURE] reports error when @story annotation uses absolute path and @req annotation uses absolute path"}],"endTime":1763595858054,"message":"","name":"/Users/tomhoward/Projects/eslint-plugin-traceability/tests/integration/cli-integration.test.ts","startTime":1763595855961,"status":"passed","summary":""},{"assertionResults":[{"ancestorTitles":["Require Story Annotation Rule (Story 003.0-DEV-FUNCTION-ANNOTATIONS)","require-story-annotation","valid"],"duration":18,"failing":false,"failureDetails":[],"failureMessages":[],"fullName":"Require Story Annotation Rule (Story 003.0-DEV-FUNCTION-ANNOTATIONS) require-story-annotation valid [REQ-ANNOTATION-REQUIRED] valid with JSDoc @story annotation","invocations":1,"location":null,"numPassingAsserts":0,"retryReasons":[],"startAt":1763595858312,"status":"passed","title":"[REQ-ANNOTATION-REQUIRED] valid with JSDoc @story annotation"},{"ancestorTitles":["Require Story Annotation Rule (Story 003.0-DEV-FUNCTION-ANNOTATIONS)","require-story-annotation","valid"],"duration":5,"failing":false,"failureDetails":[],"failureMessages":[],"fullName":"Require Story Annotation Rule (Story 003.0-DEV-FUNCTION-ANNOTATIONS) require-story-annotation valid [REQ-ANNOTATION-REQUIRED] valid with line comment @story annotation","invocations":1,"location":null,"numPassingAsserts":0,"retryReasons":[],"startAt":1763595858330,"status":"passed","title":"[REQ-ANNOTATION-REQUIRED] valid with line comment @story annotation"},{"ancestorTitles":["Require Story Annotation Rule (Story 003.0-DEV-FUNCTION-ANNOTATIONS)","require-story-annotation","valid"],"duration":3,"failing":false,"failureDetails":[],"failureMessages":[],"fullName":"Require Story Annotation Rule (Story 003.0-DEV-FUNCTION-ANNOTATIONS) require-story-annotation valid [REQ-ANNOTATION-REQUIRED] valid on function expression with annotation","invocations":1,"location":null,"numPassingAsserts":0,"retryReasons":[],"startAt":1763595858336,"status":"passed","title":"[REQ-ANNOTATION-REQUIRED] valid on function expression with annotation"},{"ancestorTitles":["Require Story Annotation Rule (Story 003.0-DEV-FUNCTION-ANNOTATIONS)","require-story-annotation","valid"],"duration":1,"failing":false,"failureDetails":[],"failureMessages":[],"fullName":"Require Story Annotation Rule (Story 003.0-DEV-FUNCTION-ANNOTATIONS) require-story-annotation valid [REQ-ANNOTATION-REQUIRED] valid on arrow function with annotation","invocations":1,"location":null,"numPassingAsserts":0,"retryReasons":[],"startAt":1763595858339,"status":"passed","title":"[REQ-ANNOTATION-REQUIRED] valid on arrow function with annotation"},{"ancestorTitles":["Require Story Annotation Rule (Story 003.0-DEV-FUNCTION-ANNOTATIONS)","require-story-annotation","valid"],"duration":2,"failing":false,"failureDetails":[],"failureMessages":[],"fullName":"Require Story Annotation Rule (Story 003.0-DEV-FUNCTION-ANNOTATIONS) require-story-annotation valid [REQ-ANNOTATION-REQUIRED] valid on class method with annotation","invocations":1,"location":null,"numPassingAsserts":0,"retryReasons":[],"startAt":1763595858341,"status":"passed","title":"[REQ-ANNOTATION-REQUIRED] valid on class method with annotation"},{"ancestorTitles":["Require Story Annotation Rule (Story 003.0-DEV-FUNCTION-ANNOTATIONS)","require-story-annotation","valid"],"duration":9,"failing":false,"failureDetails":[],"failureMessages":[],"fullName":"Require Story Annotation Rule (Story 003.0-DEV-FUNCTION-ANNOTATIONS) require-story-annotation valid [REQ-FUNCTION-DETECTION] valid with annotation on TS declare function","invocations":1,"location":null,"numPassingAsserts":0,"retryReasons":[],"startAt":1763595858343,"status":"passed","title":"[REQ-FUNCTION-DETECTION] valid with annotation on TS declare function"},{"ancestorTitles":["Require Story Annotation Rule (Story 003.0-DEV-FUNCTION-ANNOTATIONS)","require-story-annotation","valid"],"duration":3,"failing":false,"failureDetails":[],"failureMessages":[],"fullName":"Require Story Annotation Rule (Story 003.0-DEV-FUNCTION-ANNOTATIONS) require-story-annotation valid [REQ-FUNCTION-DETECTION] valid with annotation on TS method signature","invocations":1,"location":null,"numPassingAsserts":0,"retryReasons":[],"startAt":1763595858352,"status":"passed","title":"[REQ-FUNCTION-DETECTION] valid with annotation on TS method signature"},{"ancestorTitles":["Require Story Annotation Rule (Story 003.0-DEV-FUNCTION-ANNOTATIONS)","require-story-annotation","invalid"],"duration":4,"failing":false,"failureDetails":[],"failureMessages":[],"fullName":"Require Story Annotation Rule (Story 003.0-DEV-FUNCTION-ANNOTATIONS) require-story-annotation invalid [REQ-ANNOTATION-REQUIRED] missing @story annotation on function","invocations":1,"location":null,"numPassingAsserts":0,"retryReasons":[],"startAt":1763595858355,"status":"passed","title":"[REQ-ANNOTATION-REQUIRED] missing @story annotation on function"},{"ancestorTitles":["Require Story Annotation Rule (Story 003.0-DEV-FUNCTION-ANNOTATIONS)","require-story-annotation","invalid"],"duration":3,"failing":false,"failureDetails":[],"failureMessages":[],"fullName":"Require Story Annotation Rule (Story 003.0-DEV-FUNCTION-ANNOTATIONS) require-story-annotation invalid [REQ-ANNOTATION-REQUIRED] missing @story on function expression","invocations":1,"location":null,"numPassingAsserts":0,"retryReasons":[],"startAt":1763595858359,"status":"passed","title":"[REQ-ANNOTATION-REQUIRED] missing @story on function expression"},{"ancestorTitles":["Require Story Annotation Rule (Story 003.0-DEV-FUNCTION-ANNOTATIONS)","require-story-annotation","invalid"],"duration":2,"failing":false,"failureDetails":[],"failureMessages":[],"fullName":"Require Story Annotation Rule (Story 003.0-DEV-FUNCTION-ANNOTATIONS) require-story-annotation invalid [REQ-ANNOTATION-REQUIRED] missing @story on arrow function","invocations":1,"location":null,"numPassingAsserts":0,"retryReasons":[],"startAt":1763595858362,"status":"passed","title":"[REQ-ANNOTATION-REQUIRED] missing @story on arrow function"},{"ancestorTitles":["Require Story Annotation Rule (Story 003.0-DEV-FUNCTION-ANNOTATIONS)","require-story-annotation","invalid"],"duration":3,"failing":false,"failureDetails":[],"failureMessages":[],"fullName":"Require Story Annotation Rule (Story 003.0-DEV-FUNCTION-ANNOTATIONS) require-story-annotation invalid [REQ-ANNOTATION-REQUIRED] missing @story on class method","invocations":1,"location":null,"numPassingAsserts":0,"retryReasons":[],"startAt":1763595858364,"status":"passed","title":"[REQ-ANNOTATION-REQUIRED] missing @story on class method"},{"ancestorTitles":["Require Story Annotation Rule (Story 003.0-DEV-FUNCTION-ANNOTATIONS)","require-story-annotation","invalid"],"duration":3,"failing":false,"failureDetails":[],"failureMessages":[],"fullName":"Require Story Annotation Rule (Story 003.0-DEV-FUNCTION-ANNOTATIONS) require-story-annotation invalid [REQ-ANNOTATION-REQUIRED] missing @story on TS declare function","invocations":1,"location":null,"numPassingAsserts":0,"retryReasons":[],"startAt":1763595858367,"status":"passed","title":"[REQ-ANNOTATION-REQUIRED] missing @story on TS declare function"},{"ancestorTitles":["Require Story Annotation Rule (Story 003.0-DEV-FUNCTION-ANNOTATIONS)","require-story-annotation","invalid"],"duration":4,"failing":false,"failureDetails":[],"failureMessages":[],"fullName":"Require Story Annotation Rule (Story 003.0-DEV-FUNCTION-ANNOTATIONS) require-story-annotation invalid [REQ-ANNOTATION-REQUIRED] missing @story on TS method signature","invocations":1,"location":null,"numPassingAsserts":0,"retryReasons":[],"startAt":1763595858370,"status":"passed","title":"[REQ-ANNOTATION-REQUIRED] missing @story on TS method signature"},{"ancestorTitles":["Require Story Annotation Rule (Story 003.0-DEV-FUNCTION-ANNOTATIONS)","require-story-annotation with exportPriority option","valid"],"duration":4,"failing":false,"failureDetails":[],"failureMessages":[],"fullName":"Require Story Annotation Rule (Story 003.0-DEV-FUNCTION-ANNOTATIONS) require-story-annotation with exportPriority option valid [exportPriority] unexported function without @story should be valid","invocations":1,"location":null,"numPassingAsserts":0,"retryReasons":[],"startAt":1763595858374,"status":"passed","title":"[exportPriority] unexported function without @story should be valid"},{"ancestorTitles":["Require Story Annotation Rule (Story 003.0-DEV-FUNCTION-ANNOTATIONS)","require-story-annotation with exportPriority option","valid"],"duration":1,"failing":false,"failureDetails":[],"failureMessages":[],"fullName":"Require Story Annotation Rule (Story 003.0-DEV-FUNCTION-ANNOTATIONS) require-story-annotation with exportPriority option valid [exportPriority] exported with annotation","invocations":1,"location":null,"numPassingAsserts":0,"retryReasons":[],"startAt":1763595858378,"status":"passed","title":"[exportPriority] exported with annotation"},{"ancestorTitles":["Require Story Annotation Rule (Story 003.0-DEV-FUNCTION-ANNOTATIONS)","require-story-annotation with exportPriority option","invalid"],"duration":1,"failing":false,"failureDetails":[],"failureMessages":[],"fullName":"Require Story Annotation Rule (Story 003.0-DEV-FUNCTION-ANNOTATIONS) require-story-annotation with exportPriority option invalid [exportPriority] exported function missing @story annotation","invocations":1,"location":null,"numPassingAsserts":0,"retryReasons":[],"startAt":1763595858380,"status":"passed","title":"[exportPriority] exported function missing @story annotation"},{"ancestorTitles":["Require Story Annotation Rule (Story 003.0-DEV-FUNCTION-ANNOTATIONS)","require-story-annotation with exportPriority option","invalid"],"duration":2,"failing":false,"failureDetails":[],"failureMessages":[],"fullName":"Require Story Annotation Rule (Story 003.0-DEV-FUNCTION-ANNOTATIONS) require-story-annotation with exportPriority option invalid [exportPriority] exported arrow function missing @story annotation","invocations":1,"location":null,"numPassingAsserts":0,"retryReasons":[],"startAt":1763595858381,"status":"passed","title":"[exportPriority] exported arrow function missing @story annotation"},{"ancestorTitles":["Require Story Annotation Rule (Story 003.0-DEV-FUNCTION-ANNOTATIONS)","require-story-annotation with scope option","valid"],"duration":1,"failing":false,"failureDetails":[],"failureMessages":[],"fullName":"Require Story Annotation Rule (Story 003.0-DEV-FUNCTION-ANNOTATIONS) require-story-annotation with scope option valid [scope] arrow function ignored when scope is FunctionDeclaration","invocations":1,"location":null,"numPassingAsserts":0,"retryReasons":[],"startAt":1763595858383,"status":"passed","title":"[scope] arrow function ignored when scope is FunctionDeclaration"},{"ancestorTitles":["Require Story Annotation Rule (Story 003.0-DEV-FUNCTION-ANNOTATIONS)","require-story-annotation with scope option","invalid"],"duration":2,"failing":false,"failureDetails":[],"failureMessages":[],"fullName":"Require Story Annotation Rule (Story 003.0-DEV-FUNCTION-ANNOTATIONS) require-story-annotation with scope option invalid [scope] function declaration missing annotation when scope is FunctionDeclaration","invocations":1,"location":null,"numPassingAsserts":0,"retryReasons":[],"startAt":1763595858384,"status":"passed","title":"[scope] function declaration missing annotation when scope is FunctionDeclaration"}],"endTime":1763595858386,"message":"","name":"/Users/tomhoward/Projects/eslint-plugin-traceability/tests/rules/require-story-annotation.test.ts","startTime":1763595858060,"status":"passed","summary":""},{"assertionResults":[{"ancestorTitles":["CLI Error Handling for Traceability Plugin (Story 001.0-DEV-PLUGIN-SETUP)"],"duration":259,"failing":false,"failureDetails":[],"failureMessages":[],"fullName":"CLI Error Handling for Traceability Plugin (Story 001.0-DEV-PLUGIN-SETUP) [REQ-ERROR-HANDLING] should exit with error when rule module missing","invocations":1,"location":null,"numPassingAsserts":2,"retryReasons":[],"startAt":1763595858403,"status":"passed","title":"[REQ-ERROR-HANDLING] should exit with error when rule module missing"}],"endTime":1763595858662,"message":"","name":"/Users/tomhoward/Projects/eslint-plugin-traceability/tests/cli-error-handling.test.ts","startTime":1763595858391,"status":"passed","summary":""},{"assertionResults":[{"ancestorTitles":["Require Req Annotation Rule (Story 003.0-DEV-FUNCTION-ANNOTATIONS)","require-req-annotation","valid"],"duration":5,"failing":false,"failureDetails":[],"failureMessages":[],"fullName":"Require Req Annotation Rule (Story 003.0-DEV-FUNCTION-ANNOTATIONS) require-req-annotation valid [REQ-ANNOTATION-REQUIRED] valid with only @req annotation","invocations":1,"location":null,"numPassingAsserts":0,"retryReasons":[],"startAt":1763595858759,"status":"passed","title":"[REQ-ANNOTATION-REQUIRED] valid with only @req annotation"},{"ancestorTitles":["Require Req Annotation Rule (Story 003.0-DEV-FUNCTION-ANNOTATIONS)","require-req-annotation","valid"],"duration":1,"failing":false,"failureDetails":[],"failureMessages":[],"fullName":"Require Req Annotation Rule (Story 003.0-DEV-FUNCTION-ANNOTATIONS) require-req-annotation valid [REQ-ANNOTATION-REQUIRED] valid with @story and @req annotations","invocations":1,"location":null,"numPassingAsserts":0,"retryReasons":[],"startAt":1763595858765,"status":"passed","title":"[REQ-ANNOTATION-REQUIRED] valid with @story and @req annotations"},{"ancestorTitles":["Require Req Annotation Rule (Story 003.0-DEV-FUNCTION-ANNOTATIONS)","require-req-annotation","valid"],"duration":2,"failing":false,"failureDetails":[],"failureMessages":[],"fullName":"Require Req Annotation Rule (Story 003.0-DEV-FUNCTION-ANNOTATIONS) require-req-annotation valid [REQ-TYPESCRIPT-SUPPORT] valid with @req annotation on TSDeclareFunction","invocations":1,"location":null,"numPassingAsserts":0,"retryReasons":[],"startAt":1763595858766,"status":"passed","title":"[REQ-TYPESCRIPT-SUPPORT] valid with @req annotation on TSDeclareFunction"},{"ancestorTitles":["Require Req Annotation Rule (Story 003.0-DEV-FUNCTION-ANNOTATIONS)","require-req-annotation","valid"],"duration":2,"failing":false,"failureDetails":[],"failureMessages":[],"fullName":"Require Req Annotation Rule (Story 003.0-DEV-FUNCTION-ANNOTATIONS) require-req-annotation valid [REQ-TYPESCRIPT-SUPPORT] valid with @req annotation on TSMethodSignature","invocations":1,"location":null,"numPassingAsserts":0,"retryReasons":[],"startAt":1763595858768,"status":"passed","title":"[REQ-TYPESCRIPT-SUPPORT] valid with @req annotation on TSMethodSignature"},{"ancestorTitles":["Require Req Annotation Rule (Story 003.0-DEV-FUNCTION-ANNOTATIONS)","require-req-annotation","invalid"],"duration":1,"failing":false,"failureDetails":[],"failureMessages":[],"fullName":"Require Req Annotation Rule (Story 003.0-DEV-FUNCTION-ANNOTATIONS) require-req-annotation invalid [REQ-ANNOTATION-REQUIRED] missing @req on function without JSDoc","invocations":1,"location":null,"numPassingAsserts":0,"retryReasons":[],"startAt":1763595858770,"status":"passed","title":"[REQ-ANNOTATION-REQUIRED] missing @req on function without JSDoc"},{"ancestorTitles":["Require Req Annotation Rule (Story 003.0-DEV-FUNCTION-ANNOTATIONS)","require-req-annotation","invalid"],"duration":4,"failing":false,"failureDetails":[],"failureMessages":[],"fullName":"Require Req Annotation Rule (Story 003.0-DEV-FUNCTION-ANNOTATIONS) require-req-annotation invalid [REQ-ANNOTATION-REQUIRED] missing @req on function with only @story annotation","invocations":1,"location":null,"numPassingAsserts":0,"retryReasons":[],"startAt":1763595858771,"status":"passed","title":"[REQ-ANNOTATION-REQUIRED] missing @req on function with only @story annotation"},{"ancestorTitles":["Require Req Annotation Rule (Story 003.0-DEV-FUNCTION-ANNOTATIONS)","require-req-annotation","invalid"],"duration":3,"failing":false,"failureDetails":[],"failureMessages":[],"fullName":"Require Req Annotation Rule (Story 003.0-DEV-FUNCTION-ANNOTATIONS) require-req-annotation invalid [REQ-TYPESCRIPT-SUPPORT] missing @req on TSDeclareFunction","invocations":1,"location":null,"numPassingAsserts":0,"retryReasons":[],"startAt":1763595858775,"status":"passed","title":"[REQ-TYPESCRIPT-SUPPORT] missing @req on TSDeclareFunction"},{"ancestorTitles":["Require Req Annotation Rule (Story 003.0-DEV-FUNCTION-ANNOTATIONS)","require-req-annotation","invalid"],"duration":2,"failing":false,"failureDetails":[],"failureMessages":[],"fullName":"Require Req Annotation Rule (Story 003.0-DEV-FUNCTION-ANNOTATIONS) require-req-annotation invalid [REQ-TYPESCRIPT-SUPPORT] missing @req on TSMethodSignature","invocations":1,"location":null,"numPassingAsserts":0,"retryReasons":[],"startAt":1763595858778,"status":"passed","title":"[REQ-TYPESCRIPT-SUPPORT] missing @req on TSMethodSignature"}],"endTime":1763595858780,"message":"","name":"/Users/tomhoward/Projects/eslint-plugin-traceability/tests/rules/require-req-annotation.test.ts","startTime":1763595858668,"status":"passed","summary":""},{"assertionResults":[{"ancestorTitles":["annotation-checker helper","annotation-checker","valid"],"duration":4,"failing":false,"failureDetails":[],"failureMessages":[],"fullName":"annotation-checker helper annotation-checker valid [REQ-TYPESCRIPT-SUPPORT] valid TSDeclareFunction with @req","invocations":1,"location":null,"numPassingAsserts":0,"retryReasons":[],"startAt":1763595858871,"status":"passed","title":"[REQ-TYPESCRIPT-SUPPORT] valid TSDeclareFunction with @req"},{"ancestorTitles":["annotation-checker helper","annotation-checker","valid"],"duration":5,"failing":false,"failureDetails":[],"failureMessages":[],"fullName":"annotation-checker helper annotation-checker valid [REQ-TYPESCRIPT-SUPPORT] valid TSMethodSignature with @req","invocations":1,"location":null,"numPassingAsserts":0,"retryReasons":[],"startAt":1763595858875,"status":"passed","title":"[REQ-TYPESCRIPT-SUPPORT] valid TSMethodSignature with @req"},{"ancestorTitles":["annotation-checker helper","annotation-checker","invalid"],"duration":2,"failing":false,"failureDetails":[],"failureMessages":[],"fullName":"annotation-checker helper annotation-checker invalid [REQ-TYPESCRIPT-SUPPORT] missing @req on TSDeclareFunction","invocations":1,"location":null,"numPassingAsserts":0,"retryReasons":[],"startAt":1763595858881,"status":"passed","title":"[REQ-TYPESCRIPT-SUPPORT] missing @req on TSDeclareFunction"},{"ancestorTitles":["annotation-checker helper","annotation-checker","invalid"],"duration":3,"failing":false,"failureDetails":[],"failureMessages":[],"fullName":"annotation-checker helper annotation-checker invalid [REQ-TYPESCRIPT-SUPPORT] missing @req on TSMethodSignature","invocations":1,"location":null,"numPassingAsserts":0,"retryReasons":[],"startAt":1763595858883,"status":"passed","title":"[REQ-TYPESCRIPT-SUPPORT] missing @req on TSMethodSignature"}],"endTime":1763595858887,"message":"","name":"/Users/tomhoward/Projects/eslint-plugin-traceability/tests/utils/annotation-checker.test.ts","startTime":1763595858784,"status":"passed","summary":""},{"assertionResults":[{"ancestorTitles":["Require Branch Annotation Rule (Story 004.0-DEV-BRANCH-ANNOTATIONS)","require-branch-annotation","valid"],"duration":14,"failing":false,"failureDetails":[],"failureMessages":[],"fullName":"Require Branch Annotation Rule (Story 004.0-DEV-BRANCH-ANNOTATIONS) require-branch-annotation valid [REQ-BRANCH-DETECTION] valid fallback scanning comment detection","invocations":1,"location":null,"numPassingAsserts":0,"retryReasons":[],"startAt":1763595858933,"status":"passed","title":"[REQ-BRANCH-DETECTION] valid fallback scanning comment detection"},{"ancestorTitles":["Require Branch Annotation Rule (Story 004.0-DEV-BRANCH-ANNOTATIONS)","require-branch-annotation","valid"],"duration":3,"failing":false,"failureDetails":[],"failureMessages":[],"fullName":"Require Branch Annotation Rule (Story 004.0-DEV-BRANCH-ANNOTATIONS) require-branch-annotation valid [REQ-BRANCH-DETECTION] valid if-statement with annotations","invocations":1,"location":null,"numPassingAsserts":0,"retryReasons":[],"startAt":1763595858947,"status":"passed","title":"[REQ-BRANCH-DETECTION] valid if-statement with annotations"},{"ancestorTitles":["Require Branch Annotation Rule (Story 004.0-DEV-BRANCH-ANNOTATIONS)","require-branch-annotation","valid"],"duration":3,"failing":false,"failureDetails":[],"failureMessages":[],"fullName":"Require Branch Annotation Rule (Story 004.0-DEV-BRANCH-ANNOTATIONS) require-branch-annotation valid [REQ-BRANCH-DETECTION] valid for loop with block comment annotations","invocations":1,"location":null,"numPassingAsserts":0,"retryReasons":[],"startAt":1763595858950,"status":"passed","title":"[REQ-BRANCH-DETECTION] valid for loop with block comment annotations"},{"ancestorTitles":["Require Branch Annotation Rule (Story 004.0-DEV-BRANCH-ANNOTATIONS)","require-branch-annotation","valid"],"duration":2,"failing":false,"failureDetails":[],"failureMessages":[],"fullName":"Require Branch Annotation Rule (Story 004.0-DEV-BRANCH-ANNOTATIONS) require-branch-annotation valid [REQ-BRANCH-DETECTION] valid switch-case with annotations","invocations":1,"location":null,"numPassingAsserts":0,"retryReasons":[],"startAt":1763595858953,"status":"passed","title":"[REQ-BRANCH-DETECTION] valid switch-case with annotations"},{"ancestorTitles":["Require Branch Annotation Rule (Story 004.0-DEV-BRANCH-ANNOTATIONS)","require-branch-annotation","valid"],"duration":2,"failing":false,"failureDetails":[],"failureMessages":[],"fullName":"Require Branch Annotation Rule (Story 004.0-DEV-BRANCH-ANNOTATIONS) require-branch-annotation valid [REQ-BRANCH-DETECTION] valid try-finally with annotations","invocations":1,"location":null,"numPassingAsserts":0,"retryReasons":[],"startAt":1763595858955,"status":"passed","title":"[REQ-BRANCH-DETECTION] valid try-finally with annotations"},{"ancestorTitles":["Require Branch Annotation Rule (Story 004.0-DEV-BRANCH-ANNOTATIONS)","require-branch-annotation","valid"],"duration":2,"failing":false,"failureDetails":[],"failureMessages":[],"fullName":"Require Branch Annotation Rule (Story 004.0-DEV-BRANCH-ANNOTATIONS) require-branch-annotation valid [REQ-BRANCH-DETECTION] valid catch with annotations","invocations":1,"location":null,"numPassingAsserts":0,"retryReasons":[],"startAt":1763595858957,"status":"passed","title":"[REQ-BRANCH-DETECTION] valid catch with annotations"},{"ancestorTitles":["Require Branch Annotation Rule (Story 004.0-DEV-BRANCH-ANNOTATIONS)","require-branch-annotation","valid"],"duration":1,"failing":false,"failureDetails":[],"failureMessages":[],"fullName":"Require Branch Annotation Rule (Story 004.0-DEV-BRANCH-ANNOTATIONS) require-branch-annotation valid [REQ-BRANCH-DETECTION] valid do-while loop with annotations","invocations":1,"location":null,"numPassingAsserts":0,"retryReasons":[],"startAt":1763595858959,"status":"passed","title":"[REQ-BRANCH-DETECTION] valid do-while loop with annotations"},{"ancestorTitles":["Require Branch Annotation Rule (Story 004.0-DEV-BRANCH-ANNOTATIONS)","require-branch-annotation","valid"],"duration":2,"failing":false,"failureDetails":[],"failureMessages":[],"fullName":"Require Branch Annotation Rule (Story 004.0-DEV-BRANCH-ANNOTATIONS) require-branch-annotation valid [REQ-BRANCH-DETECTION] valid for-of loop with annotations","invocations":1,"location":null,"numPassingAsserts":0,"retryReasons":[],"startAt":1763595858960,"status":"passed","title":"[REQ-BRANCH-DETECTION] valid for-of loop with annotations"},{"ancestorTitles":["Require Branch Annotation Rule (Story 004.0-DEV-BRANCH-ANNOTATIONS)","require-branch-annotation","valid"],"duration":2,"failing":false,"failureDetails":[],"failureMessages":[],"fullName":"Require Branch Annotation Rule (Story 004.0-DEV-BRANCH-ANNOTATIONS) require-branch-annotation valid [REQ-BRANCH-DETECTION] valid for-in loop with annotations","invocations":1,"location":null,"numPassingAsserts":0,"retryReasons":[],"startAt":1763595858962,"status":"passed","title":"[REQ-BRANCH-DETECTION] valid for-in loop with annotations"},{"ancestorTitles":["Require Branch Annotation Rule (Story 004.0-DEV-BRANCH-ANNOTATIONS)","require-branch-annotation","valid"],"duration":1,"failing":false,"failureDetails":[],"failureMessages":[],"fullName":"Require Branch Annotation Rule (Story 004.0-DEV-BRANCH-ANNOTATIONS) require-branch-annotation valid [REQ-BRANCH-DETECTION] valid while loop with annotations","invocations":1,"location":null,"numPassingAsserts":0,"retryReasons":[],"startAt":1763595858964,"status":"passed","title":"[REQ-BRANCH-DETECTION] valid while loop with annotations"},{"ancestorTitles":["Require Branch Annotation Rule (Story 004.0-DEV-BRANCH-ANNOTATIONS)","require-branch-annotation","valid"],"duration":1,"failing":false,"failureDetails":[],"failureMessages":[],"fullName":"Require Branch Annotation Rule (Story 004.0-DEV-BRANCH-ANNOTATIONS) require-branch-annotation valid [REQ-BRANCH-DETECTION] valid switch-case with inline annotation","invocations":1,"location":null,"numPassingAsserts":0,"retryReasons":[],"startAt":1763595858965,"status":"passed","title":"[REQ-BRANCH-DETECTION] valid switch-case with inline annotation"},{"ancestorTitles":["Require Branch Annotation Rule (Story 004.0-DEV-BRANCH-ANNOTATIONS)","require-branch-annotation","valid"],"duration":1,"failing":false,"failureDetails":[],"failureMessages":[],"fullName":"Require Branch Annotation Rule (Story 004.0-DEV-BRANCH-ANNOTATIONS) require-branch-annotation valid [REQ-BRANCH-DETECTION] valid default case without annotations","invocations":1,"location":null,"numPassingAsserts":0,"retryReasons":[],"startAt":1763595858966,"status":"passed","title":"[REQ-BRANCH-DETECTION] valid default case without annotations"},{"ancestorTitles":["Require Branch Annotation Rule (Story 004.0-DEV-BRANCH-ANNOTATIONS)","require-branch-annotation","valid"],"duration":1,"failing":false,"failureDetails":[],"failureMessages":[],"fullName":"Require Branch Annotation Rule (Story 004.0-DEV-BRANCH-ANNOTATIONS) require-branch-annotation valid [REQ-CONFIGURABLE-SCOPE] custom branchTypes ignores unlisted branch types","invocations":1,"location":null,"numPassingAsserts":0,"retryReasons":[],"startAt":1763595858967,"status":"passed","title":"[REQ-CONFIGURABLE-SCOPE] custom branchTypes ignores unlisted branch types"},{"ancestorTitles":["Require Branch Annotation Rule (Story 004.0-DEV-BRANCH-ANNOTATIONS)","require-branch-annotation","valid"],"duration":1,"failing":false,"failureDetails":[],"failureMessages":[],"fullName":"Require Branch Annotation Rule (Story 004.0-DEV-BRANCH-ANNOTATIONS) require-branch-annotation valid [REQ-CONFIGURABLE-SCOPE] custom branchTypes only enforce listed types","invocations":1,"location":null,"numPassingAsserts":0,"retryReasons":[],"startAt":1763595858968,"status":"passed","title":"[REQ-CONFIGURABLE-SCOPE] custom branchTypes only enforce listed types"},{"ancestorTitles":["Require Branch Annotation Rule (Story 004.0-DEV-BRANCH-ANNOTATIONS)","require-branch-annotation","invalid"],"duration":2,"failing":false,"failureDetails":[],"failureMessages":[],"fullName":"Require Branch Annotation Rule (Story 004.0-DEV-BRANCH-ANNOTATIONS) require-branch-annotation invalid [REQ-BRANCH-DETECTION] missing annotations on if-statement","invocations":1,"location":null,"numPassingAsserts":0,"retryReasons":[],"startAt":1763595858969,"status":"passed","title":"[REQ-BRANCH-DETECTION] missing annotations on if-statement"},{"ancestorTitles":["Require Branch Annotation Rule (Story 004.0-DEV-BRANCH-ANNOTATIONS)","require-branch-annotation","invalid"],"duration":2,"failing":false,"failureDetails":[],"failureMessages":[],"fullName":"Require Branch Annotation Rule (Story 004.0-DEV-BRANCH-ANNOTATIONS) require-branch-annotation invalid [REQ-BRANCH-DETECTION] missing @req on for loop when only story present","invocations":1,"location":null,"numPassingAsserts":0,"retryReasons":[],"startAt":1763595858971,"status":"passed","title":"[REQ-BRANCH-DETECTION] missing @req on for loop when only story present"},{"ancestorTitles":["Require Branch Annotation Rule (Story 004.0-DEV-BRANCH-ANNOTATIONS)","require-branch-annotation","invalid"],"duration":2,"failing":false,"failureDetails":[],"failureMessages":[],"fullName":"Require Branch Annotation Rule (Story 004.0-DEV-BRANCH-ANNOTATIONS) require-branch-annotation invalid [REQ-BRANCH-DETECTION] missing @story on while loop when only req present","invocations":1,"location":null,"numPassingAsserts":0,"retryReasons":[],"startAt":1763595858973,"status":"passed","title":"[REQ-BRANCH-DETECTION] missing @story on while loop when only req present"},{"ancestorTitles":["Require Branch Annotation Rule (Story 004.0-DEV-BRANCH-ANNOTATIONS)","require-branch-annotation","invalid"],"duration":1,"failing":false,"failureDetails":[],"failureMessages":[],"fullName":"Require Branch Annotation Rule (Story 004.0-DEV-BRANCH-ANNOTATIONS) require-branch-annotation invalid [REQ-BRANCH-DETECTION] missing annotations on switch-case","invocations":1,"location":null,"numPassingAsserts":0,"retryReasons":[],"startAt":1763595858975,"status":"passed","title":"[REQ-BRANCH-DETECTION] missing annotations on switch-case"},{"ancestorTitles":["Require Branch Annotation Rule (Story 004.0-DEV-BRANCH-ANNOTATIONS)","require-branch-annotation","invalid"],"duration":4,"failing":false,"failureDetails":[],"failureMessages":[],"fullName":"Require Branch Annotation Rule (Story 004.0-DEV-BRANCH-ANNOTATIONS) require-branch-annotation invalid [REQ-BRANCH-DETECTION] missing annotations on do-while loop","invocations":1,"location":null,"numPassingAsserts":0,"retryReasons":[],"startAt":1763595858976,"status":"passed","title":"[REQ-BRANCH-DETECTION] missing annotations on do-while loop"},{"ancestorTitles":["Require Branch Annotation Rule (Story 004.0-DEV-BRANCH-ANNOTATIONS)","require-branch-annotation","invalid"],"duration":2,"failing":false,"failureDetails":[],"failureMessages":[],"fullName":"Require Branch Annotation Rule (Story 004.0-DEV-BRANCH-ANNOTATIONS) require-branch-annotation invalid [REQ-BRANCH-DETECTION] missing annotations on for-of loop","invocations":1,"location":null,"numPassingAsserts":0,"retryReasons":[],"startAt":1763595858980,"status":"passed","title":"[REQ-BRANCH-DETECTION] missing annotations on for-of loop"},{"ancestorTitles":["Require Branch Annotation Rule (Story 004.0-DEV-BRANCH-ANNOTATIONS)","require-branch-annotation","invalid"],"duration":1,"failing":false,"failureDetails":[],"failureMessages":[],"fullName":"Require Branch Annotation Rule (Story 004.0-DEV-BRANCH-ANNOTATIONS) require-branch-annotation invalid [REQ-BRANCH-DETECTION] missing annotations on for-in loop","invocations":1,"location":null,"numPassingAsserts":0,"retryReasons":[],"startAt":1763595858982,"status":"passed","title":"[REQ-BRANCH-DETECTION] missing annotations on for-in loop"},{"ancestorTitles":["Require Branch Annotation Rule (Story 004.0-DEV-BRANCH-ANNOTATIONS)","require-branch-annotation","invalid"],"duration":2,"failing":false,"failureDetails":[],"failureMessages":[],"fullName":"Require Branch Annotation Rule (Story 004.0-DEV-BRANCH-ANNOTATIONS) require-branch-annotation invalid [REQ-BRANCH-DETECTION] missing annotations on try-catch blocks","invocations":1,"location":null,"numPassingAsserts":0,"retryReasons":[],"startAt":1763595858983,"status":"passed","title":"[REQ-BRANCH-DETECTION] missing annotations on try-catch blocks"},{"ancestorTitles":["Require Branch Annotation Rule (Story 004.0-DEV-BRANCH-ANNOTATIONS)","require-branch-annotation","invalid"],"duration":2,"failing":false,"failureDetails":[],"failureMessages":[],"fullName":"Require Branch Annotation Rule (Story 004.0-DEV-BRANCH-ANNOTATIONS) require-branch-annotation invalid [REQ-BRANCH-DETECTION] missing annotations on switch-case with blank line","invocations":1,"location":null,"numPassingAsserts":0,"retryReasons":[],"startAt":1763595858985,"status":"passed","title":"[REQ-BRANCH-DETECTION] missing annotations on switch-case with blank line"},{"ancestorTitles":["Require Branch Annotation Rule (Story 004.0-DEV-BRANCH-ANNOTATIONS)","require-branch-annotation","invalid"],"duration":2,"failing":false,"failureDetails":[],"failureMessages":[],"fullName":"Require Branch Annotation Rule (Story 004.0-DEV-BRANCH-ANNOTATIONS) require-branch-annotation invalid [REQ-CONFIGURABLE-SCOPE] missing annotations on configured branch type ForStatement","invocations":1,"location":null,"numPassingAsserts":0,"retryReasons":[],"startAt":1763595858987,"status":"passed","title":"[REQ-CONFIGURABLE-SCOPE] missing annotations on configured branch type ForStatement"},{"ancestorTitles":["Require Branch Annotation Rule (Story 004.0-DEV-BRANCH-ANNOTATIONS)","require-branch-annotation","invalid"],"duration":1,"failing":false,"failureDetails":[],"failureMessages":[],"fullName":"Require Branch Annotation Rule (Story 004.0-DEV-BRANCH-ANNOTATIONS) require-branch-annotation invalid [REQ-CONFIGURABLE-SCOPE] invalid branchTypes option should error schema","invocations":1,"location":null,"numPassingAsserts":0,"retryReasons":[],"startAt":1763595858989,"status":"passed","title":"[REQ-CONFIGURABLE-SCOPE] invalid branchTypes option should error schema"}],"endTime":1763595858990,"message":"","name":"/Users/tomhoward/Projects/eslint-plugin-traceability/tests/rules/require-branch-annotation.test.ts","startTime":1763595858891,"status":"passed","summary":""},{"assertionResults":[{"ancestorTitles":["Valid Story Reference Rule (Story 006.0-DEV-FILE-VALIDATION)","valid-story-reference","valid"],"duration":4,"failing":false,"failureDetails":[],"failureMessages":[],"fullName":"Valid Story Reference Rule (Story 006.0-DEV-FILE-VALIDATION) valid-story-reference valid [REQ-FILE-EXISTENCE] valid story file reference","invocations":1,"location":null,"numPassingAsserts":0,"retryReasons":[],"startAt":1763595859025,"status":"passed","title":"[REQ-FILE-EXISTENCE] valid story file reference"},{"ancestorTitles":["Valid Story Reference Rule (Story 006.0-DEV-FILE-VALIDATION)","valid-story-reference","valid"],"duration":1,"failing":false,"failureDetails":[],"failureMessages":[],"fullName":"Valid Story Reference Rule (Story 006.0-DEV-FILE-VALIDATION) valid-story-reference valid [REQ-EXTENSION] valid .story.md extension","invocations":1,"location":null,"numPassingAsserts":0,"retryReasons":[],"startAt":1763595859029,"status":"passed","title":"[REQ-EXTENSION] valid .story.md extension"},{"ancestorTitles":["Valid Story Reference Rule (Story 006.0-DEV-FILE-VALIDATION)","valid-story-reference","valid"],"duration":1,"failing":false,"failureDetails":[],"failureMessages":[],"fullName":"Valid Story Reference Rule (Story 006.0-DEV-FILE-VALIDATION) valid-story-reference valid [REQ-PATH-RESOLUTION] valid relative path with ./ prefix","invocations":1,"location":null,"numPassingAsserts":0,"retryReasons":[],"startAt":1763595859030,"status":"passed","title":"[REQ-PATH-RESOLUTION] valid relative path with ./ prefix"},{"ancestorTitles":["Valid Story Reference Rule (Story 006.0-DEV-FILE-VALIDATION)","valid-story-reference","invalid"],"duration":1,"failing":false,"failureDetails":[],"failureMessages":[],"fullName":"Valid Story Reference Rule (Story 006.0-DEV-FILE-VALIDATION) valid-story-reference invalid [REQ-PATH-RESOLUTION] missing file","invocations":1,"location":null,"numPassingAsserts":0,"retryReasons":[],"startAt":1763595859031,"status":"passed","title":"[REQ-PATH-RESOLUTION] missing file"},{"ancestorTitles":["Valid Story Reference Rule (Story 006.0-DEV-FILE-VALIDATION)","valid-story-reference","invalid"],"duration":4,"failing":false,"failureDetails":[],"failureMessages":[],"fullName":"Valid Story Reference Rule (Story 006.0-DEV-FILE-VALIDATION) valid-story-reference invalid [REQ-EXTENSION] invalid extension","invocations":1,"location":null,"numPassingAsserts":0,"retryReasons":[],"startAt":1763595859032,"status":"passed","title":"[REQ-EXTENSION] invalid extension"},{"ancestorTitles":["Valid Story Reference Rule (Story 006.0-DEV-FILE-VALIDATION)","valid-story-reference","invalid"],"duration":1,"failing":false,"failureDetails":[],"failureMessages":[],"fullName":"Valid Story Reference Rule (Story 006.0-DEV-FILE-VALIDATION) valid-story-reference invalid [REQ-PATH-SECURITY] path traversal","invocations":1,"location":null,"numPassingAsserts":0,"retryReasons":[],"startAt":1763595859036,"status":"passed","title":"[REQ-PATH-SECURITY] path traversal"},{"ancestorTitles":["Valid Story Reference Rule (Story 006.0-DEV-FILE-VALIDATION)","valid-story-reference","invalid"],"duration":1,"failing":false,"failureDetails":[],"failureMessages":[],"fullName":"Valid Story Reference Rule (Story 006.0-DEV-FILE-VALIDATION) valid-story-reference invalid [REQ-ABSOLUTE-PATH] absolute path not allowed","invocations":1,"location":null,"numPassingAsserts":0,"retryReasons":[],"startAt":1763595859037,"status":"passed","title":"[REQ-ABSOLUTE-PATH] absolute path not allowed"}],"endTime":1763595859038,"message":"","name":"/Users/tomhoward/Projects/eslint-plugin-traceability/tests/rules/valid-story-reference.test.ts","startTime":1763595858995,"status":"passed","summary":""},{"assertionResults":[{"ancestorTitles":["Valid Req Reference Rule (Story 010.0-DEV-DEEP-VALIDATION)","valid-req-reference","valid"],"duration":4,"failing":false,"failureDetails":[],"failureMessages":[],"fullName":"Valid Req Reference Rule (Story 010.0-DEV-DEEP-VALIDATION) valid-req-reference valid [REQ-DEEP-PARSE] valid requirement reference existing in story file","invocations":1,"location":null,"numPassingAsserts":0,"retryReasons":[],"startAt":1763595859068,"status":"passed","title":"[REQ-DEEP-PARSE] valid requirement reference existing in story file"},{"ancestorTitles":["Valid Req Reference Rule (Story 010.0-DEV-DEEP-VALIDATION)","valid-req-reference","valid"],"duration":1,"failing":false,"failureDetails":[],"failureMessages":[],"fullName":"Valid Req Reference Rule (Story 010.0-DEV-DEEP-VALIDATION) valid-req-reference valid [REQ-DEEP-BULLET] valid bullet list requirement existing in bullet story fixture","invocations":1,"location":null,"numPassingAsserts":0,"retryReasons":[],"startAt":1763595859072,"status":"passed","title":"[REQ-DEEP-BULLET] valid bullet list requirement existing in bullet story fixture"},{"ancestorTitles":["Valid Req Reference Rule (Story 010.0-DEV-DEEP-VALIDATION)","valid-req-reference","invalid"],"duration":1,"failing":false,"failureDetails":[],"failureMessages":[],"fullName":"Valid Req Reference Rule (Story 010.0-DEV-DEEP-VALIDATION) valid-req-reference invalid [REQ-DEEP-MATCH] missing requirement in story file","invocations":1,"location":null,"numPassingAsserts":0,"retryReasons":[],"startAt":1763595859073,"status":"passed","title":"[REQ-DEEP-MATCH] missing requirement in story file"},{"ancestorTitles":["Valid Req Reference Rule (Story 010.0-DEV-DEEP-VALIDATION)","valid-req-reference","invalid"],"duration":1,"failing":false,"failureDetails":[],"failureMessages":[],"fullName":"Valid Req Reference Rule (Story 010.0-DEV-DEEP-VALIDATION) valid-req-reference invalid [REQ-DEEP-PARSE] disallow path traversal in story path","invocations":1,"location":null,"numPassingAsserts":0,"retryReasons":[],"startAt":1763595859074,"status":"passed","title":"[REQ-DEEP-PARSE] disallow path traversal in story path"},{"ancestorTitles":["Valid Req Reference Rule (Story 010.0-DEV-DEEP-VALIDATION)","valid-req-reference","invalid"],"duration":1,"failing":false,"failureDetails":[],"failureMessages":[],"fullName":"Valid Req Reference Rule (Story 010.0-DEV-DEEP-VALIDATION) valid-req-reference invalid [REQ-DEEP-PARSE] disallow absolute path in story path","invocations":1,"location":null,"numPassingAsserts":0,"retryReasons":[],"startAt":1763595859075,"status":"passed","title":"[REQ-DEEP-PARSE] disallow absolute path in story path"},{"ancestorTitles":["Valid Req Reference Rule (Story 010.0-DEV-DEEP-VALIDATION)","valid-req-reference","invalid"],"duration":1,"failing":false,"failureDetails":[],"failureMessages":[],"fullName":"Valid Req Reference Rule (Story 010.0-DEV-DEEP-VALIDATION) valid-req-reference invalid [REQ-DEEP-BULLET] missing bullet list requirement in bullet story fixture","invocations":1,"location":null,"numPassingAsserts":0,"retryReasons":[],"startAt":1763595859076,"status":"passed","title":"[REQ-DEEP-BULLET] missing bullet list requirement in bullet story fixture"}],"endTime":1763595859077,"message":"","name":"/Users/tomhoward/Projects/eslint-plugin-traceability/tests/rules/valid-req-reference.test.ts","startTime":1763595859041,"status":"passed","summary":""},{"assertionResults":[{"ancestorTitles":["Valid Annotation Format Rule (Story 005.0-DEV-ANNOTATION-VALIDATION)","valid-annotation-format","valid"],"duration":4,"failing":false,"failureDetails":[],"failureMessages":[],"fullName":"Valid Annotation Format Rule (Story 005.0-DEV-ANNOTATION-VALIDATION) valid-annotation-format valid [REQ-PATH-FORMAT] valid story annotation format","invocations":1,"location":null,"numPassingAsserts":0,"retryReasons":[],"startAt":1763595859110,"status":"passed","title":"[REQ-PATH-FORMAT] valid story annotation format"},{"ancestorTitles":["Valid Annotation Format Rule (Story 005.0-DEV-ANNOTATION-VALIDATION)","valid-annotation-format","valid"],"duration":1,"failing":false,"failureDetails":[],"failureMessages":[],"fullName":"Valid Annotation Format Rule (Story 005.0-DEV-ANNOTATION-VALIDATION) valid-annotation-format valid [REQ-REQ-FORMAT] valid req annotation format","invocations":1,"location":null,"numPassingAsserts":0,"retryReasons":[],"startAt":1763595859115,"status":"passed","title":"[REQ-REQ-FORMAT] valid req annotation format"},{"ancestorTitles":["Valid Annotation Format Rule (Story 005.0-DEV-ANNOTATION-VALIDATION)","valid-annotation-format","valid"],"duration":1,"failing":false,"failureDetails":[],"failureMessages":[],"fullName":"Valid Annotation Format Rule (Story 005.0-DEV-ANNOTATION-VALIDATION) valid-annotation-format valid [REQ-FORMAT-SPECIFICATION] valid block annotations","invocations":1,"location":null,"numPassingAsserts":0,"retryReasons":[],"startAt":1763595859116,"status":"passed","title":"[REQ-FORMAT-SPECIFICATION] valid block annotations"},{"ancestorTitles":["Valid Annotation Format Rule (Story 005.0-DEV-ANNOTATION-VALIDATION)","valid-annotation-format","invalid"],"duration":4,"failing":false,"failureDetails":[],"failureMessages":[],"fullName":"Valid Annotation Format Rule (Story 005.0-DEV-ANNOTATION-VALIDATION) valid-annotation-format invalid [REQ-PATH-FORMAT] missing story path","invocations":1,"location":null,"numPassingAsserts":0,"retryReasons":[],"startAt":1763595859117,"status":"passed","title":"[REQ-PATH-FORMAT] missing story path"},{"ancestorTitles":["Valid Annotation Format Rule (Story 005.0-DEV-ANNOTATION-VALIDATION)","valid-annotation-format","invalid"],"duration":1,"failing":false,"failureDetails":[],"failureMessages":[],"fullName":"Valid Annotation Format Rule (Story 005.0-DEV-ANNOTATION-VALIDATION) valid-annotation-format invalid [REQ-PATH-FORMAT] invalid story file extension","invocations":1,"location":null,"numPassingAsserts":0,"retryReasons":[],"startAt":1763595859121,"status":"passed","title":"[REQ-PATH-FORMAT] invalid story file extension"},{"ancestorTitles":["Valid Annotation Format Rule (Story 005.0-DEV-ANNOTATION-VALIDATION)","valid-annotation-format","invalid"],"duration":0,"failing":false,"failureDetails":[],"failureMessages":[],"fullName":"Valid Annotation Format Rule (Story 005.0-DEV-ANNOTATION-VALIDATION) valid-annotation-format invalid [REQ-REQ-FORMAT] missing req id","invocations":1,"location":null,"numPassingAsserts":0,"retryReasons":[],"startAt":1763595859122,"status":"passed","title":"[REQ-REQ-FORMAT] missing req id"},{"ancestorTitles":["Valid Annotation Format Rule (Story 005.0-DEV-ANNOTATION-VALIDATION)","valid-annotation-format","invalid"],"duration":1,"failing":false,"failureDetails":[],"failureMessages":[],"fullName":"Valid Annotation Format Rule (Story 005.0-DEV-ANNOTATION-VALIDATION) valid-annotation-format invalid [REQ-REQ-FORMAT] invalid req id format","invocations":1,"location":null,"numPassingAsserts":0,"retryReasons":[],"startAt":1763595859122,"status":"passed","title":"[REQ-REQ-FORMAT] invalid req id format"}],"endTime":1763595859124,"message":"","name":"/Users/tomhoward/Projects/eslint-plugin-traceability/tests/rules/valid-annotation-format.test.ts","startTime":1763595859082,"status":"passed","summary":""},{"assertionResults":[{"ancestorTitles":["Error Reporting Enhancements for require-story-annotation (Story 007.0-DEV-ERROR-REPORTING)","require-story-annotation","valid"],"duration":3,"failing":false,"failureDetails":[],"failureMessages":[],"fullName":"Error Reporting Enhancements for require-story-annotation (Story 007.0-DEV-ERROR-REPORTING) require-story-annotation valid [007.0-DEV-ERROR-REPORTING] valid with existing annotation","invocations":1,"location":null,"numPassingAsserts":0,"retryReasons":[],"startAt":1763595859151,"status":"passed","title":"[007.0-DEV-ERROR-REPORTING] valid with existing annotation"},{"ancestorTitles":["Error Reporting Enhancements for require-story-annotation (Story 007.0-DEV-ERROR-REPORTING)","require-story-annotation","invalid"],"duration":1,"failing":false,"failureDetails":[],"failureMessages":[],"fullName":"Error Reporting Enhancements for require-story-annotation (Story 007.0-DEV-ERROR-REPORTING) require-story-annotation invalid [REQ-ERROR-SPECIFIC] missing @story annotation should report specific details and suggestion","invocations":1,"location":null,"numPassingAsserts":0,"retryReasons":[],"startAt":1763595859155,"status":"passed","title":"[REQ-ERROR-SPECIFIC] missing @story annotation should report specific details and suggestion"}],"endTime":1763595859156,"message":"","name":"/Users/tomhoward/Projects/eslint-plugin-traceability/tests/rules/error-reporting.test.ts","startTime":1763595859127,"status":"passed","summary":""},{"assertionResults":[{"ancestorTitles":["batchUpdateAnnotations (Story 009.0-DEV-MAINTENANCE-TOOLS)"],"duration":1,"failing":false,"failureDetails":[],"failureMessages":[],"fullName":"batchUpdateAnnotations (Story 009.0-DEV-MAINTENANCE-TOOLS) [REQ-MAINT-BATCH] should return 0 when no mappings applied","invocations":1,"location":null,"numPassingAsserts":1,"retryReasons":[],"startAt":1763595859171,"status":"passed","title":"[REQ-MAINT-BATCH] should return 0 when no mappings applied"},{"ancestorTitles":["verifyAnnotations (Story 009.0-DEV-MAINTENANCE-TOOLS)"],"duration":0,"failing":false,"failureDetails":[],"failureMessages":[],"fullName":"verifyAnnotations (Story 009.0-DEV-MAINTENANCE-TOOLS) [REQ-MAINT-VERIFY] should return true when annotations are valid","invocations":1,"location":null,"numPassingAsserts":1,"retryReasons":[],"startAt":1763595859175,"status":"passed","title":"[REQ-MAINT-VERIFY] should return true when annotations are valid"}],"endTime":1763595859176,"message":"","name":"/Users/tomhoward/Projects/eslint-plugin-traceability/tests/maintenance/batch.test.ts","startTime":1763595859159,"status":"passed","summary":""},{"assertionResults":[{"ancestorTitles":["Plugin Default Export and Configs (Story 001.0-DEV-PLUGIN-SETUP)"],"duration":1,"failing":false,"failureDetails":[],"failureMessages":[],"fullName":"Plugin Default Export and Configs (Story 001.0-DEV-PLUGIN-SETUP) [REQ-PLUGIN-STRUCTURE] default export includes rules and configs","invocations":1,"location":null,"numPassingAsserts":2,"retryReasons":[],"startAt":1763595859194,"status":"passed","title":"[REQ-PLUGIN-STRUCTURE] default export includes rules and configs"},{"ancestorTitles":["Plugin Default Export and Configs (Story 001.0-DEV-PLUGIN-SETUP)"],"duration":0,"failing":false,"failureDetails":[],"failureMessages":[],"fullName":"Plugin Default Export and Configs (Story 001.0-DEV-PLUGIN-SETUP) [REQ-PLUGIN-STRUCTURE] rules object has correct rule names","invocations":1,"location":null,"numPassingAsserts":1,"retryReasons":[],"startAt":1763595859195,"status":"passed","title":"[REQ-PLUGIN-STRUCTURE] rules object has correct rule names"},{"ancestorTitles":["Plugin Default Export and Configs (Story 001.0-DEV-PLUGIN-SETUP)"],"duration":0,"failing":false,"failureDetails":[],"failureMessages":[],"fullName":"Plugin Default Export and Configs (Story 001.0-DEV-PLUGIN-SETUP) [REQ-RULE-REGISTRY] configs.recommended contains correct rule configuration","invocations":1,"location":null,"numPassingAsserts":3,"retryReasons":[],"startAt":1763595859196,"status":"passed","title":"[REQ-RULE-REGISTRY] configs.recommended contains correct rule configuration"},{"ancestorTitles":["Plugin Default Export and Configs (Story 001.0-DEV-PLUGIN-SETUP)"],"duration":1,"failing":false,"failureDetails":[],"failureMessages":[],"fullName":"Plugin Default Export and Configs (Story 001.0-DEV-PLUGIN-SETUP) [REQ-CONFIG-SYSTEM] configs.strict contains same rules as recommended","invocations":1,"location":null,"numPassingAsserts":1,"retryReasons":[],"startAt":1763595859196,"status":"passed","title":"[REQ-CONFIG-SYSTEM] configs.strict contains same rules as recommended"}],"endTime":1763595859197,"message":"","name":"/Users/tomhoward/Projects/eslint-plugin-traceability/tests/plugin-default-export-and-configs.test.ts","startTime":1763595859178,"status":"passed","summary":""},{"assertionResults":[{"ancestorTitles":["updateAnnotationReferences (Story 009.0-DEV-MAINTENANCE-TOOLS)"],"duration":1,"failing":false,"failureDetails":[],"failureMessages":[],"fullName":"updateAnnotationReferences (Story 009.0-DEV-MAINTENANCE-TOOLS) [REQ-MAINT-UPDATE] should return 0 when no updates made","invocations":1,"location":null,"numPassingAsserts":1,"retryReasons":[],"startAt":1763595859213,"status":"passed","title":"[REQ-MAINT-UPDATE] should return 0 when no updates made"}],"endTime":1763595859214,"message":"","name":"/Users/tomhoward/Projects/eslint-plugin-traceability/tests/maintenance/update.test.ts","startTime":1763595859200,"status":"passed","summary":""},{"assertionResults":[{"ancestorTitles":["detectStaleAnnotations isolated (Story 009.0-DEV-MAINTENANCE-TOOLS)"],"duration":1,"failing":false,"failureDetails":[],"failureMessages":[],"fullName":"detectStaleAnnotations isolated (Story 009.0-DEV-MAINTENANCE-TOOLS) [REQ-MAINT-DETECT] returns empty array when directory does not exist","invocations":1,"location":null,"numPassingAsserts":1,"retryReasons":[],"startAt":1763595859229,"status":"passed","title":"[REQ-MAINT-DETECT] returns empty array when directory does not exist"},{"ancestorTitles":["detectStaleAnnotations isolated (Story 009.0-DEV-MAINTENANCE-TOOLS)"],"duration":2,"failing":false,"failureDetails":[],"failureMessages":[],"fullName":"detectStaleAnnotations isolated (Story 009.0-DEV-MAINTENANCE-TOOLS) [REQ-MAINT-DETECT] detects stale annotations in nested directories","invocations":1,"location":null,"numPassingAsserts":3,"retryReasons":[],"startAt":1763595859230,"status":"passed","title":"[REQ-MAINT-DETECT] detects stale annotations in nested directories"},{"ancestorTitles":["detectStaleAnnotations isolated (Story 009.0-DEV-MAINTENANCE-TOOLS)"],"duration":5,"failing":false,"failureDetails":[],"failureMessages":[],"fullName":"detectStaleAnnotations isolated (Story 009.0-DEV-MAINTENANCE-TOOLS) [REQ-MAINT-DETECT] throws error on permission denied","invocations":1,"location":null,"numPassingAsserts":1,"retryReasons":[],"startAt":1763595859232,"status":"passed","title":"[REQ-MAINT-DETECT] throws error on permission denied"}],"endTime":1763595859237,"message":"","name":"/Users/tomhoward/Projects/eslint-plugin-traceability/tests/maintenance/detect-isolated.test.ts","startTime":1763595859216,"status":"passed","summary":""},{"assertionResults":[{"ancestorTitles":["generateMaintenanceReport (Story 009.0-DEV-MAINTENANCE-TOOLS)"],"duration":0,"failing":false,"failureDetails":[],"failureMessages":[],"fullName":"generateMaintenanceReport (Story 009.0-DEV-MAINTENANCE-TOOLS) [REQ-MAINT-REPORT] should return empty string when no operations","invocations":1,"location":null,"numPassingAsserts":1,"retryReasons":[],"startAt":1763595859254,"status":"passed","title":"[REQ-MAINT-REPORT] should return empty string when no operations"},{"ancestorTitles":["generateMaintenanceReport (Story 009.0-DEV-MAINTENANCE-TOOLS)"],"duration":1,"failing":false,"failureDetails":[],"failureMessages":[],"fullName":"generateMaintenanceReport (Story 009.0-DEV-MAINTENANCE-TOOLS) [REQ-MAINT-REPORT] should report stale story annotation","invocations":1,"location":null,"numPassingAsserts":1,"retryReasons":[],"startAt":1763595859254,"status":"passed","title":"[REQ-MAINT-REPORT] should report stale story annotation"}],"endTime":1763595859256,"message":"","name":"/Users/tomhoward/Projects/eslint-plugin-traceability/tests/maintenance/report.test.ts","startTime":1763595859240,"status":"passed","summary":""},{"assertionResults":[{"ancestorTitles":["Maintenance Tools Index Exports (Story 009.0-DEV-MAINTENANCE-TOOLS)"],"duration":1,"failing":false,"failureDetails":[],"failureMessages":[],"fullName":"Maintenance Tools Index Exports (Story 009.0-DEV-MAINTENANCE-TOOLS) [REQ-MAINT-DETECT] should export detectStaleAnnotations as a function","invocations":1,"location":null,"numPassingAsserts":1,"retryReasons":[],"startAt":1763595859269,"status":"passed","title":"[REQ-MAINT-DETECT] should export detectStaleAnnotations as a function"},{"ancestorTitles":["Maintenance Tools Index Exports (Story 009.0-DEV-MAINTENANCE-TOOLS)"],"duration":0,"failing":false,"failureDetails":[],"failureMessages":[],"fullName":"Maintenance Tools Index Exports (Story 009.0-DEV-MAINTENANCE-TOOLS) [REQ-MAINT-UPDATE] should export updateAnnotationReferences as a function","invocations":1,"location":null,"numPassingAsserts":1,"retryReasons":[],"startAt":1763595859270,"status":"passed","title":"[REQ-MAINT-UPDATE] should export updateAnnotationReferences as a function"},{"ancestorTitles":["Maintenance Tools Index Exports (Story 009.0-DEV-MAINTENANCE-TOOLS)"],"duration":1,"failing":false,"failureDetails":[],"failureMessages":[],"fullName":"Maintenance Tools Index Exports (Story 009.0-DEV-MAINTENANCE-TOOLS) [REQ-MAINT-BATCH] should export batchUpdateAnnotations as a function","invocations":1,"location":null,"numPassingAsserts":1,"retryReasons":[],"startAt":1763595859270,"status":"passed","title":"[REQ-MAINT-BATCH] should export batchUpdateAnnotations as a function"},{"ancestorTitles":["Maintenance Tools Index Exports (Story 009.0-DEV-MAINTENANCE-TOOLS)"],"duration":0,"failing":false,"failureDetails":[],"failureMessages":[],"fullName":"Maintenance Tools Index Exports (Story 009.0-DEV-MAINTENANCE-TOOLS) [REQ-MAINT-VERIFY] should export verifyAnnotations as a function","invocations":1,"location":null,"numPassingAsserts":1,"retryReasons":[],"startAt":1763595859271,"status":"passed","title":"[REQ-MAINT-VERIFY] should export verifyAnnotations as a function"},{"ancestorTitles":["Maintenance Tools Index Exports (Story 009.0-DEV-MAINTENANCE-TOOLS)"],"duration":0,"failing":false,"failureDetails":[],"failureMessages":[],"fullName":"Maintenance Tools Index Exports (Story 009.0-DEV-MAINTENANCE-TOOLS) [REQ-MAINT-REPORT] should export generateMaintenanceReport as a function","invocations":1,"location":null,"numPassingAsserts":1,"retryReasons":[],"startAt":1763595859271,"status":"passed","title":"[REQ-MAINT-REPORT] should export generateMaintenanceReport as a function"}],"endTime":1763595859272,"message":"","name":"/Users/tomhoward/Projects/eslint-plugin-traceability/tests/maintenance/index.test.ts","startTime":1763595859258,"status":"passed","summary":""},{"assertionResults":[{"ancestorTitles":["detectStaleAnnotations (Story 009.0-DEV-MAINTENANCE-TOOLS)"],"duration":1,"failing":false,"failureDetails":[],"failureMessages":[],"fullName":"detectStaleAnnotations (Story 009.0-DEV-MAINTENANCE-TOOLS) [REQ-MAINT-DETECT] should return empty array when no stale annotations","invocations":1,"location":null,"numPassingAsserts":1,"retryReasons":[],"startAt":1763595859286,"status":"passed","title":"[REQ-MAINT-DETECT] should return empty array when no stale annotations"},{"ancestorTitles":["detectStaleAnnotations (Story 009.0-DEV-MAINTENANCE-TOOLS)"],"duration":1,"failing":false,"failureDetails":[],"failureMessages":[],"fullName":"detectStaleAnnotations (Story 009.0-DEV-MAINTENANCE-TOOLS) [REQ-MAINT-DETECT] should detect stale annotation references","invocations":1,"location":null,"numPassingAsserts":2,"retryReasons":[],"startAt":1763595859287,"status":"passed","title":"[REQ-MAINT-DETECT] should detect stale annotation references"}],"endTime":1763595859289,"message":"","name":"/Users/tomhoward/Projects/eslint-plugin-traceability/tests/maintenance/detect.test.ts","startTime":1763595859276,"status":"passed","summary":""},{"assertionResults":[{"ancestorTitles":["ESLint Configuration Setup (Story 002.0-DEV-ESLINT-CONFIG)"],"duration":0,"failing":false,"failureDetails":[],"failureMessages":[],"fullName":"ESLint Configuration Setup (Story 002.0-DEV-ESLINT-CONFIG) [REQ-RULE-OPTIONS] rule meta.schema defines expected properties","invocations":1,"location":null,"numPassingAsserts":3,"retryReasons":[],"startAt":1763595859305,"status":"passed","title":"[REQ-RULE-OPTIONS] rule meta.schema defines expected properties"},{"ancestorTitles":["ESLint Configuration Setup (Story 002.0-DEV-ESLINT-CONFIG)"],"duration":1,"failing":false,"failureDetails":[],"failureMessages":[],"fullName":"ESLint Configuration Setup (Story 002.0-DEV-ESLINT-CONFIG) [REQ-CONFIG-VALIDATION] schema disallows unknown options","invocations":1,"location":null,"numPassingAsserts":1,"retryReasons":[],"startAt":1763595859305,"status":"passed","title":"[REQ-CONFIG-VALIDATION] schema disallows unknown options"}],"endTime":1763595859306,"message":"","name":"/Users/tomhoward/Projects/eslint-plugin-traceability/tests/config/eslint-config-validation.test.ts","startTime":1763595859291,"status":"passed","summary":""},{"assertionResults":[{"ancestorTitles":["validateBranchTypes helper"],"duration":1,"failing":false,"failureDetails":[],"failureMessages":[],"fullName":"validateBranchTypes helper should return default branch types when no options provided","invocations":1,"location":null,"numPassingAsserts":2,"retryReasons":[],"startAt":1763595859321,"status":"passed","title":"should return default branch types when no options provided"},{"ancestorTitles":["validateBranchTypes helper"],"duration":1,"failing":false,"failureDetails":[],"failureMessages":[],"fullName":"validateBranchTypes helper should return custom branch types when valid options provided","invocations":1,"location":null,"numPassingAsserts":2,"retryReasons":[],"startAt":1763595859322,"status":"passed","title":"should return custom branch types when valid options provided"},{"ancestorTitles":["validateBranchTypes helper"],"duration":1,"failing":false,"failureDetails":[],"failureMessages":[],"fullName":"validateBranchTypes helper should return listener when invalid branch types provided and report errors","invocations":1,"location":null,"numPassingAsserts":5,"retryReasons":[],"startAt":1763595859323,"status":"passed","title":"should return listener when invalid branch types provided and report errors"}],"endTime":1763595859325,"message":"","name":"/Users/tomhoward/Projects/eslint-plugin-traceability/tests/utils/branch-annotation-helpers.test.ts","startTime":1763595859311,"status":"passed","summary":""},{"assertionResults":[{"ancestorTitles":["Traceability ESLint Plugin Error Handling (Story 001.0-DEV-PLUGIN-SETUP)"],"duration":4,"failing":false,"failureDetails":[],"failureMessages":[],"fullName":"Traceability ESLint Plugin Error Handling (Story 001.0-DEV-PLUGIN-SETUP) [REQ-ERROR-HANDLING] should report error loading rule and provide placeholder rule","invocations":1,"location":null,"numPassingAsserts":4,"retryReasons":[],"startAt":1763595859338,"status":"passed","title":"[REQ-ERROR-HANDLING] should report error loading rule and provide placeholder rule"}],"endTime":1763595859343,"message":"","name":"/Users/tomhoward/Projects/eslint-plugin-traceability/tests/plugin-setup-error.test.ts","startTime":1763595859327,"status":"passed","summary":""},{"assertionResults":[{"ancestorTitles":["updateAnnotationReferences isolated (Story 009.0-DEV-MAINTENANCE-TOOLS)"],"duration":2,"failing":false,"failureDetails":[],"failureMessages":[],"fullName":"updateAnnotationReferences isolated (Story 009.0-DEV-MAINTENANCE-TOOLS) [REQ-MAINT-UPDATE] updates @story annotations in files","invocations":1,"location":null,"numPassingAsserts":2,"retryReasons":[],"startAt":1763595859356,"status":"passed","title":"[REQ-MAINT-UPDATE] updates @story annotations in files"},{"ancestorTitles":["updateAnnotationReferences isolated (Story 009.0-DEV-MAINTENANCE-TOOLS)"],"duration":0,"failing":false,"failureDetails":[],"failureMessages":[],"fullName":"updateAnnotationReferences isolated (Story 009.0-DEV-MAINTENANCE-TOOLS) [REQ-MAINT-UPDATE] should return 0 when directory does not exist","invocations":1,"location":null,"numPassingAsserts":1,"retryReasons":[],"startAt":1763595859358,"status":"passed","title":"[REQ-MAINT-UPDATE] should return 0 when directory does not exist"}],"endTime":1763595859359,"message":"","name":"/Users/tomhoward/Projects/eslint-plugin-traceability/tests/maintenance/update-isolated.test.ts","startTime":1763595859345,"status":"passed","summary":""},{"assertionResults":[{"ancestorTitles":["Traceability ESLint Plugin (Story 001.0-DEV-PLUGIN-SETUP)"],"duration":1,"failing":false,"failureDetails":[],"failureMessages":[],"fullName":"Traceability ESLint Plugin (Story 001.0-DEV-PLUGIN-SETUP) [REQ-PLUGIN-STRUCTURE] plugin exports rules and configs","invocations":1,"location":null,"numPassingAsserts":6,"retryReasons":[],"startAt":1763595859374,"status":"passed","title":"[REQ-PLUGIN-STRUCTURE] plugin exports rules and configs"}],"endTime":1763595859375,"message":"","name":"/Users/tomhoward/Projects/eslint-plugin-traceability/tests/plugin-setup.test.ts","startTime":1763595859361,"status":"passed","summary":""},{"assertionResults":[{"ancestorTitles":["ESLint Configuration Rule Options (Story 002.0-DEV-ESLINT-CONFIG)"],"duration":1,"failing":false,"failureDetails":[],"failureMessages":[],"fullName":"ESLint Configuration Rule Options (Story 002.0-DEV-ESLINT-CONFIG) [REQ-RULE-OPTIONS] require-story-annotation schema defines expected properties","invocations":1,"location":null,"numPassingAsserts":3,"retryReasons":[],"startAt":1763595859387,"status":"passed","title":"[REQ-RULE-OPTIONS] require-story-annotation schema defines expected properties"}],"endTime":1763595859388,"message":"","name":"/Users/tomhoward/Projects/eslint-plugin-traceability/tests/config/require-story-annotation-config.test.ts","startTime":1763595859378,"status":"passed","summary":""}],"wasInterrupted":false}
